<?xml version="1.0" encoding="UTF-8"?>
<!-- Generated by org.testng.reporters.JUnitXMLReporter -->
<testsuite hostname="C3PO" ignored="2" name="User Tests" tests="3" failures="3" timestamp="2022-11-11T18:01:23 BRT" time="26.282" errors="0">
  <testcase name="deveInformarEnderecoEscolhidoNavBar" time="2.843" classname="br.com.Ifood.steps.LandingSteps">
    <failure type="java.lang.AssertionError" message="expected [R. Prof. Geraldo Rosa,
588] but found [R. Uberlândia,
588]">
      <![CDATA[java.lang.AssertionError: expected [R. Prof. Geraldo Rosa,
588] but found [R. Uberlândia,
588]
at br.com.Ifood.steps.LandingSteps.deveInformarEnderecoEscolhidoNavBar(LandingSteps.java:22)
at java.util.ArrayList.forEach(ArrayList.java:1259)
... Removed 37 stack frames]]>
    </failure>
  </testcase> <!-- deveInformarEnderecoEscolhidoNavBar -->
  <testcase name="deveInformarUsuarioParaBuscarEnderecoCasoCampoEstejaVazio" time="5.033" classname="br.com.Ifood.steps.LandingSteps">
    <failure type="org.openqa.selenium.NoSuchElementException" message="no such element: Unable to locate element: {&amp;quot;method&amp;quot;:&amp;quot;css selector&amp;quot;,&amp;quot;selector&amp;quot;:&amp;quot;body &amp;gt; div:nth-child(11) &amp;gt; div &amp;gt; div &amp;gt; div &amp;gt; div &amp;gt; div &amp;gt; div:nth-child(1) &amp;gt; div &amp;gt; div &amp;gt; div.address-list-step__container.address-list-step__container--visible &amp;gt; div.address-search-input.address-search-input--role-button &amp;gt; button.address-search-input__button&amp;quot;}
  (Session info: chrome=107.0.5304.107)
For documentation on this error, please visit: https://selenium.dev/exceptions/#no_such_element
Build info: version: &amp;apos;4.1.2&amp;apos;, revision: &amp;apos;9a5a329c5a&amp;apos;
System info: host: &amp;apos;C3PO&amp;apos;, ip: &amp;apos;192.168.100.10&amp;apos;, os.name: &amp;apos;Windows 11&amp;apos;, os.arch: &amp;apos;amd64&amp;apos;, os.version: &amp;apos;10.0&amp;apos;, java.version: &amp;apos;1.8.0_352&amp;apos;
Driver info: org.openqa.selenium.chrome.ChromeDriver
Command: [6b8724ba5d355563a549ec900ff1fda3, findElement {using=css selector, value=body &amp;gt; div:nth-child(11) &amp;gt; div &amp;gt; div &amp;gt; div &amp;gt; div &amp;gt; div &amp;gt; div:nth-child(1) &amp;gt; div &amp;gt; div &amp;gt; div.address-list-step__container.address-list-step__container--visible &amp;gt; div.address-search-input.address-search-input--role-button &amp;gt; button.address-search-input__button}]
Capabilities {acceptInsecureCerts: false, browserName: chrome, browserVersion: 107.0.5304.107, chrome: {chromedriverVersion: 107.0.5304.62 (1eec40d3a576..., userDataDir: C:\Users\alain\AppData\Loca...}, goog:chromeOptions: {debuggerAddress: localhost:53417}, javascriptEnabled: true, networkConnectionEnabled: false, pageLoadStrategy: normal, platform: WINDOWS, platformName: WINDOWS, proxy: Proxy(), se:cdp: ws://localhost:53417/devtoo..., se:cdpVersion: 107.0.5304.107, setWindowRect: true, strictFileInteractability: false, timeouts: {implicit: 0, pageLoad: 300000, script: 30000}, unhandledPromptBehavior: dismiss and notify, webauthn:extension:credBlob: true, webauthn:extension:largeBlob: true, webauthn:virtualAuthenticators: true}
Session ID: 6b8724ba5d355563a549ec900ff1fda3">
      <![CDATA[org.openqa.selenium.NoSuchElementException: no such element: Unable to locate element: {"method":"css selector","selector":"body > div:nth-child(11) > div > div > div > div > div > div:nth-child(1) > div > div > div.address-list-step__container.address-list-step__container--visible > div.address-search-input.address-search-input--role-button > button.address-search-input__button"}
  (Session info: chrome=107.0.5304.107)
For documentation on this error, please visit: https://selenium.dev/exceptions/#no_such_element
Build info: version: '4.1.2', revision: '9a5a329c5a'
System info: host: 'C3PO', ip: '192.168.100.10', os.name: 'Windows 11', os.arch: 'amd64', os.version: '10.0', java.version: '1.8.0_352'
Driver info: org.openqa.selenium.chrome.ChromeDriver
Command: [6b8724ba5d355563a549ec900ff1fda3, findElement {using=css selector, value=body > div:nth-child(11) > div > div > div > div > div > div:nth-child(1) > div > div > div.address-list-step__container.address-list-step__container--visible > div.address-search-input.address-search-input--role-button > button.address-search-input__button}]
Capabilities {acceptInsecureCerts: false, browserName: chrome, browserVersion: 107.0.5304.107, chrome: {chromedriverVersion: 107.0.5304.62 (1eec40d3a576..., userDataDir: C:\Users\alain\AppData\Loca...}, goog:chromeOptions: {debuggerAddress: localhost:53417}, javascriptEnabled: true, networkConnectionEnabled: false, pageLoadStrategy: normal, platform: WINDOWS, platformName: WINDOWS, proxy: Proxy(), se:cdp: ws://localhost:53417/devtoo..., se:cdpVersion: 107.0.5304.107, setWindowRect: true, strictFileInteractability: false, timeouts: {implicit: 0, pageLoad: 300000, script: 30000}, unhandledPromptBehavior: dismiss and notify, webauthn:extension:credBlob: true, webauthn:extension:largeBlob: true, webauthn:virtualAuthenticators: true}
Session ID: 6b8724ba5d355563a549ec900ff1fda3
at org.openqa.selenium.remote.codec.w3c.W3CHttpResponseCodec.createException(W3CHttpResponseCodec.java:200)
at org.openqa.selenium.remote.codec.w3c.W3CHttpResponseCodec.decode(W3CHttpResponseCodec.java:133)
at org.openqa.selenium.remote.codec.w3c.W3CHttpResponseCodec.decode(W3CHttpResponseCodec.java:53)
at org.openqa.selenium.remote.HttpCommandExecutor.execute(HttpCommandExecutor.java:184)
at org.openqa.selenium.remote.service.DriverCommandExecutor.invokeExecute(DriverCommandExecutor.java:167)
at org.openqa.selenium.remote.service.DriverCommandExecutor.execute(DriverCommandExecutor.java:142)
at org.openqa.selenium.remote.RemoteWebDriver.execute(RemoteWebDriver.java:558)
at org.openqa.selenium.remote.ElementLocation$ElementFinder$2.findElement(ElementLocation.java:162)
at org.openqa.selenium.remote.ElementLocation.findElement(ElementLocation.java:60)
at org.openqa.selenium.remote.RemoteWebDriver.findElement(RemoteWebDriver.java:382)
at org.openqa.selenium.remote.RemoteWebDriver.findElement(RemoteWebDriver.java:374)
at br.com.Ifood.util.Elements.element(Elements.java:14)
at br.com.Ifood.pages.LandingPage.buscarCampoEndereco(LandingPage.java:63)
at br.com.Ifood.steps.LandingSteps.deveInformarUsuarioParaBuscarEnderecoCasoCampoEstejaVazio(LandingSteps.java:29)
at java.util.ArrayList.forEach(ArrayList.java:1259)
... Removed 35 stack frames]]>
    </failure>
  </testcase> <!-- deveInformarUsuarioParaBuscarEnderecoCasoCampoEstejaVazio -->
  <testcase name="deveRetornarMensagemErroAoInformarEnderecoInvalido" time="10.536" classname="br.com.Ifood.steps.LandingSteps">
    <failure type="org.openqa.selenium.TimeoutException" message="Expected condition failed: waiting for presence of element located by: By.cssSelector: body &amp;gt; div:nth-child(11) &amp;gt; div &amp;gt; div &amp;gt; div &amp;gt; div &amp;gt; div &amp;gt; div:nth-child(1) &amp;gt; div &amp;gt; div &amp;gt; div.address-list-step__container.address-list-step__container--visible &amp;gt; div.address-search-input.address-search-input--role-button &amp;gt; button.address-search-input__button (tried for 10 second(s) with 500 milliseconds interval)">
      <![CDATA[org.openqa.selenium.TimeoutException: Expected condition failed: waiting for presence of element located by: By.cssSelector: body > div:nth-child(11) > div > div > div > div > div > div:nth-child(1) > div > div > div.address-list-step__container.address-list-step__container--visible > div.address-search-input.address-search-input--role-button > button.address-search-input__button (tried for 10 second(s) with 500 milliseconds interval)
at org.openqa.selenium.support.ui.WebDriverWait.timeoutException(WebDriverWait.java:138)
at org.openqa.selenium.support.ui.FluentWait.until(FluentWait.java:231)
at br.com.Ifood.util.Elements.waitElement(Elements.java:19)
at br.com.Ifood.pages.BasePage.sendKeys(BasePage.java:16)
at br.com.Ifood.pages.LandingPage.preencherCampoEnderecoInvalido(LandingPage.java:34)
at br.com.Ifood.steps.LandingSteps.deveRetornarMensagemErroAoInformarEnderecoInvalido(LandingSteps.java:37)
at java.util.ArrayList.forEach(ArrayList.java:1259)
Caused by: org.openqa.selenium.NoSuchElementException: no such element: Unable to locate element: {"method":"css selector","selector":"body > div:nth-child(11) > div > div > div > div > div > div:nth-child(1) > div > div > div.address-list-step__container.address-list-step__container--visible > div.address-search-input.address-search-input--role-button > button.address-search-input__button"}
  (Session info: chrome=107.0.5304.107)
For documentation on this error, please visit: https://selenium.dev/exceptions/#no_such_element
Build info: version: '4.1.2', revision: '9a5a329c5a'
System info: host: 'C3PO', ip: '192.168.100.10', os.name: 'Windows 11', os.arch: 'amd64', os.version: '10.0', java.version: '1.8.0_352'
Driver info: org.openqa.selenium.chrome.ChromeDriver
Command: [6b8724ba5d355563a549ec900ff1fda3, findElement {using=css selector, value=body > div:nth-child(11) > div > div > div > div > div > div:nth-child(1) > div > div > div.address-list-step__container.address-list-step__container--visible > div.address-search-input.address-search-input--role-button > button.address-search-input__button}]
Capabilities {acceptInsecureCerts: false, browserName: chrome, browserVersion: 107.0.5304.107, chrome: {chromedriverVersion: 107.0.5304.62 (1eec40d3a576..., userDataDir: C:\Users\alain\AppData\Loca...}, goog:chromeOptions: {debuggerAddress: localhost:53417}, javascriptEnabled: true, networkConnectionEnabled: false, pageLoadStrategy: normal, platform: WINDOWS, platformName: WINDOWS, proxy: Proxy(), se:cdp: ws://localhost:53417/devtoo..., se:cdpVersion: 107.0.5304.107, setWindowRect: true, strictFileInteractability: false, timeouts: {implicit: 0, pageLoad: 300000, script: 30000}, unhandledPromptBehavior: dismiss and notify, webauthn:extension:credBlob: true, webauthn:extension:largeBlob: true, webauthn:virtualAuthenticators: true}
Session ID: 6b8724ba5d355563a549ec900ff1fda3
at org.openqa.selenium.remote.codec.w3c.W3CHttpResponseCodec.createException(W3CHttpResponseCodec.java:200)
at org.openqa.selenium.remote.codec.w3c.W3CHttpResponseCodec.decode(W3CHttpResponseCodec.java:133)
at org.openqa.selenium.remote.codec.w3c.W3CHttpResponseCodec.decode(W3CHttpResponseCodec.java:53)
at org.openqa.selenium.remote.HttpCommandExecutor.execute(HttpCommandExecutor.java:184)
at org.openqa.selenium.remote.service.DriverCommandExecutor.invokeExecute(DriverCommandExecutor.java:167)
at org.openqa.selenium.remote.service.DriverCommandExecutor.execute(DriverCommandExecutor.java:142)
at org.openqa.selenium.remote.RemoteWebDriver.execute(RemoteWebDriver.java:558)
at org.openqa.selenium.remote.ElementLocation$ElementFinder$2.findElement(ElementLocation.java:162)
at org.openqa.selenium.remote.ElementLocation.findElement(ElementLocation.java:60)
at org.openqa.selenium.remote.RemoteWebDriver.findElement(RemoteWebDriver.java:382)
at org.openqa.selenium.remote.RemoteWebDriver.findElement(RemoteWebDriver.java:374)
at org.openqa.selenium.support.ui.ExpectedConditions$6.apply(ExpectedConditions.java:174)
at org.openqa.selenium.support.ui.ExpectedConditions$6.apply(ExpectedConditions.java:171)
at org.openqa.selenium.support.ui.FluentWait.until(FluentWait.java:208)
... 36 more
... Removed 35 stack frames]]>
    </failure>
  </testcase> <!-- deveRetornarMensagemErroAoInformarEnderecoInvalido -->
  <testcase name="@BeforeTest abrirNavegador" time="0.0" classname="br.com.Ifood.steps.BaseSteps">
    <ignored/>
  </testcase> <!-- @BeforeTest abrirNavegador -->
  <testcase name="@AfterTest fecharNavegador" time="0.0" classname="br.com.Ifood.steps.BaseSteps">
    <ignored/>
  </testcase> <!-- @AfterTest fecharNavegador -->
</testsuite> <!-- User Tests -->
