<?xml version="1.0" encoding="UTF-8"?>
<!-- Generated by org.testng.reporters.JUnitXMLReporter -->
<testsuite hostname="C3PO" ignored="0" name="User Tests" tests="11" failures="4" timestamp="2022-11-12T17:19:49 BRT" time="121.202" errors="0">
  <testcase name="deveDesabilitarBtnSalvarEnderecoCasoNumeroNaoSejaInformado" time="2.239" classname="br.com.ifood.steps.LandingSteps"/>
  <testcase name="deveInformarEnderecoEscolhidoNavBar" time="2.865" classname="br.com.ifood.steps.LandingSteps">
    <failure type="java.lang.AssertionError" message="expected [R. Prof. Geraldo Rosa,
588] but found [R. Uberlândia,
588]">
      <![CDATA[java.lang.AssertionError: expected [R. Prof. Geraldo Rosa,
588] but found [R. Uberlândia,
588]
at br.com.ifood.steps.LandingSteps.deveInformarEnderecoEscolhidoNavBar(LandingSteps.java:25)
at java.util.ArrayList.forEach(ArrayList.java:1259)
... Removed 37 stack frames]]>
    </failure>
  </testcase> <!-- deveInformarEnderecoEscolhidoNavBar -->
  <testcase name="deveInformarUsuarioParaBuscarEnderecoCasoCampoEstejaVazio" time="0.036" classname="br.com.ifood.steps.LandingSteps"/>
  <testcase name="deveManterBtnDesabilitadoCasoSejaDigitadoValorInvalido" time="2.38" classname="br.com.ifood.steps.LandingSteps">
    <failure type="java.lang.AssertionError" message="expected [null] but found [true]">
      <![CDATA[java.lang.AssertionError: expected [null] but found [true]
at br.com.ifood.steps.LandingSteps.deveManterBtnDesabilitadoCasoSejaDigitadoValorInvalido(LandingSteps.java:80)
at java.util.ArrayList.forEach(ArrayList.java:1259)
... Removed 37 stack frames]]>
    </failure>
  </testcase> <!-- deveManterBtnDesabilitadoCasoSejaDigitadoValorInvalido -->
  <testcase name="devePedirNumeroDoEnderecoCasoNaoSejaInformado" time="2.154" classname="br.com.ifood.steps.LandingSteps"/>
  <testcase name="deveRetornarMensagemErroAoInformarEnderecoInvalido" time="1.384" classname="br.com.ifood.steps.LandingSteps"/>
  <testcase name="testeDeveRedirecionarParaAPaginaDaLoja" time="8.931" classname="br.com.ifood.steps.HomeSteps"/>
  <testcase name="testeVerficarQuartoBannerEstaAtivo" time="13.633" classname="br.com.ifood.steps.HomeSteps">
    <failure type="org.openqa.selenium.NoSuchElementException" message="no such element: Unable to locate element: {&amp;quot;method&amp;quot;:&amp;quot;css selector&amp;quot;,&amp;quot;selector&amp;quot;:&amp;quot;#__next &amp;gt; div:nth-child(1) &amp;gt; main &amp;gt; div &amp;gt; div.content-container.cardstack-home &amp;gt; section &amp;gt; article:nth-child(1) &amp;gt; section:nth-child(2) &amp;gt; ul &amp;gt; div &amp;gt; div.swiper-wrapper &amp;gt; div.swiper-slide.swiper-slide-active&amp;quot;}
  (Session info: chrome=107.0.5304.107)
For documentation on this error, please visit: https://selenium.dev/exceptions/#no_such_element
Build info: version: &amp;apos;4.6.0&amp;apos;, revision: &amp;apos;79f1c02ae20&amp;apos;
System info: os.name: &amp;apos;Windows 11&amp;apos;, os.arch: &amp;apos;amd64&amp;apos;, os.version: &amp;apos;10.0&amp;apos;, java.version: &amp;apos;1.8.0_352&amp;apos;
Driver info: org.openqa.selenium.chrome.ChromeDriver
Command: [7b3c505cc627821247867366b43cc04a, findElement {using=css selector, value=#__next &amp;gt; div:nth-child(1) &amp;gt; main &amp;gt; div &amp;gt; div.content-container.cardstack-home &amp;gt; section &amp;gt; article:nth-child(1) &amp;gt; section:nth-child(2) &amp;gt; ul &amp;gt; div &amp;gt; div.swiper-wrapper &amp;gt; div.swiper-slide.swiper-slide-active}]
Capabilities {acceptInsecureCerts: false, browserName: chrome, browserVersion: 107.0.5304.107, chrome: {chromedriverVersion: 107.0.5304.62 (1eec40d3a576..., userDataDir: C:\Users\alain\AppData\Loca...}, goog:chromeOptions: {debuggerAddress: localhost:56723}, networkConnectionEnabled: false, pageLoadStrategy: normal, platformName: WINDOWS, proxy: Proxy(), se:cdp: ws://localhost:56723/devtoo..., se:cdpVersion: 107.0.5304.107, setWindowRect: true, strictFileInteractability: false, timeouts: {implicit: 0, pageLoad: 300000, script: 30000}, unhandledPromptBehavior: dismiss and notify, webauthn:extension:credBlob: true, webauthn:extension:largeBlob: true, webauthn:virtualAuthenticators: true}
Session ID: 7b3c505cc627821247867366b43cc04a">
      <![CDATA[org.openqa.selenium.NoSuchElementException: no such element: Unable to locate element: {"method":"css selector","selector":"#__next > div:nth-child(1) > main > div > div.content-container.cardstack-home > section > article:nth-child(1) > section:nth-child(2) > ul > div > div.swiper-wrapper > div.swiper-slide.swiper-slide-active"}
  (Session info: chrome=107.0.5304.107)
For documentation on this error, please visit: https://selenium.dev/exceptions/#no_such_element
Build info: version: '4.6.0', revision: '79f1c02ae20'
System info: os.name: 'Windows 11', os.arch: 'amd64', os.version: '10.0', java.version: '1.8.0_352'
Driver info: org.openqa.selenium.chrome.ChromeDriver
Command: [7b3c505cc627821247867366b43cc04a, findElement {using=css selector, value=#__next > div:nth-child(1) > main > div > div.content-container.cardstack-home > section > article:nth-child(1) > section:nth-child(2) > ul > div > div.swiper-wrapper > div.swiper-slide.swiper-slide-active}]
Capabilities {acceptInsecureCerts: false, browserName: chrome, browserVersion: 107.0.5304.107, chrome: {chromedriverVersion: 107.0.5304.62 (1eec40d3a576..., userDataDir: C:\Users\alain\AppData\Loca...}, goog:chromeOptions: {debuggerAddress: localhost:56723}, networkConnectionEnabled: false, pageLoadStrategy: normal, platformName: WINDOWS, proxy: Proxy(), se:cdp: ws://localhost:56723/devtoo..., se:cdpVersion: 107.0.5304.107, setWindowRect: true, strictFileInteractability: false, timeouts: {implicit: 0, pageLoad: 300000, script: 30000}, unhandledPromptBehavior: dismiss and notify, webauthn:extension:credBlob: true, webauthn:extension:largeBlob: true, webauthn:virtualAuthenticators: true}
Session ID: 7b3c505cc627821247867366b43cc04a
at org.openqa.selenium.remote.codec.w3c.W3CHttpResponseCodec.createException(W3CHttpResponseCodec.java:200)
at org.openqa.selenium.remote.codec.w3c.W3CHttpResponseCodec.decode(W3CHttpResponseCodec.java:133)
at org.openqa.selenium.remote.codec.w3c.W3CHttpResponseCodec.decode(W3CHttpResponseCodec.java:53)
at org.openqa.selenium.remote.HttpCommandExecutor.execute(HttpCommandExecutor.java:184)
at org.openqa.selenium.remote.service.DriverCommandExecutor.invokeExecute(DriverCommandExecutor.java:167)
at org.openqa.selenium.remote.service.DriverCommandExecutor.execute(DriverCommandExecutor.java:142)
at org.openqa.selenium.remote.RemoteWebDriver.execute(RemoteWebDriver.java:541)
at org.openqa.selenium.remote.ElementLocation$ElementFinder$2.findElement(ElementLocation.java:162)
at org.openqa.selenium.remote.ElementLocation.findElement(ElementLocation.java:60)
at org.openqa.selenium.remote.RemoteWebDriver.findElement(RemoteWebDriver.java:365)
at org.openqa.selenium.remote.RemoteWebDriver.findElement(RemoteWebDriver.java:357)
at br.com.ifood.util.Elements.element(Elements.java:12)
at br.com.ifood.pages.HomePage.verificarClasseQuartoBanner(HomePage.java:111)
at br.com.ifood.steps.HomeSteps.testeVerficarQuartoBannerEstaAtivo(HomeSteps.java:29)
at java.util.ArrayList.forEach(ArrayList.java:1259)
... Removed 35 stack frames]]>
    </failure>
  </testcase> <!-- testeVerficarQuartoBannerEstaAtivo -->
  <testcase name="testeVerificarBotaoSwipeDisabledCasoAListaAcabe" time="6.058" classname="br.com.ifood.steps.HomeSteps"/>
  <testcase name="testeVerificarImagemTrocaDeTamanho" time="5.514" classname="br.com.ifood.steps.HomeSteps"/>
  <testcase name="testeVerificarSeListaAumentaAoClicarVerMais" time="4.402" classname="br.com.ifood.steps.HomeSteps">
    <failure type="java.lang.AssertionError" message="did not expect [20] but found [20]">
      <![CDATA[java.lang.AssertionError: did not expect [20] but found [20]
at br.com.ifood.steps.HomeSteps.testeVerificarSeListaAumentaAoClicarVerMais(HomeSteps.java:54)
at java.util.ArrayList.forEach(ArrayList.java:1259)
... Removed 36 stack frames]]>
    </failure>
  </testcase> <!-- testeVerificarSeListaAumentaAoClicarVerMais -->
</testsuite> <!-- User Tests -->
