<?xml version="1.0" encoding="UTF-8"?>
<!-- Generated by org.testng.reporters.JUnitXMLReporter -->
<testsuite hostname="DBC-000564" ignored="0" name="User Tests" tests="15" failures="3" timestamp="2022-11-12T14:49:28 GMT-03:00" time="214.356" errors="0">
  <testcase name="deveDesabilitarBtnSalvarEnderecoCasoNumeroNaoSejaInformado" time="2.827" classname="br.com.ifood.steps.LandingSteps"/>
  <testcase name="deveInformarEnderecoEscolhidoNavBar" time="4.678" classname="br.com.ifood.steps.LandingSteps"/>
  <testcase name="deveInformarUsuarioParaBuscarEnderecoCasoCampoEstejaVazio" time="0.131" classname="br.com.ifood.steps.LandingSteps"/>
  <testcase name="deveManterBtnDesabilitadoCasoSejaDigitadoValorInvalido" time="2.767" classname="br.com.ifood.steps.LandingSteps">
    <failure type="java.lang.AssertionError" message="expected [null] but found [true]">
      <![CDATA[java.lang.AssertionError: expected [null] but found [true]
at br.com.ifood.steps.LandingSteps.deveManterBtnDesabilitadoCasoSejaDigitadoValorInvalido(LandingSteps.java:78)
at java.util.ArrayList.forEach(ArrayList.java:1259)
... Removed 37 stack frames]]>
    </failure>
  </testcase> <!-- deveManterBtnDesabilitadoCasoSejaDigitadoValorInvalido -->
  <testcase name="devePedirNumeroDoEnderecoCasoNaoSejaInformado" time="2.462" classname="br.com.ifood.steps.LandingSteps"/>
  <testcase name="deveRetornarMensagemErroAoInformarEnderecoInvalido" time="2.075" classname="br.com.ifood.steps.LandingSteps"/>
  <testcase name="testeDeveRedirecionarParaAPaginaDaLoja" time="26.706" classname="br.com.ifood.steps.HomeSteps"/>
  <testcase name="testeVerficarQuartoBannerEstaAtivo" time="7.207" classname="br.com.ifood.steps.HomeSteps"/>
  <testcase name="testeVerificarBotaoSwipeDisabledCasoAListaAcabe" time="6.82" classname="br.com.ifood.steps.HomeSteps"/>
  <testcase name="testeVerificarImagemTrocaDeTamanho" time="8.86" classname="br.com.ifood.steps.HomeSteps"/>
  <testcase name="testeVerificarSeListaAumentaAoClicarVerMais" time="6.666" classname="br.com.ifood.steps.HomeSteps">
    <failure type="java.lang.AssertionError" message="did not expect [20] but found [20]">
      <![CDATA[java.lang.AssertionError: did not expect [20] but found [20]
at br.com.ifood.steps.HomeSteps.testeVerificarSeListaAumentaAoClicarVerMais(HomeSteps.java:52)
at java.util.ArrayList.forEach(ArrayList.java:1259)
... Removed 36 stack frames]]>
    </failure>
  </testcase> <!-- testeVerificarSeListaAumentaAoClicarVerMais -->
  <testcase name="testeDeveAdicionarItemAoCarrinho" time="24.219" classname="br.com.ifood.steps.NavbarSteps">
    <failure type="java.lang.AssertionError" message="expected [1x Cerveja de Trigo Hoegaarden 330ml] but found []">
      <![CDATA[java.lang.AssertionError: expected [1x Cerveja de Trigo Hoegaarden 330ml] but found []
at br.com.ifood.steps.NavbarSteps.testeDeveAdicionarItemAoCarrinho(NavbarSteps.java:61)
at java.util.ArrayList.forEach(ArrayList.java:1259)
... Removed 37 stack frames]]>
    </failure>
  </testcase> <!-- testeDeveAdicionarItemAoCarrinho -->
  <testcase name="testeDeveInformarQueOCarrinhoEstaVazio" time="4.242" classname="br.com.ifood.steps.NavbarSteps"/>
  <testcase name="testeDeveRetornarProdutoNaoEncontrado" time="6.485" classname="br.com.ifood.steps.NavbarSteps"/>
  <testcase name="testeListarProdutoOuLojaBuscada" time="4.712" classname="br.com.ifood.steps.NavbarSteps"/>
</testsuite> <!-- User Tests -->
