<?xml version="1.0" encoding="UTF-8"?>
<!-- Generated by org.testng.reporters.JUnitXMLReporter -->
<testsuite hostname="C3PO" ignored="0" name="User Tests" tests="10" failures="5" timestamp="2022-11-12T13:28:44 BRT" time="101.681" errors="0">
  <testcase name="deveDesabilitarBtnSalvarEnderecoCasoNumeroNaoSejaInformado" time="2.365" classname="br.com.ifood.steps.LandingSteps"/>
  <testcase name="deveExiberMensagemErroCasoUsuarioInformeLetrasNoCampoNumero" time="3.109" classname="br.com.ifood.steps.LandingSteps">
    <failure type="java.lang.AssertionError" message="expected [null] but found [true]">
      <![CDATA[java.lang.AssertionError: expected [null] but found [true]
at br.com.ifood.steps.LandingSteps.deveExiberMensagemErroCasoUsuarioInformeLetrasNoCampoNumero(LandingSteps.java:82)
at java.util.ArrayList.forEach(ArrayList.java:1259)
... Removed 37 stack frames]]>
    </failure>
  </testcase> <!-- deveExiberMensagemErroCasoUsuarioInformeLetrasNoCampoNumero -->
  <testcase name="deveInformarEnderecoEscolhidoNavBar" time="2.614" classname="br.com.ifood.steps.LandingSteps">
    <failure type="java.lang.AssertionError" message="expected [] but found [R. Uberlândia,
588]">
      <![CDATA[java.lang.AssertionError: expected [] but found [R. Uberlândia,
588]
at br.com.ifood.steps.LandingSteps.deveInformarEnderecoEscolhidoNavBar(LandingSteps.java:26)
at java.util.ArrayList.forEach(ArrayList.java:1259)
... Removed 37 stack frames]]>
    </failure>
  </testcase> <!-- deveInformarEnderecoEscolhidoNavBar -->
  <testcase name="deveInformarUsuarioParaBuscarEnderecoCasoCampoEstejaVazio" time="0.03" classname="br.com.ifood.steps.LandingSteps"/>
  <testcase name="devePedirNumeroDoEnderecoCasoNaoSejaInformado" time="1.983" classname="br.com.ifood.steps.LandingSteps"/>
  <testcase name="deveRetornarMensagemErroAoInformarEnderecoInvalido" time="1.426" classname="br.com.ifood.steps.LandingSteps"/>
  <testcase name="testeVerficarQuartoBannerEstaAtivo" time="9.039" classname="br.com.ifood.steps.HomeSteps">
    <failure type="org.openqa.selenium.NoSuchElementException" message="no such element: Unable to locate element: {&amp;quot;method&amp;quot;:&amp;quot;css selector&amp;quot;,&amp;quot;selector&amp;quot;:&amp;quot;#__next &amp;gt; div:nth-child(1) &amp;gt; main &amp;gt; div &amp;gt; div.content-container.cardstack-home &amp;gt; section &amp;gt; article:nth-child(1) &amp;gt; section:nth-child(2) &amp;gt; ul &amp;gt; div &amp;gt; div.swiper-wrapper &amp;gt; div.swiper-slide.swiper-slide-active&amp;quot;}
  (Session info: headless chrome=107.0.5304.107)
For documentation on this error, please visit: https://selenium.dev/exceptions/#no_such_element
Build info: version: &amp;apos;4.1.2&amp;apos;, revision: &amp;apos;9a5a329c5a&amp;apos;
System info: host: &amp;apos;C3PO&amp;apos;, ip: &amp;apos;192.168.100.10&amp;apos;, os.name: &amp;apos;Windows 11&amp;apos;, os.arch: &amp;apos;amd64&amp;apos;, os.version: &amp;apos;10.0&amp;apos;, java.version: &amp;apos;1.8.0_352&amp;apos;
Driver info: org.openqa.selenium.chrome.ChromeDriver
Command: [31b58417f581d7e0a46ad073f4a89faf, findElement {using=css selector, value=#__next &amp;gt; div:nth-child(1) &amp;gt; main &amp;gt; div &amp;gt; div.content-container.cardstack-home &amp;gt; section &amp;gt; article:nth-child(1) &amp;gt; section:nth-child(2) &amp;gt; ul &amp;gt; div &amp;gt; div.swiper-wrapper &amp;gt; div.swiper-slide.swiper-slide-active}]
Capabilities {acceptInsecureCerts: false, browserName: chrome, browserVersion: 107.0.5304.107, chrome: {chromedriverVersion: 107.0.5304.62 (1eec40d3a576..., userDataDir: C:\Users\alain\AppData\Loca...}, goog:chromeOptions: {debuggerAddress: localhost:58327}, javascriptEnabled: true, networkConnectionEnabled: false, pageLoadStrategy: normal, platform: WINDOWS, platformName: WINDOWS, proxy: Proxy(), se:cdp: ws://localhost:58327/devtoo..., se:cdpVersion: 107.0.5304.107, setWindowRect: true, strictFileInteractability: false, timeouts: {implicit: 0, pageLoad: 300000, script: 30000}, unhandledPromptBehavior: dismiss and notify, webauthn:extension:credBlob: true, webauthn:extension:largeBlob: true, webauthn:virtualAuthenticators: true}
Session ID: 31b58417f581d7e0a46ad073f4a89faf">
      <![CDATA[org.openqa.selenium.NoSuchElementException: no such element: Unable to locate element: {"method":"css selector","selector":"#__next > div:nth-child(1) > main > div > div.content-container.cardstack-home > section > article:nth-child(1) > section:nth-child(2) > ul > div > div.swiper-wrapper > div.swiper-slide.swiper-slide-active"}
  (Session info: headless chrome=107.0.5304.107)
For documentation on this error, please visit: https://selenium.dev/exceptions/#no_such_element
Build info: version: '4.1.2', revision: '9a5a329c5a'
System info: host: 'C3PO', ip: '192.168.100.10', os.name: 'Windows 11', os.arch: 'amd64', os.version: '10.0', java.version: '1.8.0_352'
Driver info: org.openqa.selenium.chrome.ChromeDriver
Command: [31b58417f581d7e0a46ad073f4a89faf, findElement {using=css selector, value=#__next > div:nth-child(1) > main > div > div.content-container.cardstack-home > section > article:nth-child(1) > section:nth-child(2) > ul > div > div.swiper-wrapper > div.swiper-slide.swiper-slide-active}]
Capabilities {acceptInsecureCerts: false, browserName: chrome, browserVersion: 107.0.5304.107, chrome: {chromedriverVersion: 107.0.5304.62 (1eec40d3a576..., userDataDir: C:\Users\alain\AppData\Loca...}, goog:chromeOptions: {debuggerAddress: localhost:58327}, javascriptEnabled: true, networkConnectionEnabled: false, pageLoadStrategy: normal, platform: WINDOWS, platformName: WINDOWS, proxy: Proxy(), se:cdp: ws://localhost:58327/devtoo..., se:cdpVersion: 107.0.5304.107, setWindowRect: true, strictFileInteractability: false, timeouts: {implicit: 0, pageLoad: 300000, script: 30000}, unhandledPromptBehavior: dismiss and notify, webauthn:extension:credBlob: true, webauthn:extension:largeBlob: true, webauthn:virtualAuthenticators: true}
Session ID: 31b58417f581d7e0a46ad073f4a89faf
at org.openqa.selenium.remote.codec.w3c.W3CHttpResponseCodec.createException(W3CHttpResponseCodec.java:200)
at org.openqa.selenium.remote.codec.w3c.W3CHttpResponseCodec.decode(W3CHttpResponseCodec.java:133)
at org.openqa.selenium.remote.codec.w3c.W3CHttpResponseCodec.decode(W3CHttpResponseCodec.java:53)
at org.openqa.selenium.remote.HttpCommandExecutor.execute(HttpCommandExecutor.java:184)
at org.openqa.selenium.remote.service.DriverCommandExecutor.invokeExecute(DriverCommandExecutor.java:167)
at org.openqa.selenium.remote.service.DriverCommandExecutor.execute(DriverCommandExecutor.java:142)
at org.openqa.selenium.remote.RemoteWebDriver.execute(RemoteWebDriver.java:558)
at org.openqa.selenium.remote.ElementLocation$ElementFinder$2.findElement(ElementLocation.java:162)
at org.openqa.selenium.remote.ElementLocation.findElement(ElementLocation.java:60)
at org.openqa.selenium.remote.RemoteWebDriver.findElement(RemoteWebDriver.java:382)
at org.openqa.selenium.remote.RemoteWebDriver.findElement(RemoteWebDriver.java:374)
at br.com.ifood.util.Elements.element(Elements.java:12)
at br.com.ifood.pages.HomePage.verificarClasseQuartoBanner(HomePage.java:105)
at br.com.ifood.steps.HomeSteps.testeVerficarQuartoBannerEstaAtivo(HomeSteps.java:28)
at java.util.ArrayList.forEach(ArrayList.java:1259)
... Removed 35 stack frames]]>
    </failure>
  </testcase> <!-- testeVerficarQuartoBannerEstaAtivo -->
  <testcase name="testeVerificarBotaoSwipeDisabledCasoAListaAcabe" time="4.776" classname="br.com.ifood.steps.HomeSteps"/>
  <testcase name="testeVerificarImagemTrocaDeTamanho" time="5.382" classname="br.com.ifood.steps.HomeSteps">
    <failure type="java.lang.AssertionError" message="did not expect [none] but found [none]">
      <![CDATA[java.lang.AssertionError: did not expect [none] but found [none]
at br.com.ifood.steps.HomeSteps.testeVerificarImagemTrocaDeTamanho(HomeSteps.java:19)
at java.util.ArrayList.forEach(ArrayList.java:1259)
... Removed 36 stack frames]]>
    </failure>
  </testcase> <!-- testeVerificarImagemTrocaDeTamanho -->
  <testcase name="testeVerificarSeListaAumentaAoClicarVerMais" time="4.937" classname="br.com.ifood.steps.HomeSteps">
    <failure type="org.openqa.selenium.ElementClickInterceptedException" message="element click intercepted: Element &amp;lt;button type=&amp;quot;button&amp;quot; role=&amp;quot;button&amp;quot; class=&amp;quot;btn btn--default btn--white btn--size-m btn--full-width cardstack-nextcontent__button&amp;quot; aria-label=&amp;quot;...&amp;quot; color=&amp;quot;white&amp;quot; variant=&amp;quot;cardstack-nextcontent__button&amp;quot; theme=&amp;quot;default&amp;quot; target=&amp;quot;&amp;quot; rel=&amp;quot;&amp;quot;&amp;gt;Ver mais&amp;lt;/button&amp;gt; is not clickable at point (391, 575). Other element would receive the click: &amp;lt;div class=&amp;quot;tab-bar&amp;quot;&amp;gt;...&amp;lt;/div&amp;gt;
  (Session info: headless chrome=107.0.5304.107)
Build info: version: &amp;apos;4.1.2&amp;apos;, revision: &amp;apos;9a5a329c5a&amp;apos;
System info: host: &amp;apos;C3PO&amp;apos;, ip: &amp;apos;192.168.100.10&amp;apos;, os.name: &amp;apos;Windows 11&amp;apos;, os.arch: &amp;apos;amd64&amp;apos;, os.version: &amp;apos;10.0&amp;apos;, java.version: &amp;apos;1.8.0_352&amp;apos;
Driver info: org.openqa.selenium.chrome.ChromeDriver
Command: [860f6408c52e82aa9bc2283ea666c866, clickElement {id=824b7d35-2e3f-4904-ad95-938269e73352}]
Capabilities {acceptInsecureCerts: false, browserName: chrome, browserVersion: 107.0.5304.107, chrome: {chromedriverVersion: 107.0.5304.62 (1eec40d3a576..., userDataDir: C:\Users\alain\AppData\Loca...}, goog:chromeOptions: {debuggerAddress: localhost:58492}, javascriptEnabled: true, networkConnectionEnabled: false, pageLoadStrategy: normal, platform: WINDOWS, platformName: WINDOWS, proxy: Proxy(), se:cdp: ws://localhost:58492/devtoo..., se:cdpVersion: 107.0.5304.107, setWindowRect: true, strictFileInteractability: false, timeouts: {implicit: 0, pageLoad: 300000, script: 30000}, unhandledPromptBehavior: dismiss and notify, webauthn:extension:credBlob: true, webauthn:extension:largeBlob: true, webauthn:virtualAuthenticators: true}
Element: [[ChromeDriver: chrome on WINDOWS (860f6408c52e82aa9bc2283ea666c866)] -&amp;gt; css selector: #__next &amp;gt; div:nth-child(1) &amp;gt; main &amp;gt; div &amp;gt; div.content-container.cardstack-home &amp;gt; section &amp;gt; article:nth-child(3) &amp;gt; section:nth-child(2) &amp;gt; div &amp;gt; button]
Session ID: 860f6408c52e82aa9bc2283ea666c866">
      <![CDATA[org.openqa.selenium.ElementClickInterceptedException: element click intercepted: Element <button type="button" role="button" class="btn btn--default btn--white btn--size-m btn--full-width cardstack-nextcontent__button" aria-label="..." color="white" variant="cardstack-nextcontent__button" theme="default" target="" rel="">Ver mais</button> is not clickable at point (391, 575). Other element would receive the click: <div class="tab-bar">...</div>
  (Session info: headless chrome=107.0.5304.107)
Build info: version: '4.1.2', revision: '9a5a329c5a'
System info: host: 'C3PO', ip: '192.168.100.10', os.name: 'Windows 11', os.arch: 'amd64', os.version: '10.0', java.version: '1.8.0_352'
Driver info: org.openqa.selenium.chrome.ChromeDriver
Command: [860f6408c52e82aa9bc2283ea666c866, clickElement {id=824b7d35-2e3f-4904-ad95-938269e73352}]
Capabilities {acceptInsecureCerts: false, browserName: chrome, browserVersion: 107.0.5304.107, chrome: {chromedriverVersion: 107.0.5304.62 (1eec40d3a576..., userDataDir: C:\Users\alain\AppData\Loca...}, goog:chromeOptions: {debuggerAddress: localhost:58492}, javascriptEnabled: true, networkConnectionEnabled: false, pageLoadStrategy: normal, platform: WINDOWS, platformName: WINDOWS, proxy: Proxy(), se:cdp: ws://localhost:58492/devtoo..., se:cdpVersion: 107.0.5304.107, setWindowRect: true, strictFileInteractability: false, timeouts: {implicit: 0, pageLoad: 300000, script: 30000}, unhandledPromptBehavior: dismiss and notify, webauthn:extension:credBlob: true, webauthn:extension:largeBlob: true, webauthn:virtualAuthenticators: true}
Element: [[ChromeDriver: chrome on WINDOWS (860f6408c52e82aa9bc2283ea666c866)] -> css selector: #__next > div:nth-child(1) > main > div > div.content-container.cardstack-home > section > article:nth-child(3) > section:nth-child(2) > div > button]
Session ID: 860f6408c52e82aa9bc2283ea666c866
at org.openqa.selenium.remote.codec.w3c.W3CHttpResponseCodec.createException(W3CHttpResponseCodec.java:200)
at org.openqa.selenium.remote.codec.w3c.W3CHttpResponseCodec.decode(W3CHttpResponseCodec.java:133)
at org.openqa.selenium.remote.codec.w3c.W3CHttpResponseCodec.decode(W3CHttpResponseCodec.java:53)
at org.openqa.selenium.remote.HttpCommandExecutor.execute(HttpCommandExecutor.java:184)
at org.openqa.selenium.remote.service.DriverCommandExecutor.invokeExecute(DriverCommandExecutor.java:167)
at org.openqa.selenium.remote.service.DriverCommandExecutor.execute(DriverCommandExecutor.java:142)
at org.openqa.selenium.remote.RemoteWebDriver.execute(RemoteWebDriver.java:558)
at org.openqa.selenium.remote.RemoteWebElement.execute(RemoteWebElement.java:251)
at org.openqa.selenium.remote.RemoteWebElement.click(RemoteWebElement.java:77)
at br.com.ifood.pages.BasePage.click(BasePage.java:11)
at br.com.ifood.pages.HomePage.clicarBtnVerMais(HomePage.java:53)
at br.com.ifood.steps.HomeSteps.testeVerificarSeListaAumentaAoClicarVerMais(HomeSteps.java:49)
at java.util.ArrayList.forEach(ArrayList.java:1259)
... Removed 35 stack frames]]>
    </failure>
  </testcase> <!-- testeVerificarSeListaAumentaAoClicarVerMais -->
</testsuite> <!-- User Tests -->
