<?xml version="1.0" encoding="UTF-8"?>
<!-- Generated by org.testng.reporters.JUnitXMLReporter -->
<testsuite hostname="DBC-000564" ignored="0" name="User Tests" tests="7" failures="1" timestamp="2022-11-11T22:28:13 GMT-03:00" time="82.024" errors="0">
  <testcase name="deveInformarEnderecoEscolhidoNavBar" time="3.877" classname="br.com.ifood.steps.LandingSteps"/>
  <testcase name="deveInformarUsuarioParaBuscarEnderecoCasoCampoEstejaVazio" time="0.148" classname="br.com.ifood.steps.LandingSteps"/>
  <testcase name="deveRetornarMensagemErroAoInformarEnderecoInvalido" time="1.823" classname="br.com.ifood.steps.LandingSteps"/>
  <testcase name="teste" time="6.641" classname="br.com.ifood.steps.HomeSteps">
    <failure type="java.lang.AssertionError" message="did not expect [20] but found [20]">
      <![CDATA[java.lang.AssertionError: did not expect [20] but found [20]
at br.com.ifood.steps.HomeSteps.teste(HomeSteps.java:52)
at java.util.ArrayList.forEach(ArrayList.java:1259)
... Removed 36 stack frames]]>
    </failure>
  </testcase> <!-- teste -->
  <testcase name="testeVerficarQuartoBannerEstaAtivo" time="6.83" classname="br.com.ifood.steps.HomeSteps"/>
  <testcase name="testeVerificarBotaoSwipeDisabledCasoAListaAcabe" time="7.258" classname="br.com.ifood.steps.HomeSteps"/>
  <testcase name="testeVerificarImagemTrocaDeTamanho" time="6.355" classname="br.com.ifood.steps.HomeSteps"/>
</testsuite> <!-- User Tests -->
