<?xml version="1.0" encoding="UTF-8"?>
<testng-results skipped="0" failed="7" ignored="0" total="17" passed="10">
  <reporter-output>
    <line>
      <![CDATA[<a href='C:\Users\alain\Desktop\VEMSER-QA\trabalho-final-modulo-selenium\.\ScreenShot\deveInformarEnderecoEscolhidoNavBar.jpg'> <img src='C:\Users\alain\Desktop\VEMSER-QA\trabalho-final-modulo-selenium\.\ScreenShot\deveInformarEnderecoEscolhidoNavBar.jpg' height='100' width='100'/> </a>]]>
    </line>
    <line>
      <![CDATA[<a href='C:\Users\alain\Desktop\VEMSER-QA\trabalho-final-modulo-selenium\.\ScreenShot\deveManterBtnDesabilitadoCasoSejaDigitadoValorInvalido.jpg'> <img src='C:\Users\alain\Desktop\VEMSER-QA\trabalho-final-modulo-selenium\.\ScreenShot\deveManterBtnDesabilitadoCasoSejaDigitadoValorInvalido.jpg' height='100' width='100'/> </a>]]>
    </line>
    <line>
      <![CDATA[<a href='C:\Users\alain\Desktop\VEMSER-QA\trabalho-final-modulo-selenium\.\ScreenShot\testeVerficarQuartoBannerEstaAtivo.jpg'> <img src='C:\Users\alain\Desktop\VEMSER-QA\trabalho-final-modulo-selenium\.\ScreenShot\testeVerficarQuartoBannerEstaAtivo.jpg' height='100' width='100'/> </a>]]>
    </line>
    <line>
      <![CDATA[<a href='C:\Users\alain\Desktop\VEMSER-QA\trabalho-final-modulo-selenium\.\ScreenShot\testeVerificarBotaoSwipeDisabledCasoAListaAcabe.jpg'> <img src='C:\Users\alain\Desktop\VEMSER-QA\trabalho-final-modulo-selenium\.\ScreenShot\testeVerificarBotaoSwipeDisabledCasoAListaAcabe.jpg' height='100' width='100'/> </a>]]>
    </line>
    <line>
      <![CDATA[<a href='C:\Users\alain\Desktop\VEMSER-QA\trabalho-final-modulo-selenium\.\ScreenShot\testeVerificarSeListaAumentaAoClicarVerMais.jpg'> <img src='C:\Users\alain\Desktop\VEMSER-QA\trabalho-final-modulo-selenium\.\ScreenShot\testeVerificarSeListaAumentaAoClicarVerMais.jpg' height='100' width='100'/> </a>]]>
    </line>
    <line>
      <![CDATA[<a href='C:\Users\alain\Desktop\VEMSER-QA\trabalho-final-modulo-selenium\.\ScreenShot\testeDeveInformarQueOCarrinhoEstaVazio.jpg'> <img src='C:\Users\alain\Desktop\VEMSER-QA\trabalho-final-modulo-selenium\.\ScreenShot\testeDeveInformarQueOCarrinhoEstaVazio.jpg' height='100' width='100'/> </a>]]>
    </line>
    <line>
      <![CDATA[<a href='C:\Users\alain\Desktop\VEMSER-QA\trabalho-final-modulo-selenium\.\ScreenShot\testeListarProdutoOuLojaBuscada.jpg'> <img src='C:\Users\alain\Desktop\VEMSER-QA\trabalho-final-modulo-selenium\.\ScreenShot\testeListarProdutoOuLojaBuscada.jpg' height='100' width='100'/> </a>]]>
    </line>
  </reporter-output>
  <suite name="Suite" duration-ms="171345" started-at="2022-11-13T10:34:18 BRT" finished-at="2022-11-13T10:37:10 BRT">
    <groups>
    </groups>
    <test name="User Tests" duration-ms="171345" started-at="2022-11-13T10:34:18 BRT" finished-at="2022-11-13T10:37:10 BRT">
      <class name="br.com.ifood.steps.HomeSteps">
        <test-method status="PASS" signature="abrirNavegador()[pri:0, instance:br.com.ifood.steps.HomeSteps@42561fba]" name="abrirNavegador" is-config="true" duration-ms="3284" started-at="2022-11-13T10:34:55 BRT" finished-at="2022-11-13T10:34:58 BRT">
          <reporter-output>
          </reporter-output>
        </test-method> <!-- abrirNavegador -->
        <test-method status="PASS" signature="testeDeveRedirecionarParaAPaginaDaLoja()[pri:0, instance:br.com.ifood.steps.HomeSteps@42561fba]" name="testeDeveRedirecionarParaAPaginaDaLoja" duration-ms="6424" started-at="2022-11-13T10:34:58 BRT" description="Teste redirecionar para página da Loja." finished-at="2022-11-13T10:35:05 BRT">
          <reporter-output>
          </reporter-output>
        </test-method> <!-- testeDeveRedirecionarParaAPaginaDaLoja -->
        <test-method status="PASS" signature="fecharNavegador()[pri:0, instance:br.com.ifood.steps.HomeSteps@42561fba]" name="fecharNavegador" is-config="true" duration-ms="849" started-at="2022-11-13T10:35:05 BRT" finished-at="2022-11-13T10:35:05 BRT">
          <reporter-output>
          </reporter-output>
        </test-method> <!-- fecharNavegador -->
        <test-method status="PASS" signature="abrirNavegador()[pri:0, instance:br.com.ifood.steps.HomeSteps@42561fba]" name="abrirNavegador" is-config="true" duration-ms="3219" started-at="2022-11-13T10:35:05 BRT" finished-at="2022-11-13T10:35:09 BRT">
          <reporter-output>
          </reporter-output>
        </test-method> <!-- abrirNavegador -->
        <test-method status="FAIL" signature="testeVerficarQuartoBannerEstaAtivo()[pri:0, instance:br.com.ifood.steps.HomeSteps@42561fba]" name="testeVerficarQuartoBannerEstaAtivo" duration-ms="10698" started-at="2022-11-13T10:35:09 BRT" description="Teste troca imagem carrossel" finished-at="2022-11-13T10:35:19 BRT">
          <exception class="org.openqa.selenium.NoSuchElementException">
            <message>
              <![CDATA[no such element: Unable to locate element: {"method":"css selector","selector":"#__next > div:nth-child(1) > main > div > div.content-container.cardstack-home > section > article:nth-child(1) > section:nth-child(2) > ul > div > div.swiper-wrapper > div.swiper-slide.swiper-slide-active"}
  (Session info: chrome=107.0.5304.107)
For documentation on this error, please visit: https://selenium.dev/exceptions/#no_such_element
Build info: version: '4.6.0', revision: '79f1c02ae20'
System info: os.name: 'Windows 11', os.arch: 'amd64', os.version: '10.0', java.version: '1.8.0_352'
Driver info: org.openqa.selenium.chrome.ChromeDriver
Command: [68308fc400d082e86f98e03a50ec39be, findElement {using=css selector, value=#__next > div:nth-child(1) > main > div > div.content-container.cardstack-home > section > article:nth-child(1) > section:nth-child(2) > ul > div > div.swiper-wrapper > div.swiper-slide.swiper-slide-active}]
Capabilities {acceptInsecureCerts: false, browserName: chrome, browserVersion: 107.0.5304.107, chrome: {chromedriverVersion: 107.0.5304.62 (1eec40d3a576..., userDataDir: C:\Users\alain\AppData\Loca...}, goog:chromeOptions: {debuggerAddress: localhost:54941}, networkConnectionEnabled: false, pageLoadStrategy: normal, platformName: WINDOWS, proxy: Proxy(), se:cdp: ws://localhost:54941/devtoo..., se:cdpVersion: 107.0.5304.107, setWindowRect: true, strictFileInteractability: false, timeouts: {implicit: 0, pageLoad: 300000, script: 30000}, unhandledPromptBehavior: dismiss and notify, webauthn:extension:credBlob: true, webauthn:extension:largeBlob: true, webauthn:virtualAuthenticators: true}
Session ID: 68308fc400d082e86f98e03a50ec39be]]>
            </message>
            <full-stacktrace>
              <![CDATA[org.openqa.selenium.NoSuchElementException: no such element: Unable to locate element: {"method":"css selector","selector":"#__next > div:nth-child(1) > main > div > div.content-container.cardstack-home > section > article:nth-child(1) > section:nth-child(2) > ul > div > div.swiper-wrapper > div.swiper-slide.swiper-slide-active"}
  (Session info: chrome=107.0.5304.107)
For documentation on this error, please visit: https://selenium.dev/exceptions/#no_such_element
Build info: version: '4.6.0', revision: '79f1c02ae20'
System info: os.name: 'Windows 11', os.arch: 'amd64', os.version: '10.0', java.version: '1.8.0_352'
Driver info: org.openqa.selenium.chrome.ChromeDriver
Command: [68308fc400d082e86f98e03a50ec39be, findElement {using=css selector, value=#__next > div:nth-child(1) > main > div > div.content-container.cardstack-home > section > article:nth-child(1) > section:nth-child(2) > ul > div > div.swiper-wrapper > div.swiper-slide.swiper-slide-active}]
Capabilities {acceptInsecureCerts: false, browserName: chrome, browserVersion: 107.0.5304.107, chrome: {chromedriverVersion: 107.0.5304.62 (1eec40d3a576..., userDataDir: C:\Users\alain\AppData\Loca...}, goog:chromeOptions: {debuggerAddress: localhost:54941}, networkConnectionEnabled: false, pageLoadStrategy: normal, platformName: WINDOWS, proxy: Proxy(), se:cdp: ws://localhost:54941/devtoo..., se:cdpVersion: 107.0.5304.107, setWindowRect: true, strictFileInteractability: false, timeouts: {implicit: 0, pageLoad: 300000, script: 30000}, unhandledPromptBehavior: dismiss and notify, webauthn:extension:credBlob: true, webauthn:extension:largeBlob: true, webauthn:virtualAuthenticators: true}
Session ID: 68308fc400d082e86f98e03a50ec39be
at sun.reflect.NativeConstructorAccessorImpl.newInstance0(Native Method)
at sun.reflect.NativeConstructorAccessorImpl.newInstance(NativeConstructorAccessorImpl.java:62)
at sun.reflect.DelegatingConstructorAccessorImpl.newInstance(DelegatingConstructorAccessorImpl.java:45)
at java.lang.reflect.Constructor.newInstance(Constructor.java:423)
at org.openqa.selenium.remote.codec.w3c.W3CHttpResponseCodec.createException(W3CHttpResponseCodec.java:200)
at org.openqa.selenium.remote.codec.w3c.W3CHttpResponseCodec.decode(W3CHttpResponseCodec.java:133)
at org.openqa.selenium.remote.codec.w3c.W3CHttpResponseCodec.decode(W3CHttpResponseCodec.java:53)
at org.openqa.selenium.remote.HttpCommandExecutor.execute(HttpCommandExecutor.java:184)
at org.openqa.selenium.remote.service.DriverCommandExecutor.invokeExecute(DriverCommandExecutor.java:167)
at org.openqa.selenium.remote.service.DriverCommandExecutor.execute(DriverCommandExecutor.java:142)
at org.openqa.selenium.remote.RemoteWebDriver.execute(RemoteWebDriver.java:541)
at org.openqa.selenium.remote.ElementLocation$ElementFinder$2.findElement(ElementLocation.java:162)
at org.openqa.selenium.remote.ElementLocation.findElement(ElementLocation.java:60)
at org.openqa.selenium.remote.RemoteWebDriver.findElement(RemoteWebDriver.java:365)
at org.openqa.selenium.remote.RemoteWebDriver.findElement(RemoteWebDriver.java:357)
at br.com.ifood.util.Elements.element(Elements.java:12)
at br.com.ifood.pages.HomePage.verificarClasseQuartoBanner(HomePage.java:111)
at br.com.ifood.steps.HomeSteps.testeVerficarQuartoBannerEstaAtivo(HomeSteps.java:31)
at sun.reflect.NativeMethodAccessorImpl.invoke0(Native Method)
at sun.reflect.NativeMethodAccessorImpl.invoke(NativeMethodAccessorImpl.java:62)
at sun.reflect.DelegatingMethodAccessorImpl.invoke(DelegatingMethodAccessorImpl.java:43)
at java.lang.reflect.Method.invoke(Method.java:498)
at org.testng.internal.MethodInvocationHelper.invokeMethod(MethodInvocationHelper.java:133)
at org.testng.internal.TestInvoker.invokeMethod(TestInvoker.java:598)
at org.testng.internal.TestInvoker.invokeTestMethod(TestInvoker.java:173)
at org.testng.internal.MethodRunner.runInSequence(MethodRunner.java:46)
at org.testng.internal.TestInvoker$MethodInvocationAgent.invoke(TestInvoker.java:824)
at org.testng.internal.TestInvoker.invokeTestMethods(TestInvoker.java:146)
at org.testng.internal.TestMethodWorker.invokeTestMethods(TestMethodWorker.java:146)
at org.testng.internal.TestMethodWorker.run(TestMethodWorker.java:128)
at java.util.ArrayList.forEach(ArrayList.java:1259)
at org.testng.TestRunner.privateRun(TestRunner.java:794)
at org.testng.TestRunner.run(TestRunner.java:596)
at org.testng.SuiteRunner.runTest(SuiteRunner.java:377)
at org.testng.SuiteRunner.runSequentially(SuiteRunner.java:371)
at org.testng.SuiteRunner.privateRun(SuiteRunner.java:332)
at org.testng.SuiteRunner.run(SuiteRunner.java:276)
at org.testng.SuiteRunnerWorker.runSuite(SuiteRunnerWorker.java:53)
at org.testng.SuiteRunnerWorker.run(SuiteRunnerWorker.java:96)
at org.testng.TestNG.runSuitesSequentially(TestNG.java:1212)
at org.testng.TestNG.runSuitesLocally(TestNG.java:1134)
at org.testng.TestNG.runSuites(TestNG.java:1063)
at org.testng.TestNG.run(TestNG.java:1031)
at org.apache.maven.surefire.testng.TestNGExecutor.run(TestNGExecutor.java:284)
at org.apache.maven.surefire.testng.TestNGXmlTestSuite.execute(TestNGXmlTestSuite.java:75)
at org.apache.maven.surefire.testng.TestNGProvider.invoke(TestNGProvider.java:119)
at org.apache.maven.surefire.booter.ForkedBooter.runSuitesInProcess(ForkedBooter.java:428)
at org.apache.maven.surefire.booter.ForkedBooter.execute(ForkedBooter.java:162)
at org.apache.maven.surefire.booter.ForkedBooter.run(ForkedBooter.java:562)
at org.apache.maven.surefire.booter.ForkedBooter.main(ForkedBooter.java:548)
]]>
            </full-stacktrace>
          </exception> <!-- org.openqa.selenium.NoSuchElementException -->
          <reporter-output>
            <line>
              <![CDATA[<a href='C:\Users\alain\Desktop\VEMSER-QA\trabalho-final-modulo-selenium\.\ScreenShot\testeVerficarQuartoBannerEstaAtivo.jpg'> <img src='C:\Users\alain\Desktop\VEMSER-QA\trabalho-final-modulo-selenium\.\ScreenShot\testeVerficarQuartoBannerEstaAtivo.jpg' height='100' width='100'/> </a>]]>
            </line>
          </reporter-output>
        </test-method> <!-- testeVerficarQuartoBannerEstaAtivo -->
        <test-method status="PASS" signature="fecharNavegador()[pri:0, instance:br.com.ifood.steps.HomeSteps@42561fba]" name="fecharNavegador" is-config="true" duration-ms="952" started-at="2022-11-13T10:35:20 BRT" finished-at="2022-11-13T10:35:21 BRT">
          <reporter-output>
          </reporter-output>
        </test-method> <!-- fecharNavegador -->
        <test-method status="PASS" signature="abrirNavegador()[pri:0, instance:br.com.ifood.steps.HomeSteps@42561fba]" name="abrirNavegador" is-config="true" duration-ms="3218" started-at="2022-11-13T10:35:21 BRT" finished-at="2022-11-13T10:35:24 BRT">
          <reporter-output>
          </reporter-output>
        </test-method> <!-- abrirNavegador -->
        <test-method status="FAIL" signature="testeVerificarBotaoSwipeDisabledCasoAListaAcabe()[pri:0, instance:br.com.ifood.steps.HomeSteps@42561fba]" name="testeVerificarBotaoSwipeDisabledCasoAListaAcabe" duration-ms="10791" started-at="2022-11-13T10:35:24 BRT" description="Teste botão carrossel" finished-at="2022-11-13T10:35:35 BRT">
          <exception class="org.openqa.selenium.NoSuchElementException">
            <message>
              <![CDATA[no such element: Unable to locate element: {"method":"css selector","selector":"#__next > div:nth-child(1) > main > div > div.content-container.cardstack-home > section > article:nth-child(1) > section:nth-child(2) > ul > div > div.swiper-button-next"}
  (Session info: chrome=107.0.5304.107)
For documentation on this error, please visit: https://selenium.dev/exceptions/#no_such_element
Build info: version: '4.6.0', revision: '79f1c02ae20'
System info: os.name: 'Windows 11', os.arch: 'amd64', os.version: '10.0', java.version: '1.8.0_352'
Driver info: org.openqa.selenium.chrome.ChromeDriver
Command: [5bf6a9637067af828a745b5256f88442, findElement {using=css selector, value=#__next > div:nth-child(1) > main > div > div.content-container.cardstack-home > section > article:nth-child(1) > section:nth-child(2) > ul > div > div.swiper-button-next}]
Capabilities {acceptInsecureCerts: false, browserName: chrome, browserVersion: 107.0.5304.107, chrome: {chromedriverVersion: 107.0.5304.62 (1eec40d3a576..., userDataDir: C:\Users\alain\AppData\Loca...}, goog:chromeOptions: {debuggerAddress: localhost:55011}, networkConnectionEnabled: false, pageLoadStrategy: normal, platformName: WINDOWS, proxy: Proxy(), se:cdp: ws://localhost:55011/devtoo..., se:cdpVersion: 107.0.5304.107, setWindowRect: true, strictFileInteractability: false, timeouts: {implicit: 0, pageLoad: 300000, script: 30000}, unhandledPromptBehavior: dismiss and notify, webauthn:extension:credBlob: true, webauthn:extension:largeBlob: true, webauthn:virtualAuthenticators: true}
Session ID: 5bf6a9637067af828a745b5256f88442]]>
            </message>
            <full-stacktrace>
              <![CDATA[org.openqa.selenium.NoSuchElementException: no such element: Unable to locate element: {"method":"css selector","selector":"#__next > div:nth-child(1) > main > div > div.content-container.cardstack-home > section > article:nth-child(1) > section:nth-child(2) > ul > div > div.swiper-button-next"}
  (Session info: chrome=107.0.5304.107)
For documentation on this error, please visit: https://selenium.dev/exceptions/#no_such_element
Build info: version: '4.6.0', revision: '79f1c02ae20'
System info: os.name: 'Windows 11', os.arch: 'amd64', os.version: '10.0', java.version: '1.8.0_352'
Driver info: org.openqa.selenium.chrome.ChromeDriver
Command: [5bf6a9637067af828a745b5256f88442, findElement {using=css selector, value=#__next > div:nth-child(1) > main > div > div.content-container.cardstack-home > section > article:nth-child(1) > section:nth-child(2) > ul > div > div.swiper-button-next}]
Capabilities {acceptInsecureCerts: false, browserName: chrome, browserVersion: 107.0.5304.107, chrome: {chromedriverVersion: 107.0.5304.62 (1eec40d3a576..., userDataDir: C:\Users\alain\AppData\Loca...}, goog:chromeOptions: {debuggerAddress: localhost:55011}, networkConnectionEnabled: false, pageLoadStrategy: normal, platformName: WINDOWS, proxy: Proxy(), se:cdp: ws://localhost:55011/devtoo..., se:cdpVersion: 107.0.5304.107, setWindowRect: true, strictFileInteractability: false, timeouts: {implicit: 0, pageLoad: 300000, script: 30000}, unhandledPromptBehavior: dismiss and notify, webauthn:extension:credBlob: true, webauthn:extension:largeBlob: true, webauthn:virtualAuthenticators: true}
Session ID: 5bf6a9637067af828a745b5256f88442
at sun.reflect.NativeConstructorAccessorImpl.newInstance0(Native Method)
at sun.reflect.NativeConstructorAccessorImpl.newInstance(NativeConstructorAccessorImpl.java:62)
at sun.reflect.DelegatingConstructorAccessorImpl.newInstance(DelegatingConstructorAccessorImpl.java:45)
at java.lang.reflect.Constructor.newInstance(Constructor.java:423)
at org.openqa.selenium.remote.codec.w3c.W3CHttpResponseCodec.createException(W3CHttpResponseCodec.java:200)
at org.openqa.selenium.remote.codec.w3c.W3CHttpResponseCodec.decode(W3CHttpResponseCodec.java:133)
at org.openqa.selenium.remote.codec.w3c.W3CHttpResponseCodec.decode(W3CHttpResponseCodec.java:53)
at org.openqa.selenium.remote.HttpCommandExecutor.execute(HttpCommandExecutor.java:184)
at org.openqa.selenium.remote.service.DriverCommandExecutor.invokeExecute(DriverCommandExecutor.java:167)
at org.openqa.selenium.remote.service.DriverCommandExecutor.execute(DriverCommandExecutor.java:142)
at org.openqa.selenium.remote.RemoteWebDriver.execute(RemoteWebDriver.java:541)
at org.openqa.selenium.remote.ElementLocation$ElementFinder$2.findElement(ElementLocation.java:162)
at org.openqa.selenium.remote.ElementLocation.findElement(ElementLocation.java:60)
at org.openqa.selenium.remote.RemoteWebDriver.findElement(RemoteWebDriver.java:365)
at org.openqa.selenium.remote.RemoteWebDriver.findElement(RemoteWebDriver.java:357)
at br.com.ifood.util.Elements.element(Elements.java:12)
at br.com.ifood.pages.HomePage.retonarEstadoBotaoDireito(HomePage.java:78)
at br.com.ifood.steps.HomeSteps.testeVerificarBotaoSwipeDisabledCasoAListaAcabe(HomeSteps.java:44)
at sun.reflect.NativeMethodAccessorImpl.invoke0(Native Method)
at sun.reflect.NativeMethodAccessorImpl.invoke(NativeMethodAccessorImpl.java:62)
at sun.reflect.DelegatingMethodAccessorImpl.invoke(DelegatingMethodAccessorImpl.java:43)
at java.lang.reflect.Method.invoke(Method.java:498)
at org.testng.internal.MethodInvocationHelper.invokeMethod(MethodInvocationHelper.java:133)
at org.testng.internal.TestInvoker.invokeMethod(TestInvoker.java:598)
at org.testng.internal.TestInvoker.invokeTestMethod(TestInvoker.java:173)
at org.testng.internal.MethodRunner.runInSequence(MethodRunner.java:46)
at org.testng.internal.TestInvoker$MethodInvocationAgent.invoke(TestInvoker.java:824)
at org.testng.internal.TestInvoker.invokeTestMethods(TestInvoker.java:146)
at org.testng.internal.TestMethodWorker.invokeTestMethods(TestMethodWorker.java:146)
at org.testng.internal.TestMethodWorker.run(TestMethodWorker.java:128)
at java.util.ArrayList.forEach(ArrayList.java:1259)
at org.testng.TestRunner.privateRun(TestRunner.java:794)
at org.testng.TestRunner.run(TestRunner.java:596)
at org.testng.SuiteRunner.runTest(SuiteRunner.java:377)
at org.testng.SuiteRunner.runSequentially(SuiteRunner.java:371)
at org.testng.SuiteRunner.privateRun(SuiteRunner.java:332)
at org.testng.SuiteRunner.run(SuiteRunner.java:276)
at org.testng.SuiteRunnerWorker.runSuite(SuiteRunnerWorker.java:53)
at org.testng.SuiteRunnerWorker.run(SuiteRunnerWorker.java:96)
at org.testng.TestNG.runSuitesSequentially(TestNG.java:1212)
at org.testng.TestNG.runSuitesLocally(TestNG.java:1134)
at org.testng.TestNG.runSuites(TestNG.java:1063)
at org.testng.TestNG.run(TestNG.java:1031)
at org.apache.maven.surefire.testng.TestNGExecutor.run(TestNGExecutor.java:284)
at org.apache.maven.surefire.testng.TestNGXmlTestSuite.execute(TestNGXmlTestSuite.java:75)
at org.apache.maven.surefire.testng.TestNGProvider.invoke(TestNGProvider.java:119)
at org.apache.maven.surefire.booter.ForkedBooter.runSuitesInProcess(ForkedBooter.java:428)
at org.apache.maven.surefire.booter.ForkedBooter.execute(ForkedBooter.java:162)
at org.apache.maven.surefire.booter.ForkedBooter.run(ForkedBooter.java:562)
at org.apache.maven.surefire.booter.ForkedBooter.main(ForkedBooter.java:548)
]]>
            </full-stacktrace>
          </exception> <!-- org.openqa.selenium.NoSuchElementException -->
          <reporter-output>
            <line>
              <![CDATA[<a href='C:\Users\alain\Desktop\VEMSER-QA\trabalho-final-modulo-selenium\.\ScreenShot\testeVerificarBotaoSwipeDisabledCasoAListaAcabe.jpg'> <img src='C:\Users\alain\Desktop\VEMSER-QA\trabalho-final-modulo-selenium\.\ScreenShot\testeVerificarBotaoSwipeDisabledCasoAListaAcabe.jpg' height='100' width='100'/> </a>]]>
            </line>
          </reporter-output>
        </test-method> <!-- testeVerificarBotaoSwipeDisabledCasoAListaAcabe -->
        <test-method status="PASS" signature="fecharNavegador()[pri:0, instance:br.com.ifood.steps.HomeSteps@42561fba]" name="fecharNavegador" is-config="true" duration-ms="829" started-at="2022-11-13T10:35:35 BRT" finished-at="2022-11-13T10:35:36 BRT">
          <reporter-output>
          </reporter-output>
        </test-method> <!-- fecharNavegador -->
        <test-method status="PASS" signature="abrirNavegador()[pri:0, instance:br.com.ifood.steps.HomeSteps@42561fba]" name="abrirNavegador" is-config="true" duration-ms="3292" started-at="2022-11-13T10:35:36 BRT" finished-at="2022-11-13T10:35:39 BRT">
          <reporter-output>
          </reporter-output>
        </test-method> <!-- abrirNavegador -->
        <test-method status="PASS" signature="testeVerificarImagemTrocaDeTamanho()[pri:0, instance:br.com.ifood.steps.HomeSteps@42561fba]" name="testeVerificarImagemTrocaDeTamanho" duration-ms="5351" started-at="2022-11-13T10:35:39 BRT" description="Teste hover imagem do carrossel" finished-at="2022-11-13T10:35:44 BRT">
          <reporter-output>
          </reporter-output>
        </test-method> <!-- testeVerificarImagemTrocaDeTamanho -->
        <test-method status="PASS" signature="fecharNavegador()[pri:0, instance:br.com.ifood.steps.HomeSteps@42561fba]" name="fecharNavegador" is-config="true" duration-ms="783" started-at="2022-11-13T10:35:44 BRT" finished-at="2022-11-13T10:35:45 BRT">
          <reporter-output>
          </reporter-output>
        </test-method> <!-- fecharNavegador -->
        <test-method status="PASS" signature="abrirNavegador()[pri:0, instance:br.com.ifood.steps.HomeSteps@42561fba]" name="abrirNavegador" is-config="true" duration-ms="3282" started-at="2022-11-13T10:35:45 BRT" finished-at="2022-11-13T10:35:48 BRT">
          <reporter-output>
          </reporter-output>
        </test-method> <!-- abrirNavegador -->
        <test-method status="FAIL" signature="testeVerificarSeListaAumentaAoClicarVerMais()[pri:0, instance:br.com.ifood.steps.HomeSteps@42561fba]" name="testeVerificarSeListaAumentaAoClicarVerMais" duration-ms="5360" started-at="2022-11-13T10:35:48 BRT" description="Teste clicar botão &#039;Ver mais&#039; da lista Lojas." finished-at="2022-11-13T10:35:54 BRT">
          <exception class="java.lang.AssertionError">
            <message>
              <![CDATA[did not expect [20] but found [20]]]>
            </message>
            <full-stacktrace>
              <![CDATA[java.lang.AssertionError: did not expect [20] but found [20]
at org.testng.Assert.fail(Assert.java:99)
at org.testng.Assert.failEquals(Assert.java:1041)
at org.testng.Assert.assertNotEqualsImpl(Assert.java:147)
at org.testng.Assert.assertNotEquals(Assert.java:1531)
at org.testng.Assert.assertNotEquals(Assert.java:1535)
at br.com.ifood.steps.HomeSteps.testeVerificarSeListaAumentaAoClicarVerMais(HomeSteps.java:57)
at sun.reflect.NativeMethodAccessorImpl.invoke0(Native Method)
at sun.reflect.NativeMethodAccessorImpl.invoke(NativeMethodAccessorImpl.java:62)
at sun.reflect.DelegatingMethodAccessorImpl.invoke(DelegatingMethodAccessorImpl.java:43)
at java.lang.reflect.Method.invoke(Method.java:498)
at org.testng.internal.MethodInvocationHelper.invokeMethod(MethodInvocationHelper.java:133)
at org.testng.internal.TestInvoker.invokeMethod(TestInvoker.java:598)
at org.testng.internal.TestInvoker.invokeTestMethod(TestInvoker.java:173)
at org.testng.internal.MethodRunner.runInSequence(MethodRunner.java:46)
at org.testng.internal.TestInvoker$MethodInvocationAgent.invoke(TestInvoker.java:824)
at org.testng.internal.TestInvoker.invokeTestMethods(TestInvoker.java:146)
at org.testng.internal.TestMethodWorker.invokeTestMethods(TestMethodWorker.java:146)
at org.testng.internal.TestMethodWorker.run(TestMethodWorker.java:128)
at java.util.ArrayList.forEach(ArrayList.java:1259)
at org.testng.TestRunner.privateRun(TestRunner.java:794)
at org.testng.TestRunner.run(TestRunner.java:596)
at org.testng.SuiteRunner.runTest(SuiteRunner.java:377)
at org.testng.SuiteRunner.runSequentially(SuiteRunner.java:371)
at org.testng.SuiteRunner.privateRun(SuiteRunner.java:332)
at org.testng.SuiteRunner.run(SuiteRunner.java:276)
at org.testng.SuiteRunnerWorker.runSuite(SuiteRunnerWorker.java:53)
at org.testng.SuiteRunnerWorker.run(SuiteRunnerWorker.java:96)
at org.testng.TestNG.runSuitesSequentially(TestNG.java:1212)
at org.testng.TestNG.runSuitesLocally(TestNG.java:1134)
at org.testng.TestNG.runSuites(TestNG.java:1063)
at org.testng.TestNG.run(TestNG.java:1031)
at org.apache.maven.surefire.testng.TestNGExecutor.run(TestNGExecutor.java:284)
at org.apache.maven.surefire.testng.TestNGXmlTestSuite.execute(TestNGXmlTestSuite.java:75)
at org.apache.maven.surefire.testng.TestNGProvider.invoke(TestNGProvider.java:119)
at org.apache.maven.surefire.booter.ForkedBooter.runSuitesInProcess(ForkedBooter.java:428)
at org.apache.maven.surefire.booter.ForkedBooter.execute(ForkedBooter.java:162)
at org.apache.maven.surefire.booter.ForkedBooter.run(ForkedBooter.java:562)
at org.apache.maven.surefire.booter.ForkedBooter.main(ForkedBooter.java:548)
]]>
            </full-stacktrace>
          </exception> <!-- java.lang.AssertionError -->
          <reporter-output>
            <line>
              <![CDATA[<a href='C:\Users\alain\Desktop\VEMSER-QA\trabalho-final-modulo-selenium\.\ScreenShot\testeVerificarSeListaAumentaAoClicarVerMais.jpg'> <img src='C:\Users\alain\Desktop\VEMSER-QA\trabalho-final-modulo-selenium\.\ScreenShot\testeVerificarSeListaAumentaAoClicarVerMais.jpg' height='100' width='100'/> </a>]]>
            </line>
          </reporter-output>
        </test-method> <!-- testeVerificarSeListaAumentaAoClicarVerMais -->
        <test-method status="PASS" signature="fecharNavegador()[pri:0, instance:br.com.ifood.steps.HomeSteps@42561fba]" name="fecharNavegador" is-config="true" duration-ms="765" started-at="2022-11-13T10:35:54 BRT" finished-at="2022-11-13T10:35:55 BRT">
          <reporter-output>
          </reporter-output>
        </test-method> <!-- fecharNavegador -->
      </class> <!-- br.com.ifood.steps.HomeSteps -->
      <class name="br.com.ifood.steps.NavbarSteps">
        <test-method status="PASS" signature="abrirNavegador()[pri:0, instance:br.com.ifood.steps.NavbarSteps@5183d589]" name="abrirNavegador" is-config="true" duration-ms="3088" started-at="2022-11-13T10:35:55 BRT" finished-at="2022-11-13T10:35:58 BRT">
          <reporter-output>
          </reporter-output>
        </test-method> <!-- abrirNavegador -->
        <test-method status="PASS" signature="testeDeveAdicionarItemAoCarrinho()[pri:0, instance:br.com.ifood.steps.NavbarSteps@5183d589]" name="testeDeveAdicionarItemAoCarrinho" duration-ms="15050" started-at="2022-11-13T10:35:58 BRT" description="Teste adicionar produto ao carrinho" finished-at="2022-11-13T10:36:13 BRT">
          <reporter-output>
          </reporter-output>
        </test-method> <!-- testeDeveAdicionarItemAoCarrinho -->
        <test-method status="PASS" signature="fecharNavegador()[pri:0, instance:br.com.ifood.steps.NavbarSteps@5183d589]" name="fecharNavegador" is-config="true" duration-ms="867" started-at="2022-11-13T10:36:13 BRT" finished-at="2022-11-13T10:36:14 BRT">
          <reporter-output>
          </reporter-output>
        </test-method> <!-- fecharNavegador -->
        <test-method status="PASS" signature="abrirNavegador()[pri:0, instance:br.com.ifood.steps.NavbarSteps@5183d589]" name="abrirNavegador" is-config="true" duration-ms="3178" started-at="2022-11-13T10:36:14 BRT" finished-at="2022-11-13T10:36:17 BRT">
          <reporter-output>
          </reporter-output>
        </test-method> <!-- abrirNavegador -->
        <test-method status="PASS" signature="testeDeveInformarErroCasoDigiteCupomInvalido()[pri:0, instance:br.com.ifood.steps.NavbarSteps@5183d589]" name="testeDeveInformarErroCasoDigiteCupomInvalido" duration-ms="13100" started-at="2022-11-13T10:36:17 BRT" description="Teste adicionar cupom inválido" finished-at="2022-11-13T10:36:30 BRT">
          <reporter-output>
          </reporter-output>
        </test-method> <!-- testeDeveInformarErroCasoDigiteCupomInvalido -->
        <test-method status="PASS" signature="fecharNavegador()[pri:0, instance:br.com.ifood.steps.NavbarSteps@5183d589]" name="fecharNavegador" is-config="true" duration-ms="873" started-at="2022-11-13T10:36:30 BRT" finished-at="2022-11-13T10:36:31 BRT">
          <reporter-output>
          </reporter-output>
        </test-method> <!-- fecharNavegador -->
        <test-method status="PASS" signature="abrirNavegador()[pri:0, instance:br.com.ifood.steps.NavbarSteps@5183d589]" name="abrirNavegador" is-config="true" duration-ms="3105" started-at="2022-11-13T10:36:31 BRT" finished-at="2022-11-13T10:36:34 BRT">
          <reporter-output>
          </reporter-output>
        </test-method> <!-- abrirNavegador -->
        <test-method status="FAIL" signature="testeDeveInformarQueOCarrinhoEstaVazio()[pri:0, instance:br.com.ifood.steps.NavbarSteps@5183d589]" name="testeDeveInformarQueOCarrinhoEstaVazio" duration-ms="3139" started-at="2022-11-13T10:36:34 BRT" description="Teste carrinho vazio" finished-at="2022-11-13T10:36:37 BRT">
          <exception class="java.lang.AssertionError">
            <message>
              <![CDATA[expected [] but found [Sua sacola está vazia]]]>
            </message>
            <full-stacktrace>
              <![CDATA[java.lang.AssertionError: expected [] but found [Sua sacola está vazia]
at org.testng.Assert.fail(Assert.java:99)
at org.testng.Assert.failNotEquals(Assert.java:1037)
at org.testng.Assert.assertEqualsImpl(Assert.java:140)
at org.testng.Assert.assertEquals(Assert.java:122)
at org.testng.Assert.assertEquals(Assert.java:629)
at org.testng.Assert.assertEquals(Assert.java:639)
at br.com.ifood.steps.NavbarSteps.testeDeveInformarQueOCarrinhoEstaVazio(NavbarSteps.java:75)
at sun.reflect.NativeMethodAccessorImpl.invoke0(Native Method)
at sun.reflect.NativeMethodAccessorImpl.invoke(NativeMethodAccessorImpl.java:62)
at sun.reflect.DelegatingMethodAccessorImpl.invoke(DelegatingMethodAccessorImpl.java:43)
at java.lang.reflect.Method.invoke(Method.java:498)
at org.testng.internal.MethodInvocationHelper.invokeMethod(MethodInvocationHelper.java:133)
at org.testng.internal.TestInvoker.invokeMethod(TestInvoker.java:598)
at org.testng.internal.TestInvoker.invokeTestMethod(TestInvoker.java:173)
at org.testng.internal.MethodRunner.runInSequence(MethodRunner.java:46)
at org.testng.internal.TestInvoker$MethodInvocationAgent.invoke(TestInvoker.java:824)
at org.testng.internal.TestInvoker.invokeTestMethods(TestInvoker.java:146)
at org.testng.internal.TestMethodWorker.invokeTestMethods(TestMethodWorker.java:146)
at org.testng.internal.TestMethodWorker.run(TestMethodWorker.java:128)
at java.util.ArrayList.forEach(ArrayList.java:1259)
at org.testng.TestRunner.privateRun(TestRunner.java:794)
at org.testng.TestRunner.run(TestRunner.java:596)
at org.testng.SuiteRunner.runTest(SuiteRunner.java:377)
at org.testng.SuiteRunner.runSequentially(SuiteRunner.java:371)
at org.testng.SuiteRunner.privateRun(SuiteRunner.java:332)
at org.testng.SuiteRunner.run(SuiteRunner.java:276)
at org.testng.SuiteRunnerWorker.runSuite(SuiteRunnerWorker.java:53)
at org.testng.SuiteRunnerWorker.run(SuiteRunnerWorker.java:96)
at org.testng.TestNG.runSuitesSequentially(TestNG.java:1212)
at org.testng.TestNG.runSuitesLocally(TestNG.java:1134)
at org.testng.TestNG.runSuites(TestNG.java:1063)
at org.testng.TestNG.run(TestNG.java:1031)
at org.apache.maven.surefire.testng.TestNGExecutor.run(TestNGExecutor.java:284)
at org.apache.maven.surefire.testng.TestNGXmlTestSuite.execute(TestNGXmlTestSuite.java:75)
at org.apache.maven.surefire.testng.TestNGProvider.invoke(TestNGProvider.java:119)
at org.apache.maven.surefire.booter.ForkedBooter.runSuitesInProcess(ForkedBooter.java:428)
at org.apache.maven.surefire.booter.ForkedBooter.execute(ForkedBooter.java:162)
at org.apache.maven.surefire.booter.ForkedBooter.run(ForkedBooter.java:562)
at org.apache.maven.surefire.booter.ForkedBooter.main(ForkedBooter.java:548)
]]>
            </full-stacktrace>
          </exception> <!-- java.lang.AssertionError -->
          <reporter-output>
            <line>
              <![CDATA[<a href='C:\Users\alain\Desktop\VEMSER-QA\trabalho-final-modulo-selenium\.\ScreenShot\testeDeveInformarQueOCarrinhoEstaVazio.jpg'> <img src='C:\Users\alain\Desktop\VEMSER-QA\trabalho-final-modulo-selenium\.\ScreenShot\testeDeveInformarQueOCarrinhoEstaVazio.jpg' height='100' width='100'/> </a>]]>
            </line>
          </reporter-output>
        </test-method> <!-- testeDeveInformarQueOCarrinhoEstaVazio -->
        <test-method status="PASS" signature="fecharNavegador()[pri:0, instance:br.com.ifood.steps.NavbarSteps@5183d589]" name="fecharNavegador" is-config="true" duration-ms="721" started-at="2022-11-13T10:36:37 BRT" finished-at="2022-11-13T10:36:38 BRT">
          <reporter-output>
          </reporter-output>
        </test-method> <!-- fecharNavegador -->
        <test-method status="PASS" signature="abrirNavegador()[pri:0, instance:br.com.ifood.steps.NavbarSteps@5183d589]" name="abrirNavegador" is-config="true" duration-ms="3052" started-at="2022-11-13T10:36:38 BRT" finished-at="2022-11-13T10:36:41 BRT">
          <reporter-output>
          </reporter-output>
        </test-method> <!-- abrirNavegador -->
        <test-method status="PASS" signature="testeDeveRemoverProdutoDoCarrinhoComSucesso()[pri:0, instance:br.com.ifood.steps.NavbarSteps@5183d589]" name="testeDeveRemoverProdutoDoCarrinhoComSucesso" duration-ms="13472" started-at="2022-11-13T10:36:41 BRT" description="Teste remover produto" finished-at="2022-11-13T10:36:55 BRT">
          <reporter-output>
          </reporter-output>
        </test-method> <!-- testeDeveRemoverProdutoDoCarrinhoComSucesso -->
        <test-method status="PASS" signature="fecharNavegador()[pri:0, instance:br.com.ifood.steps.NavbarSteps@5183d589]" name="fecharNavegador" is-config="true" duration-ms="871" started-at="2022-11-13T10:36:55 BRT" finished-at="2022-11-13T10:36:55 BRT">
          <reporter-output>
          </reporter-output>
        </test-method> <!-- fecharNavegador -->
        <test-method status="PASS" signature="abrirNavegador()[pri:0, instance:br.com.ifood.steps.NavbarSteps@5183d589]" name="abrirNavegador" is-config="true" duration-ms="3049" started-at="2022-11-13T10:36:55 BRT" finished-at="2022-11-13T10:36:59 BRT">
          <reporter-output>
          </reporter-output>
        </test-method> <!-- abrirNavegador -->
        <test-method status="PASS" signature="testeDeveRetornarProdutoNaoEncontrado()[pri:0, instance:br.com.ifood.steps.NavbarSteps@5183d589]" name="testeDeveRetornarProdutoNaoEncontrado" duration-ms="3583" started-at="2022-11-13T10:36:59 BRT" description="Teste buscar produto inexistente." finished-at="2022-11-13T10:37:02 BRT">
          <reporter-output>
          </reporter-output>
        </test-method> <!-- testeDeveRetornarProdutoNaoEncontrado -->
        <test-method status="PASS" signature="fecharNavegador()[pri:0, instance:br.com.ifood.steps.NavbarSteps@5183d589]" name="fecharNavegador" is-config="true" duration-ms="746" started-at="2022-11-13T10:37:02 BRT" finished-at="2022-11-13T10:37:03 BRT">
          <reporter-output>
          </reporter-output>
        </test-method> <!-- fecharNavegador -->
        <test-method status="PASS" signature="abrirNavegador()[pri:0, instance:br.com.ifood.steps.NavbarSteps@5183d589]" name="abrirNavegador" is-config="true" duration-ms="3106" started-at="2022-11-13T10:37:03 BRT" finished-at="2022-11-13T10:37:06 BRT">
          <reporter-output>
          </reporter-output>
        </test-method> <!-- abrirNavegador -->
        <test-method status="FAIL" signature="testeListarProdutoOuLojaBuscada()[pri:0, instance:br.com.ifood.steps.NavbarSteps@5183d589]" name="testeListarProdutoOuLojaBuscada" duration-ms="2791" started-at="2022-11-13T10:37:06 BRT" description="Teste buscar produto." finished-at="2022-11-13T10:37:09 BRT">
          <exception class="java.lang.AssertionError">
            <message>
              <![CDATA[expected [https://www.ifood.com.br/busca?q=cerveja] but found [https://www.ifood.com.br/inicio]]]>
            </message>
            <full-stacktrace>
              <![CDATA[java.lang.AssertionError: expected [https://www.ifood.com.br/busca?q=cerveja] but found [https://www.ifood.com.br/inicio]
at org.testng.Assert.fail(Assert.java:99)
at org.testng.Assert.failNotEquals(Assert.java:1037)
at org.testng.Assert.assertEqualsImpl(Assert.java:140)
at org.testng.Assert.assertEquals(Assert.java:122)
at org.testng.Assert.assertEquals(Assert.java:629)
at org.testng.Assert.assertEquals(Assert.java:639)
at br.com.ifood.steps.NavbarSteps.testeListarProdutoOuLojaBuscada(NavbarSteps.java:31)
at sun.reflect.NativeMethodAccessorImpl.invoke0(Native Method)
at sun.reflect.NativeMethodAccessorImpl.invoke(NativeMethodAccessorImpl.java:62)
at sun.reflect.DelegatingMethodAccessorImpl.invoke(DelegatingMethodAccessorImpl.java:43)
at java.lang.reflect.Method.invoke(Method.java:498)
at org.testng.internal.MethodInvocationHelper.invokeMethod(MethodInvocationHelper.java:133)
at org.testng.internal.TestInvoker.invokeMethod(TestInvoker.java:598)
at org.testng.internal.TestInvoker.invokeTestMethod(TestInvoker.java:173)
at org.testng.internal.MethodRunner.runInSequence(MethodRunner.java:46)
at org.testng.internal.TestInvoker$MethodInvocationAgent.invoke(TestInvoker.java:824)
at org.testng.internal.TestInvoker.invokeTestMethods(TestInvoker.java:146)
at org.testng.internal.TestMethodWorker.invokeTestMethods(TestMethodWorker.java:146)
at org.testng.internal.TestMethodWorker.run(TestMethodWorker.java:128)
at java.util.ArrayList.forEach(ArrayList.java:1259)
at org.testng.TestRunner.privateRun(TestRunner.java:794)
at org.testng.TestRunner.run(TestRunner.java:596)
at org.testng.SuiteRunner.runTest(SuiteRunner.java:377)
at org.testng.SuiteRunner.runSequentially(SuiteRunner.java:371)
at org.testng.SuiteRunner.privateRun(SuiteRunner.java:332)
at org.testng.SuiteRunner.run(SuiteRunner.java:276)
at org.testng.SuiteRunnerWorker.runSuite(SuiteRunnerWorker.java:53)
at org.testng.SuiteRunnerWorker.run(SuiteRunnerWorker.java:96)
at org.testng.TestNG.runSuitesSequentially(TestNG.java:1212)
at org.testng.TestNG.runSuitesLocally(TestNG.java:1134)
at org.testng.TestNG.runSuites(TestNG.java:1063)
at org.testng.TestNG.run(TestNG.java:1031)
at org.apache.maven.surefire.testng.TestNGExecutor.run(TestNGExecutor.java:284)
at org.apache.maven.surefire.testng.TestNGXmlTestSuite.execute(TestNGXmlTestSuite.java:75)
at org.apache.maven.surefire.testng.TestNGProvider.invoke(TestNGProvider.java:119)
at org.apache.maven.surefire.booter.ForkedBooter.runSuitesInProcess(ForkedBooter.java:428)
at org.apache.maven.surefire.booter.ForkedBooter.execute(ForkedBooter.java:162)
at org.apache.maven.surefire.booter.ForkedBooter.run(ForkedBooter.java:562)
at org.apache.maven.surefire.booter.ForkedBooter.main(ForkedBooter.java:548)
]]>
            </full-stacktrace>
          </exception> <!-- java.lang.AssertionError -->
          <reporter-output>
            <line>
              <![CDATA[<a href='C:\Users\alain\Desktop\VEMSER-QA\trabalho-final-modulo-selenium\.\ScreenShot\testeListarProdutoOuLojaBuscada.jpg'> <img src='C:\Users\alain\Desktop\VEMSER-QA\trabalho-final-modulo-selenium\.\ScreenShot\testeListarProdutoOuLojaBuscada.jpg' height='100' width='100'/> </a>]]>
            </line>
          </reporter-output>
        </test-method> <!-- testeListarProdutoOuLojaBuscada -->
        <test-method status="PASS" signature="fecharNavegador()[pri:0, instance:br.com.ifood.steps.NavbarSteps@5183d589]" name="fecharNavegador" is-config="true" duration-ms="738" started-at="2022-11-13T10:37:09 BRT" finished-at="2022-11-13T10:37:10 BRT">
          <reporter-output>
          </reporter-output>
        </test-method> <!-- fecharNavegador -->
      </class> <!-- br.com.ifood.steps.NavbarSteps -->
      <class name="br.com.ifood.steps.LandingSteps">
        <test-method status="PASS" signature="abrirNavegador()[pri:0, instance:br.com.ifood.steps.LandingSteps@5b989dc7]" name="abrirNavegador" is-config="true" duration-ms="5853" started-at="2022-11-13T10:34:18 BRT" finished-at="2022-11-13T10:34:24 BRT">
          <reporter-output>
          </reporter-output>
        </test-method> <!-- abrirNavegador -->
        <test-method status="PASS" signature="deveDesabilitarBtnSalvarEnderecoCasoNumeroNaoSejaInformado()[pri:0, instance:br.com.ifood.steps.LandingSteps@5b989dc7]" name="deveDesabilitarBtnSalvarEnderecoCasoNumeroNaoSejaInformado" duration-ms="1979" started-at="2022-11-13T10:34:24 BRT" description="Teste botão &#039;salvar endereço&#039; desabilitado." finished-at="2022-11-13T10:34:26 BRT">
          <reporter-output>
          </reporter-output>
        </test-method> <!-- deveDesabilitarBtnSalvarEnderecoCasoNumeroNaoSejaInformado -->
        <test-method status="PASS" signature="fecharNavegador()[pri:0, instance:br.com.ifood.steps.LandingSteps@5b989dc7]" name="fecharNavegador" is-config="true" duration-ms="753" started-at="2022-11-13T10:34:26 BRT" finished-at="2022-11-13T10:34:27 BRT">
          <reporter-output>
          </reporter-output>
        </test-method> <!-- fecharNavegador -->
        <test-method status="PASS" signature="abrirNavegador()[pri:0, instance:br.com.ifood.steps.LandingSteps@5b989dc7]" name="abrirNavegador" is-config="true" duration-ms="3191" started-at="2022-11-13T10:34:27 BRT" finished-at="2022-11-13T10:34:30 BRT">
          <reporter-output>
          </reporter-output>
        </test-method> <!-- abrirNavegador -->
        <test-method status="FAIL" signature="deveInformarEnderecoEscolhidoNavBar()[pri:0, instance:br.com.ifood.steps.LandingSteps@5b989dc7]" name="deveInformarEnderecoEscolhidoNavBar" duration-ms="2330" started-at="2022-11-13T10:34:30 BRT" description="Teste com endereço válido." finished-at="2022-11-13T10:34:33 BRT">
          <exception class="java.lang.AssertionError">
            <message>
              <![CDATA[expected [R. Prof. Geraldo Rosa,
588] but found [R. Uberlândia,
588]]]>
            </message>
            <full-stacktrace>
              <![CDATA[java.lang.AssertionError: expected [R. Prof. Geraldo Rosa,
588] but found [R. Uberlândia,
588]
at org.testng.Assert.fail(Assert.java:99)
at org.testng.Assert.failNotEquals(Assert.java:1037)
at org.testng.Assert.assertEqualsImpl(Assert.java:140)
at org.testng.Assert.assertEquals(Assert.java:122)
at org.testng.Assert.assertEquals(Assert.java:629)
at org.testng.Assert.assertEquals(Assert.java:639)
at br.com.ifood.steps.LandingSteps.deveInformarEnderecoEscolhidoNavBar(LandingSteps.java:25)
at sun.reflect.NativeMethodAccessorImpl.invoke0(Native Method)
at sun.reflect.NativeMethodAccessorImpl.invoke(NativeMethodAccessorImpl.java:62)
at sun.reflect.DelegatingMethodAccessorImpl.invoke(DelegatingMethodAccessorImpl.java:43)
at java.lang.reflect.Method.invoke(Method.java:498)
at org.testng.internal.MethodInvocationHelper.invokeMethod(MethodInvocationHelper.java:133)
at org.testng.internal.TestInvoker.invokeMethod(TestInvoker.java:598)
at org.testng.internal.TestInvoker.invokeTestMethod(TestInvoker.java:173)
at org.testng.internal.MethodRunner.runInSequence(MethodRunner.java:46)
at org.testng.internal.TestInvoker$MethodInvocationAgent.invoke(TestInvoker.java:824)
at org.testng.internal.TestInvoker.invokeTestMethods(TestInvoker.java:146)
at org.testng.internal.TestMethodWorker.invokeTestMethods(TestMethodWorker.java:146)
at org.testng.internal.TestMethodWorker.run(TestMethodWorker.java:128)
at java.util.ArrayList.forEach(ArrayList.java:1259)
at org.testng.TestRunner.privateRun(TestRunner.java:794)
at org.testng.TestRunner.run(TestRunner.java:596)
at org.testng.SuiteRunner.runTest(SuiteRunner.java:377)
at org.testng.SuiteRunner.runSequentially(SuiteRunner.java:371)
at org.testng.SuiteRunner.privateRun(SuiteRunner.java:332)
at org.testng.SuiteRunner.run(SuiteRunner.java:276)
at org.testng.SuiteRunnerWorker.runSuite(SuiteRunnerWorker.java:53)
at org.testng.SuiteRunnerWorker.run(SuiteRunnerWorker.java:96)
at org.testng.TestNG.runSuitesSequentially(TestNG.java:1212)
at org.testng.TestNG.runSuitesLocally(TestNG.java:1134)
at org.testng.TestNG.runSuites(TestNG.java:1063)
at org.testng.TestNG.run(TestNG.java:1031)
at org.apache.maven.surefire.testng.TestNGExecutor.run(TestNGExecutor.java:284)
at org.apache.maven.surefire.testng.TestNGXmlTestSuite.execute(TestNGXmlTestSuite.java:75)
at org.apache.maven.surefire.testng.TestNGProvider.invoke(TestNGProvider.java:119)
at org.apache.maven.surefire.booter.ForkedBooter.runSuitesInProcess(ForkedBooter.java:428)
at org.apache.maven.surefire.booter.ForkedBooter.execute(ForkedBooter.java:162)
at org.apache.maven.surefire.booter.ForkedBooter.run(ForkedBooter.java:562)
at org.apache.maven.surefire.booter.ForkedBooter.main(ForkedBooter.java:548)
]]>
            </full-stacktrace>
          </exception> <!-- java.lang.AssertionError -->
          <reporter-output>
            <line>
              <![CDATA[<a href='C:\Users\alain\Desktop\VEMSER-QA\trabalho-final-modulo-selenium\.\ScreenShot\deveInformarEnderecoEscolhidoNavBar.jpg'> <img src='C:\Users\alain\Desktop\VEMSER-QA\trabalho-final-modulo-selenium\.\ScreenShot\deveInformarEnderecoEscolhidoNavBar.jpg' height='100' width='100'/> </a>]]>
            </line>
          </reporter-output>
        </test-method> <!-- deveInformarEnderecoEscolhidoNavBar -->
        <test-method status="PASS" signature="fecharNavegador()[pri:0, instance:br.com.ifood.steps.LandingSteps@5b989dc7]" name="fecharNavegador" is-config="true" duration-ms="707" started-at="2022-11-13T10:34:33 BRT" finished-at="2022-11-13T10:34:34 BRT">
          <reporter-output>
          </reporter-output>
        </test-method> <!-- fecharNavegador -->
        <test-method status="PASS" signature="abrirNavegador()[pri:0, instance:br.com.ifood.steps.LandingSteps@5b989dc7]" name="abrirNavegador" is-config="true" duration-ms="3167" started-at="2022-11-13T10:34:34 BRT" finished-at="2022-11-13T10:34:37 BRT">
          <reporter-output>
          </reporter-output>
        </test-method> <!-- abrirNavegador -->
        <test-method status="PASS" signature="deveInformarUsuarioParaBuscarEnderecoCasoCampoEstejaVazio()[pri:0, instance:br.com.ifood.steps.LandingSteps@5b989dc7]" name="deveInformarUsuarioParaBuscarEnderecoCasoCampoEstejaVazio" duration-ms="30" started-at="2022-11-13T10:34:37 BRT" finished-at="2022-11-13T10:34:37 BRT">
          <reporter-output>
          </reporter-output>
        </test-method> <!-- deveInformarUsuarioParaBuscarEnderecoCasoCampoEstejaVazio -->
        <test-method status="PASS" signature="fecharNavegador()[pri:0, instance:br.com.ifood.steps.LandingSteps@5b989dc7]" name="fecharNavegador" is-config="true" duration-ms="649" started-at="2022-11-13T10:34:37 BRT" finished-at="2022-11-13T10:34:38 BRT">
          <reporter-output>
          </reporter-output>
        </test-method> <!-- fecharNavegador -->
        <test-method status="PASS" signature="abrirNavegador()[pri:0, instance:br.com.ifood.steps.LandingSteps@5b989dc7]" name="abrirNavegador" is-config="true" duration-ms="3062" started-at="2022-11-13T10:34:38 BRT" finished-at="2022-11-13T10:34:41 BRT">
          <reporter-output>
          </reporter-output>
        </test-method> <!-- abrirNavegador -->
        <test-method status="FAIL" signature="deveManterBtnDesabilitadoCasoSejaDigitadoValorInvalido()[pri:0, instance:br.com.ifood.steps.LandingSteps@5b989dc7]" name="deveManterBtnDesabilitadoCasoSejaDigitadoValorInvalido" duration-ms="1914" started-at="2022-11-13T10:34:41 BRT" description="Teste preencher número de endereço com valor inválido." finished-at="2022-11-13T10:34:43 BRT">
          <exception class="java.lang.AssertionError">
            <message>
              <![CDATA[expected [true] but found [null]]]>
            </message>
            <full-stacktrace>
              <![CDATA[java.lang.AssertionError: expected [true] but found [null]
at org.testng.Assert.fail(Assert.java:99)
at org.testng.Assert.failNotEquals(Assert.java:1037)
at org.testng.Assert.assertEqualsImpl(Assert.java:140)
at org.testng.Assert.assertEquals(Assert.java:122)
at org.testng.Assert.assertEquals(Assert.java:629)
at org.testng.Assert.assertEquals(Assert.java:639)
at br.com.ifood.steps.LandingSteps.deveManterBtnDesabilitadoCasoSejaDigitadoValorInvalido(LandingSteps.java:80)
at sun.reflect.NativeMethodAccessorImpl.invoke0(Native Method)
at sun.reflect.NativeMethodAccessorImpl.invoke(NativeMethodAccessorImpl.java:62)
at sun.reflect.DelegatingMethodAccessorImpl.invoke(DelegatingMethodAccessorImpl.java:43)
at java.lang.reflect.Method.invoke(Method.java:498)
at org.testng.internal.MethodInvocationHelper.invokeMethod(MethodInvocationHelper.java:133)
at org.testng.internal.TestInvoker.invokeMethod(TestInvoker.java:598)
at org.testng.internal.TestInvoker.invokeTestMethod(TestInvoker.java:173)
at org.testng.internal.MethodRunner.runInSequence(MethodRunner.java:46)
at org.testng.internal.TestInvoker$MethodInvocationAgent.invoke(TestInvoker.java:824)
at org.testng.internal.TestInvoker.invokeTestMethods(TestInvoker.java:146)
at org.testng.internal.TestMethodWorker.invokeTestMethods(TestMethodWorker.java:146)
at org.testng.internal.TestMethodWorker.run(TestMethodWorker.java:128)
at java.util.ArrayList.forEach(ArrayList.java:1259)
at org.testng.TestRunner.privateRun(TestRunner.java:794)
at org.testng.TestRunner.run(TestRunner.java:596)
at org.testng.SuiteRunner.runTest(SuiteRunner.java:377)
at org.testng.SuiteRunner.runSequentially(SuiteRunner.java:371)
at org.testng.SuiteRunner.privateRun(SuiteRunner.java:332)
at org.testng.SuiteRunner.run(SuiteRunner.java:276)
at org.testng.SuiteRunnerWorker.runSuite(SuiteRunnerWorker.java:53)
at org.testng.SuiteRunnerWorker.run(SuiteRunnerWorker.java:96)
at org.testng.TestNG.runSuitesSequentially(TestNG.java:1212)
at org.testng.TestNG.runSuitesLocally(TestNG.java:1134)
at org.testng.TestNG.runSuites(TestNG.java:1063)
at org.testng.TestNG.run(TestNG.java:1031)
at org.apache.maven.surefire.testng.TestNGExecutor.run(TestNGExecutor.java:284)
at org.apache.maven.surefire.testng.TestNGXmlTestSuite.execute(TestNGXmlTestSuite.java:75)
at org.apache.maven.surefire.testng.TestNGProvider.invoke(TestNGProvider.java:119)
at org.apache.maven.surefire.booter.ForkedBooter.runSuitesInProcess(ForkedBooter.java:428)
at org.apache.maven.surefire.booter.ForkedBooter.execute(ForkedBooter.java:162)
at org.apache.maven.surefire.booter.ForkedBooter.run(ForkedBooter.java:562)
at org.apache.maven.surefire.booter.ForkedBooter.main(ForkedBooter.java:548)
]]>
            </full-stacktrace>
          </exception> <!-- java.lang.AssertionError -->
          <reporter-output>
            <line>
              <![CDATA[<a href='C:\Users\alain\Desktop\VEMSER-QA\trabalho-final-modulo-selenium\.\ScreenShot\deveManterBtnDesabilitadoCasoSejaDigitadoValorInvalido.jpg'> <img src='C:\Users\alain\Desktop\VEMSER-QA\trabalho-final-modulo-selenium\.\ScreenShot\deveManterBtnDesabilitadoCasoSejaDigitadoValorInvalido.jpg' height='100' width='100'/> </a>]]>
            </line>
          </reporter-output>
        </test-method> <!-- deveManterBtnDesabilitadoCasoSejaDigitadoValorInvalido -->
        <test-method status="PASS" signature="fecharNavegador()[pri:0, instance:br.com.ifood.steps.LandingSteps@5b989dc7]" name="fecharNavegador" is-config="true" duration-ms="709" started-at="2022-11-13T10:34:43 BRT" finished-at="2022-11-13T10:34:44 BRT">
          <reporter-output>
          </reporter-output>
        </test-method> <!-- fecharNavegador -->
        <test-method status="PASS" signature="abrirNavegador()[pri:0, instance:br.com.ifood.steps.LandingSteps@5b989dc7]" name="abrirNavegador" is-config="true" duration-ms="3551" started-at="2022-11-13T10:34:44 BRT" finished-at="2022-11-13T10:34:47 BRT">
          <reporter-output>
          </reporter-output>
        </test-method> <!-- abrirNavegador -->
        <test-method status="PASS" signature="devePedirNumeroDoEnderecoCasoNaoSejaInformado()[pri:0, instance:br.com.ifood.steps.LandingSteps@5b989dc7]" name="devePedirNumeroDoEnderecoCasoNaoSejaInformado" duration-ms="1857" started-at="2022-11-13T10:34:47 BRT" description="Teste com endereço sem informar número." finished-at="2022-11-13T10:34:49 BRT">
          <reporter-output>
          </reporter-output>
        </test-method> <!-- devePedirNumeroDoEnderecoCasoNaoSejaInformado -->
        <test-method status="PASS" signature="fecharNavegador()[pri:0, instance:br.com.ifood.steps.LandingSteps@5b989dc7]" name="fecharNavegador" is-config="true" duration-ms="706" started-at="2022-11-13T10:34:49 BRT" finished-at="2022-11-13T10:34:50 BRT">
          <reporter-output>
          </reporter-output>
        </test-method> <!-- fecharNavegador -->
        <test-method status="PASS" signature="abrirNavegador()[pri:0, instance:br.com.ifood.steps.LandingSteps@5b989dc7]" name="abrirNavegador" is-config="true" duration-ms="3128" started-at="2022-11-13T10:34:50 BRT" finished-at="2022-11-13T10:34:53 BRT">
          <reporter-output>
          </reporter-output>
        </test-method> <!-- abrirNavegador -->
        <test-method status="PASS" signature="deveRetornarMensagemErroAoInformarEnderecoInvalido()[pri:0, instance:br.com.ifood.steps.LandingSteps@5b989dc7]" name="deveRetornarMensagemErroAoInformarEnderecoInvalido" duration-ms="1410" started-at="2022-11-13T10:34:53 BRT" description="Teste com endereço inválido." finished-at="2022-11-13T10:34:54 BRT">
          <reporter-output>
          </reporter-output>
        </test-method> <!-- deveRetornarMensagemErroAoInformarEnderecoInvalido -->
        <test-method status="PASS" signature="fecharNavegador()[pri:0, instance:br.com.ifood.steps.LandingSteps@5b989dc7]" name="fecharNavegador" is-config="true" duration-ms="695" started-at="2022-11-13T10:34:54 BRT" finished-at="2022-11-13T10:34:55 BRT">
          <reporter-output>
          </reporter-output>
        </test-method> <!-- fecharNavegador -->
      </class> <!-- br.com.ifood.steps.LandingSteps -->
    </test> <!-- User Tests -->
  </suite> <!-- Suite -->
</testng-results>
