<?xml version="1.0" encoding="UTF-8"?>
<testsuite xmlns:xsi="http://www.w3.org/2001/XMLSchema-instance" xsi:noNamespaceSchemaLocation="https://maven.apache.org/surefire/maven-surefire-plugin/xsd/surefire-test-report-3.0.xsd" version="3.0" name="TestSuite" time="102.544" tests="11" errors="0" skipped="0" failures="7">
  <properties>
[...]
</properties>
  <testcase name="deveDesabilitarBtnSalvarEnderecoCasoNumeroNaoSejaInformado" classname="br.com.ifood.steps.LandingSteps" time="3.068">
    <system-out><![CDATA[...
... TestNG 7.4.0 by Cédric Beust (cedric@beust.com)
...

]]></system-out>
    <system-err><![CDATA[Starting ChromeDriver 107.0.5304.62 (1eec40d3a5764881c92085aaee66d25075c159aa-refs/branch-heads/5304@{#942}) on port 53449
Only local connections are allowed.
Please see https://chromedriver.chromium.org/security-considerations for suggestions on keeping ChromeDriver safe.
ChromeDriver was started successfully.
nov 12, 2022 2:57:59 PM org.openqa.selenium.remote.ProtocolHandshake createSession
INFORMAÇÕES: Detected dialect: W3C
nov 12, 2022 2:57:59 PM org.openqa.selenium.devtools.CdpVersionFinder findNearestMatch
ADVERTÊNCIA: Unable to find an exact match for CDP version 107, so returning the closest version found: a no-op implementation
nov 12, 2022 2:57:59 PM org.openqa.selenium.devtools.CdpVersionFinder findNearestMatch
INFORMAÇÕES: Unable to find CDP implementation matching 107.
nov 12, 2022 2:57:59 PM org.openqa.selenium.chromium.ChromiumDriver lambda$new$3
ADVERTÊNCIA: Unable to find version of CDP to use for . You may need to include a dependency on a specific version of the CDP using something similar to `org.seleniumhq.selenium:selenium-devtools-v86:4.1.2` where the version ("v86") matches the version of the chromium-based browser you're using and the version number of the artifact is the same as Selenium's.
]]></system-err>
  </testcase>
  <testcase name="deveInformarEnderecoEscolhidoNavBar" classname="br.com.ifood.steps.LandingSteps" time="3.198">
    <failure message="expected [] but found [R. Uberlândia,&#10;588]" type="java.lang.AssertionError"><![CDATA[java.lang.AssertionError: 
expected [] but found [R. Uberlândia,
588]
	at br.com.ifood.steps.LandingSteps.deveInformarEnderecoEscolhidoNavBar(LandingSteps.java:25)
]]></failure>
    <system-err><![CDATA[Starting ChromeDriver 107.0.5304.62 (1eec40d3a5764881c92085aaee66d25075c159aa-refs/branch-heads/5304@{#942}) on port 51267
Only local connections are allowed.
Please see https://chromedriver.chromium.org/security-considerations for suggestions on keeping ChromeDriver safe.
ChromeDriver was started successfully.
nov 12, 2022 2:58:06 PM org.openqa.selenium.remote.ProtocolHandshake createSession
INFORMAÇÕES: Detected dialect: W3C
nov 12, 2022 2:58:06 PM org.openqa.selenium.devtools.CdpVersionFinder findNearestMatch
ADVERTÊNCIA: Unable to find an exact match for CDP version 107, so returning the closest version found: a no-op implementation
nov 12, 2022 2:58:06 PM org.openqa.selenium.devtools.CdpVersionFinder findNearestMatch
INFORMAÇÕES: Unable to find CDP implementation matching 107.
nov 12, 2022 2:58:06 PM org.openqa.selenium.chromium.ChromiumDriver lambda$new$3
ADVERTÊNCIA: Unable to find version of CDP to use for . You may need to include a dependency on a specific version of the CDP using something similar to `org.seleniumhq.selenium:selenium-devtools-v86:4.1.2` where the version ("v86") matches the version of the chromium-based browser you're using and the version number of the artifact is the same as Selenium's.
]]></system-err>
  </testcase>
  <testcase name="deveInformarUsuarioParaBuscarEnderecoCasoCampoEstejaVazio" classname="br.com.ifood.steps.LandingSteps" time="0.024">
    <system-err><![CDATA[[main] ERROR io.qameta.allure.AllureLifecycle - Could not add attachment: no test is running
Starting ChromeDriver 107.0.5304.62 (1eec40d3a5764881c92085aaee66d25075c159aa-refs/branch-heads/5304@{#942}) on port 63603
Only local connections are allowed.
Please see https://chromedriver.chromium.org/security-considerations for suggestions on keeping ChromeDriver safe.
ChromeDriver was started successfully.
nov 12, 2022 2:58:17 PM org.openqa.selenium.remote.ProtocolHandshake createSession
INFORMAÇÕES: Detected dialect: W3C
nov 12, 2022 2:58:17 PM org.openqa.selenium.devtools.CdpVersionFinder findNearestMatch
ADVERTÊNCIA: Unable to find an exact match for CDP version 107, so returning the closest version found: a no-op implementation
nov 12, 2022 2:58:17 PM org.openqa.selenium.devtools.CdpVersionFinder findNearestMatch
INFORMAÇÕES: Unable to find CDP implementation matching 107.
nov 12, 2022 2:58:17 PM org.openqa.selenium.chromium.ChromiumDriver lambda$new$3
ADVERTÊNCIA: Unable to find version of CDP to use for . You may need to include a dependency on a specific version of the CDP using something similar to `org.seleniumhq.selenium:selenium-devtools-v86:4.1.2` where the version ("v86") matches the version of the chromium-based browser you're using and the version number of the artifact is the same as Selenium's.
]]></system-err>
  </testcase>
  <testcase name="deveManterBtnDesabilitadoCasoSejaDigitadoValorInvalido" classname="br.com.ifood.steps.LandingSteps" time="1.966">
    <failure message="expected [null] but found [true]" type="java.lang.AssertionError"><![CDATA[java.lang.AssertionError: expected [null] but found [true]
	at br.com.ifood.steps.LandingSteps.deveManterBtnDesabilitadoCasoSejaDigitadoValorInvalido(LandingSteps.java:80)
]]></failure>
    <system-err><![CDATA[Starting ChromeDriver 107.0.5304.62 (1eec40d3a5764881c92085aaee66d25075c159aa-refs/branch-heads/5304@{#942}) on port 54609
Only local connections are allowed.
Please see https://chromedriver.chromium.org/security-considerations for suggestions on keeping ChromeDriver safe.
ChromeDriver was started successfully.
nov 12, 2022 2:58:23 PM org.openqa.selenium.remote.ProtocolHandshake createSession
INFORMAÇÕES: Detected dialect: W3C
nov 12, 2022 2:58:23 PM org.openqa.selenium.devtools.CdpVersionFinder findNearestMatch
ADVERTÊNCIA: Unable to find an exact match for CDP version 107, so returning the closest version found: a no-op implementation
nov 12, 2022 2:58:23 PM org.openqa.selenium.devtools.CdpVersionFinder findNearestMatch
INFORMAÇÕES: Unable to find CDP implementation matching 107.
nov 12, 2022 2:58:23 PM org.openqa.selenium.chromium.ChromiumDriver lambda$new$3
ADVERTÊNCIA: Unable to find version of CDP to use for . You may need to include a dependency on a specific version of the CDP using something similar to `org.seleniumhq.selenium:selenium-devtools-v86:4.1.2` where the version ("v86") matches the version of the chromium-based browser you're using and the version number of the artifact is the same as Selenium's.
]]></system-err>
  </testcase>
  <testcase name="devePedirNumeroDoEnderecoCasoNaoSejaInformado" classname="br.com.ifood.steps.LandingSteps" time="1.902">
    <failure message="expected [] but found [Você não informou o número de endereço]" type="java.lang.AssertionError"><![CDATA[java.lang.AssertionError: expected [] but found [Você não informou o número de endereço]
	at br.com.ifood.steps.LandingSteps.devePedirNumeroDoEnderecoCasoNaoSejaInformado(LandingSteps.java:55)
]]></failure>
    <system-err><![CDATA[[main] ERROR io.qameta.allure.AllureLifecycle - Could not add attachment: no test is running
Starting ChromeDriver 107.0.5304.62 (1eec40d3a5764881c92085aaee66d25075c159aa-refs/branch-heads/5304@{#942}) on port 57851
Only local connections are allowed.
Please see https://chromedriver.chromium.org/security-considerations for suggestions on keeping ChromeDriver safe.
ChromeDriver was started successfully.
nov 12, 2022 2:58:30 PM org.openqa.selenium.remote.ProtocolHandshake createSession
INFORMAÇÕES: Detected dialect: W3C
nov 12, 2022 2:58:30 PM org.openqa.selenium.devtools.CdpVersionFinder findNearestMatch
ADVERTÊNCIA: Unable to find an exact match for CDP version 107, so returning the closest version found: a no-op implementation
nov 12, 2022 2:58:30 PM org.openqa.selenium.devtools.CdpVersionFinder findNearestMatch
INFORMAÇÕES: Unable to find CDP implementation matching 107.
nov 12, 2022 2:58:30 PM org.openqa.selenium.chromium.ChromiumDriver lambda$new$3
ADVERTÊNCIA: Unable to find version of CDP to use for . You may need to include a dependency on a specific version of the CDP using something similar to `org.seleniumhq.selenium:selenium-devtools-v86:4.1.2` where the version ("v86") matches the version of the chromium-based browser you're using and the version number of the artifact is the same as Selenium's.
]]></system-err>
  </testcase>
  <testcase name="deveRetornarMensagemErroAoInformarEnderecoInvalido" classname="br.com.ifood.steps.LandingSteps" time="1.379">
    <system-err><![CDATA[[main] ERROR io.qameta.allure.AllureLifecycle - Could not add attachment: no test is running
Starting ChromeDriver 107.0.5304.62 (1eec40d3a5764881c92085aaee66d25075c159aa-refs/branch-heads/5304@{#942}) on port 55274
Only local connections are allowed.
Please see https://chromedriver.chromium.org/security-considerations for suggestions on keeping ChromeDriver safe.
ChromeDriver was started successfully.
nov 12, 2022 2:58:36 PM org.openqa.selenium.remote.ProtocolHandshake createSession
INFORMAÇÕES: Detected dialect: W3C
nov 12, 2022 2:58:36 PM org.openqa.selenium.devtools.CdpVersionFinder findNearestMatch
ADVERTÊNCIA: Unable to find an exact match for CDP version 107, so returning the closest version found: a no-op implementation
nov 12, 2022 2:58:36 PM org.openqa.selenium.devtools.CdpVersionFinder findNearestMatch
INFORMAÇÕES: Unable to find CDP implementation matching 107.
nov 12, 2022 2:58:36 PM org.openqa.selenium.chromium.ChromiumDriver lambda$new$3
ADVERTÊNCIA: Unable to find version of CDP to use for . You may need to include a dependency on a specific version of the CDP using something similar to `org.seleniumhq.selenium:selenium-devtools-v86:4.1.2` where the version ("v86") matches the version of the chromium-based browser you're using and the version number of the artifact is the same as Selenium's.
]]></system-err>
  </testcase>
  <testcase name="testeDeveRedirecionarParaAPaginaDaLoja" classname="br.com.ifood.steps.HomeSteps" time="6.22">
    <failure message="element click intercepted: Element &lt;div class=&quot;merchant-v2__figure-container&quot;&gt;...&lt;/div&gt; is not clickable at point (419, 550). Other element would receive the click: &lt;div class=&quot;tab-bar&quot;&gt;...&lt;/div&gt;&#10;  (Session info: headless chrome=107.0.5304.107)&#10;Build info: version: &apos;4.1.2&apos;, revision: &apos;9a5a329c5a&apos;&#10;System info: host: &apos;C3PO&apos;, ip: &apos;192.168.100.10&apos;, os.name: &apos;Windows 11&apos;, os.arch: &apos;amd64&apos;, os.version: &apos;10.0&apos;, java.version: &apos;1.8.0_352&apos;&#10;Driver info: org.openqa.selenium.chrome.ChromeDriver&#10;Command: [387d720306c575d482021f53c2bae69c, clickElement {id=ed435f5f-fba2-4440-9eda-9f34d5ed9060}]&#10;Capabilities {acceptInsecureCerts: false, browserName: chrome, browserVersion: 107.0.5304.107, chrome: {chromedriverVersion: 107.0.5304.62 (1eec40d3a576..., userDataDir: C:\Users\alain\AppData\Loca...}, goog:chromeOptions: {debuggerAddress: localhost:58985}, javascriptEnabled: true, networkConnectionEnabled: false, pageLoadStrategy: normal, platform: WINDOWS, platformName: WINDOWS, proxy: Proxy(), se:cdp: ws://localhost:58985/devtoo..., se:cdpVersion: 107.0.5304.107, setWindowRect: true, strictFileInteractability: false, timeouts: {implicit: 0, pageLoad: 300000, script: 30000}, unhandledPromptBehavior: dismiss and notify, webauthn:extension:credBlob: true, webauthn:extension:largeBlob: true, webauthn:virtualAuthenticators: true}&#10;Element: [[ChromeDriver: chrome on WINDOWS (387d720306c575d482021f53c2bae69c)] -&gt; css selector: #__next &gt; div:nth-child(1) &gt; main &gt; div &gt; div.content-container.cardstack-home &gt; section &gt; article:nth-child(3) &gt; section:nth-child(1) &gt; div &gt; div.merchant-list-v2__wrapper &gt; div:nth-child(2) &gt; a &gt; div &gt; div.merchant-v2__figure-container]&#10;Session ID: 387d720306c575d482021f53c2bae69c" type="org.openqa.selenium.ElementClickInterceptedException"><![CDATA[org.openqa.selenium.ElementClickInterceptedException: 
element click intercepted: Element <div class="merchant-v2__figure-container">...</div> is not clickable at point (419, 550). Other element would receive the click: <div class="tab-bar">...</div>
  (Session info: headless chrome=107.0.5304.107)
Build info: version: '4.1.2', revision: '9a5a329c5a'
System info: host: 'C3PO', ip: '192.168.100.10', os.name: 'Windows 11', os.arch: 'amd64', os.version: '10.0', java.version: '1.8.0_352'
Driver info: org.openqa.selenium.chrome.ChromeDriver
Command: [387d720306c575d482021f53c2bae69c, clickElement {id=ed435f5f-fba2-4440-9eda-9f34d5ed9060}]
Capabilities {acceptInsecureCerts: false, browserName: chrome, browserVersion: 107.0.5304.107, chrome: {chromedriverVersion: 107.0.5304.62 (1eec40d3a576..., userDataDir: C:\Users\alain\AppData\Loca...}, goog:chromeOptions: {debuggerAddress: localhost:58985}, javascriptEnabled: true, networkConnectionEnabled: false, pageLoadStrategy: normal, platform: WINDOWS, platformName: WINDOWS, proxy: Proxy(), se:cdp: ws://localhost:58985/devtoo..., se:cdpVersion: 107.0.5304.107, setWindowRect: true, strictFileInteractability: false, timeouts: {implicit: 0, pageLoad: 300000, script: 30000}, unhandledPromptBehavior: dismiss and notify, webauthn:extension:credBlob: true, webauthn:extension:largeBlob: true, webauthn:virtualAuthenticators: true}
Element: [[ChromeDriver: chrome on WINDOWS (387d720306c575d482021f53c2bae69c)] -> css selector: #__next > div:nth-child(1) > main > div > div.content-container.cardstack-home > section > article:nth-child(3) > section:nth-child(1) > div > div.merchant-list-v2__wrapper > div:nth-child(2) > a > div > div.merchant-v2__figure-container]
Session ID: 387d720306c575d482021f53c2bae69c
	at br.com.ifood.steps.HomeSteps.testeDeveRedirecionarParaAPaginaDaLoja(HomeSteps.java:61)
]]></failure>
    <system-err><![CDATA[Starting ChromeDriver 107.0.5304.62 (1eec40d3a5764881c92085aaee66d25075c159aa-refs/branch-heads/5304@{#942}) on port 58299
Only local connections are allowed.
Please see https://chromedriver.chromium.org/security-considerations for suggestions on keeping ChromeDriver safe.
ChromeDriver was started successfully.
nov 12, 2022 2:58:41 PM org.openqa.selenium.remote.ProtocolHandshake createSession
INFORMAÇÕES: Detected dialect: W3C
nov 12, 2022 2:58:41 PM org.openqa.selenium.devtools.CdpVersionFinder findNearestMatch
ADVERTÊNCIA: Unable to find an exact match for CDP version 107, so returning the closest version found: a no-op implementation
nov 12, 2022 2:58:41 PM org.openqa.selenium.devtools.CdpVersionFinder findNearestMatch
INFORMAÇÕES: Unable to find CDP implementation matching 107.
nov 12, 2022 2:58:41 PM org.openqa.selenium.chromium.ChromiumDriver lambda$new$3
ADVERTÊNCIA: Unable to find version of CDP to use for . You may need to include a dependency on a specific version of the CDP using something similar to `org.seleniumhq.selenium:selenium-devtools-v86:4.1.2` where the version ("v86") matches the version of the chromium-based browser you're using and the version number of the artifact is the same as Selenium's.
]]></system-err>
  </testcase>
  <testcase name="testeVerficarQuartoBannerEstaAtivo" classname="br.com.ifood.steps.HomeSteps" time="4.138">
    <system-err><![CDATA[[main] ERROR io.qameta.allure.AllureLifecycle - Could not add attachment: no test is running
Starting ChromeDriver 107.0.5304.62 (1eec40d3a5764881c92085aaee66d25075c159aa-refs/branch-heads/5304@{#942}) on port 56458
Only local connections are allowed.
Please see https://chromedriver.chromium.org/security-considerations for suggestions on keeping ChromeDriver safe.
ChromeDriver was started successfully.
nov 12, 2022 2:58:51 PM org.openqa.selenium.remote.ProtocolHandshake createSession
INFORMAÇÕES: Detected dialect: W3C
nov 12, 2022 2:58:51 PM org.openqa.selenium.devtools.CdpVersionFinder findNearestMatch
ADVERTÊNCIA: Unable to find an exact match for CDP version 107, so returning the closest version found: a no-op implementation
nov 12, 2022 2:58:51 PM org.openqa.selenium.devtools.CdpVersionFinder findNearestMatch
INFORMAÇÕES: Unable to find CDP implementation matching 107.
nov 12, 2022 2:58:51 PM org.openqa.selenium.chromium.ChromiumDriver lambda$new$3
ADVERTÊNCIA: Unable to find version of CDP to use for . You may need to include a dependency on a specific version of the CDP using something similar to `org.seleniumhq.selenium:selenium-devtools-v86:4.1.2` where the version ("v86") matches the version of the chromium-based browser you're using and the version number of the artifact is the same as Selenium's.
]]></system-err>
  </testcase>
  <testcase name="testeVerificarBotaoSwipeDisabledCasoAListaAcabe" classname="br.com.ifood.steps.HomeSteps" time="10.704">
    <failure message="no such element: Unable to locate element: {&quot;method&quot;:&quot;css selector&quot;,&quot;selector&quot;:&quot;#__next &gt; div:nth-child(1) &gt; main &gt; div &gt; div.content-container.cardstack-home &gt; section &gt; article:nth-child(1) &gt; section:nth-child(2) &gt; ul &gt; div &gt; div.swiper-button-next&quot;}&#10;  (Session info: headless chrome=107.0.5304.107)&#10;For documentation on this error, please visit: https://selenium.dev/exceptions/#no_such_element&#10;Build info: version: &apos;4.1.2&apos;, revision: &apos;9a5a329c5a&apos;&#10;System info: host: &apos;C3PO&apos;, ip: &apos;192.168.100.10&apos;, os.name: &apos;Windows 11&apos;, os.arch: &apos;amd64&apos;, os.version: &apos;10.0&apos;, java.version: &apos;1.8.0_352&apos;&#10;Driver info: org.openqa.selenium.chrome.ChromeDriver&#10;Command: [49550829910bb8f7c4221d3c2bf6bf90, findElement {using=css selector, value=#__next &gt; div:nth-child(1) &gt; main &gt; div &gt; div.content-container.cardstack-home &gt; section &gt; article:nth-child(1) &gt; section:nth-child(2) &gt; ul &gt; div &gt; div.swiper-button-next}]&#10;Capabilities {acceptInsecureCerts: false, browserName: chrome, browserVersion: 107.0.5304.107, chrome: {chromedriverVersion: 107.0.5304.62 (1eec40d3a576..., userDataDir: C:\Users\alain\AppData\Loca...}, goog:chromeOptions: {debuggerAddress: localhost:59092}, javascriptEnabled: true, networkConnectionEnabled: false, pageLoadStrategy: normal, platform: WINDOWS, platformName: WINDOWS, proxy: Proxy(), se:cdp: ws://localhost:59092/devtoo..., se:cdpVersion: 107.0.5304.107, setWindowRect: true, strictFileInteractability: false, timeouts: {implicit: 0, pageLoad: 300000, script: 30000}, unhandledPromptBehavior: dismiss and notify, webauthn:extension:credBlob: true, webauthn:extension:largeBlob: true, webauthn:virtualAuthenticators: true}&#10;Session ID: 49550829910bb8f7c4221d3c2bf6bf90" type="org.openqa.selenium.NoSuchElementException"><![CDATA[org.openqa.selenium.NoSuchElementException: 
no such element: Unable to locate element: {"method":"css selector","selector":"#__next > div:nth-child(1) > main > div > div.content-container.cardstack-home > section > article:nth-child(1) > section:nth-child(2) > ul > div > div.swiper-button-next"}
  (Session info: headless chrome=107.0.5304.107)
For documentation on this error, please visit: https://selenium.dev/exceptions/#no_such_element
Build info: version: '4.1.2', revision: '9a5a329c5a'
System info: host: 'C3PO', ip: '192.168.100.10', os.name: 'Windows 11', os.arch: 'amd64', os.version: '10.0', java.version: '1.8.0_352'
Driver info: org.openqa.selenium.chrome.ChromeDriver
Command: [49550829910bb8f7c4221d3c2bf6bf90, findElement {using=css selector, value=#__next > div:nth-child(1) > main > div > div.content-container.cardstack-home > section > article:nth-child(1) > section:nth-child(2) > ul > div > div.swiper-button-next}]
Capabilities {acceptInsecureCerts: false, browserName: chrome, browserVersion: 107.0.5304.107, chrome: {chromedriverVersion: 107.0.5304.62 (1eec40d3a576..., userDataDir: C:\Users\alain\AppData\Loca...}, goog:chromeOptions: {debuggerAddress: localhost:59092}, javascriptEnabled: true, networkConnectionEnabled: false, pageLoadStrategy: normal, platform: WINDOWS, platformName: WINDOWS, proxy: Proxy(), se:cdp: ws://localhost:59092/devtoo..., se:cdpVersion: 107.0.5304.107, setWindowRect: true, strictFileInteractability: false, timeouts: {implicit: 0, pageLoad: 300000, script: 30000}, unhandledPromptBehavior: dismiss and notify, webauthn:extension:credBlob: true, webauthn:extension:largeBlob: true, webauthn:virtualAuthenticators: true}
Session ID: 49550829910bb8f7c4221d3c2bf6bf90
	at br.com.ifood.steps.HomeSteps.testeVerificarBotaoSwipeDisabledCasoAListaAcabe(HomeSteps.java:41)
]]></failure>
    <system-err><![CDATA[Starting ChromeDriver 107.0.5304.62 (1eec40d3a5764881c92085aaee66d25075c159aa-refs/branch-heads/5304@{#942}) on port 49183
Only local connections are allowed.
Please see https://chromedriver.chromium.org/security-considerations for suggestions on keeping ChromeDriver safe.
ChromeDriver was started successfully.
nov 12, 2022 2:58:59 PM org.openqa.selenium.remote.ProtocolHandshake createSession
INFORMAÇÕES: Detected dialect: W3C
nov 12, 2022 2:58:59 PM org.openqa.selenium.devtools.CdpVersionFinder findNearestMatch
ADVERTÊNCIA: Unable to find an exact match for CDP version 107, so returning the closest version found: a no-op implementation
nov 12, 2022 2:58:59 PM org.openqa.selenium.devtools.CdpVersionFinder findNearestMatch
INFORMAÇÕES: Unable to find CDP implementation matching 107.
nov 12, 2022 2:58:59 PM org.openqa.selenium.chromium.ChromiumDriver lambda$new$3
ADVERTÊNCIA: Unable to find version of CDP to use for . You may need to include a dependency on a specific version of the CDP using something similar to `org.seleniumhq.selenium:selenium-devtools-v86:4.1.2` where the version ("v86") matches the version of the chromium-based browser you're using and the version number of the artifact is the same as Selenium's.
]]></system-err>
  </testcase>
  <testcase name="testeVerificarImagemTrocaDeTamanho" classname="br.com.ifood.steps.HomeSteps" time="5.937">
    <failure message="did not expect [none] but found [none]" type="java.lang.AssertionError"><![CDATA[java.lang.AssertionError: did not expect [none] but found [none]
	at br.com.ifood.steps.HomeSteps.testeVerificarImagemTrocaDeTamanho(HomeSteps.java:20)
]]></failure>
    <system-err><![CDATA[[main] ERROR io.qameta.allure.AllureLifecycle - Could not add attachment: no test is running
Starting ChromeDriver 107.0.5304.62 (1eec40d3a5764881c92085aaee66d25075c159aa-refs/branch-heads/5304@{#942}) on port 49730
Only local connections are allowed.
Please see https://chromedriver.chromium.org/security-considerations for suggestions on keeping ChromeDriver safe.
ChromeDriver was started successfully.
nov 12, 2022 2:59:14 PM org.openqa.selenium.remote.ProtocolHandshake createSession
INFORMAÇÕES: Detected dialect: W3C
nov 12, 2022 2:59:14 PM org.openqa.selenium.devtools.CdpVersionFinder findNearestMatch
ADVERTÊNCIA: Unable to find an exact match for CDP version 107, so returning the closest version found: a no-op implementation
nov 12, 2022 2:59:14 PM org.openqa.selenium.devtools.CdpVersionFinder findNearestMatch
INFORMAÇÕES: Unable to find CDP implementation matching 107.
nov 12, 2022 2:59:14 PM org.openqa.selenium.chromium.ChromiumDriver lambda$new$3
ADVERTÊNCIA: Unable to find version of CDP to use for . You may need to include a dependency on a specific version of the CDP using something similar to `org.seleniumhq.selenium:selenium-devtools-v86:4.1.2` where the version ("v86") matches the version of the chromium-based browser you're using and the version number of the artifact is the same as Selenium's.
]]></system-err>
  </testcase>
  <testcase name="testeVerificarSeListaAumentaAoClicarVerMais" classname="br.com.ifood.steps.HomeSteps" time="6.283">
    <failure message="element click intercepted: Element &lt;button type=&quot;button&quot; role=&quot;button&quot; class=&quot;btn btn--default btn--white btn--size-m btn--full-width cardstack-nextcontent__button&quot; aria-label=&quot;...&quot; color=&quot;white&quot; variant=&quot;cardstack-nextcontent__button&quot; theme=&quot;default&quot; target=&quot;&quot; rel=&quot;&quot;&gt;Ver mais&lt;/button&gt; is not clickable at point (391, 575). Other element would receive the click: &lt;div class=&quot;tab-bar&quot;&gt;...&lt;/div&gt;&#10;  (Session info: headless chrome=107.0.5304.107)&#10;Build info: version: &apos;4.1.2&apos;, revision: &apos;9a5a329c5a&apos;&#10;System info: host: &apos;C3PO&apos;, ip: &apos;192.168.100.10&apos;, os.name: &apos;Windows 11&apos;, os.arch: &apos;amd64&apos;, os.version: &apos;10.0&apos;, java.version: &apos;1.8.0_352&apos;&#10;Driver info: org.openqa.selenium.chrome.ChromeDriver&#10;Command: [2068df5686f214688f3cc4279556cb2e, clickElement {id=fed14904-4896-4b91-adbf-4cf45eaaab92}]&#10;Capabilities {acceptInsecureCerts: false, browserName: chrome, browserVersion: 107.0.5304.107, chrome: {chromedriverVersion: 107.0.5304.62 (1eec40d3a576..., userDataDir: C:\Users\alain\AppData\Loca...}, goog:chromeOptions: {debuggerAddress: localhost:59210}, javascriptEnabled: true, networkConnectionEnabled: false, pageLoadStrategy: normal, platform: WINDOWS, platformName: WINDOWS, proxy: Proxy(), se:cdp: ws://localhost:59210/devtoo..., se:cdpVersion: 107.0.5304.107, setWindowRect: true, strictFileInteractability: false, timeouts: {implicit: 0, pageLoad: 300000, script: 30000}, unhandledPromptBehavior: dismiss and notify, webauthn:extension:credBlob: true, webauthn:extension:largeBlob: true, webauthn:virtualAuthenticators: true}&#10;Element: [[ChromeDriver: chrome on WINDOWS (2068df5686f214688f3cc4279556cb2e)] -&gt; css selector: #__next &gt; div:nth-child(1) &gt; main &gt; div &gt; div.content-container.cardstack-home &gt; section &gt; article:nth-child(3) &gt; section:nth-child(2) &gt; div &gt; button]&#10;Session ID: 2068df5686f214688f3cc4279556cb2e" type="org.openqa.selenium.ElementClickInterceptedException"><![CDATA[org.openqa.selenium.ElementClickInterceptedException: 
element click intercepted: Element <button type="button" role="button" class="btn btn--default btn--white btn--size-m btn--full-width cardstack-nextcontent__button" aria-label="..." color="white" variant="cardstack-nextcontent__button" theme="default" target="" rel="">Ver mais</button> is not clickable at point (391, 575). Other element would receive the click: <div class="tab-bar">...</div>
  (Session info: headless chrome=107.0.5304.107)
Build info: version: '4.1.2', revision: '9a5a329c5a'
System info: host: 'C3PO', ip: '192.168.100.10', os.name: 'Windows 11', os.arch: 'amd64', os.version: '10.0', java.version: '1.8.0_352'
Driver info: org.openqa.selenium.chrome.ChromeDriver
Command: [2068df5686f214688f3cc4279556cb2e, clickElement {id=fed14904-4896-4b91-adbf-4cf45eaaab92}]
Capabilities {acceptInsecureCerts: false, browserName: chrome, browserVersion: 107.0.5304.107, chrome: {chromedriverVersion: 107.0.5304.62 (1eec40d3a576..., userDataDir: C:\Users\alain\AppData\Loca...}, goog:chromeOptions: {debuggerAddress: localhost:59210}, javascriptEnabled: true, networkConnectionEnabled: false, pageLoadStrategy: normal, platform: WINDOWS, platformName: WINDOWS, proxy: Proxy(), se:cdp: ws://localhost:59210/devtoo..., se:cdpVersion: 107.0.5304.107, setWindowRect: true, strictFileInteractability: false, timeouts: {implicit: 0, pageLoad: 300000, script: 30000}, unhandledPromptBehavior: dismiss and notify, webauthn:extension:credBlob: true, webauthn:extension:largeBlob: true, webauthn:virtualAuthenticators: true}
Element: [[ChromeDriver: chrome on WINDOWS (2068df5686f214688f3cc4279556cb2e)] -> css selector: #__next > div:nth-child(1) > main > div > div.content-container.cardstack-home > section > article:nth-child(3) > section:nth-child(2) > div > button]
Session ID: 2068df5686f214688f3cc4279556cb2e
	at br.com.ifood.steps.HomeSteps.testeVerificarSeListaAumentaAoClicarVerMais(HomeSteps.java:51)
]]></failure>
    <system-err><![CDATA[[main] ERROR io.qameta.allure.AllureLifecycle - Could not add attachment: no test is running
Starting ChromeDriver 107.0.5304.62 (1eec40d3a5764881c92085aaee66d25075c159aa-refs/branch-heads/5304@{#942}) on port 60590
Only local connections are allowed.
Please see https://chromedriver.chromium.org/security-considerations for suggestions on keeping ChromeDriver safe.
ChromeDriver was started successfully.
nov 12, 2022 2:59:28 PM org.openqa.selenium.remote.ProtocolHandshake createSession
INFORMAÇÕES: Detected dialect: W3C
nov 12, 2022 2:59:28 PM org.openqa.selenium.devtools.CdpVersionFinder findNearestMatch
ADVERTÊNCIA: Unable to find an exact match for CDP version 107, so returning the closest version found: a no-op implementation
nov 12, 2022 2:59:28 PM org.openqa.selenium.devtools.CdpVersionFinder findNearestMatch
INFORMAÇÕES: Unable to find CDP implementation matching 107.
nov 12, 2022 2:59:28 PM org.openqa.selenium.chromium.ChromiumDriver lambda$new$3
ADVERTÊNCIA: Unable to find version of CDP to use for . You may need to include a dependency on a specific version of the CDP using something similar to `org.seleniumhq.selenium:selenium-devtools-v86:4.1.2` where the version ("v86") matches the version of the chromium-based browser you're using and the version number of the artifact is the same as Selenium's.
]]></system-err>
  </testcase>
</testsuite>