<?xml version="1.0" encoding="UTF-8"?>
<testng-results skipped="0" failed="4" ignored="0" total="17" passed="13">
  <reporter-output>
    <line>
      <![CDATA[<a href='C:\Users\rawad.yehia\Desktop\GIT\trabalho-final-modulo-selenium\.\ScreenShot\deveManterBtnDesabilitadoCasoSejaDigitadoValorInvalido.jpg'> <img src='C:\Users\rawad.yehia\Desktop\GIT\trabalho-final-modulo-selenium\.\ScreenShot\deveManterBtnDesabilitadoCasoSejaDigitadoValorInvalido.jpg' height='100' width='100'/> </a>]]>
    </line>
    <line>
      <![CDATA[<a href='C:\Users\rawad.yehia\Desktop\GIT\trabalho-final-modulo-selenium\.\ScreenShot\testeVerficarQuartoBannerEstaAtivo.jpg'> <img src='C:\Users\rawad.yehia\Desktop\GIT\trabalho-final-modulo-selenium\.\ScreenShot\testeVerficarQuartoBannerEstaAtivo.jpg' height='100' width='100'/> </a>]]>
    </line>
    <line>
      <![CDATA[<a href='C:\Users\rawad.yehia\Desktop\GIT\trabalho-final-modulo-selenium\.\ScreenShot\testeVerificarBotaoSwipeDisabledCasoAListaAcabe.jpg'> <img src='C:\Users\rawad.yehia\Desktop\GIT\trabalho-final-modulo-selenium\.\ScreenShot\testeVerificarBotaoSwipeDisabledCasoAListaAcabe.jpg' height='100' width='100'/> </a>]]>
    </line>
    <line>
      <![CDATA[<a href='C:\Users\rawad.yehia\Desktop\GIT\trabalho-final-modulo-selenium\.\ScreenShot\testeVerificarSeListaAumentaAoClicarVerMais.jpg'> <img src='C:\Users\rawad.yehia\Desktop\GIT\trabalho-final-modulo-selenium\.\ScreenShot\testeVerificarSeListaAumentaAoClicarVerMais.jpg' height='100' width='100'/> </a>]]>
    </line>
  </reporter-output>
  <suite name="Suite" duration-ms="296032" started-at="2022-11-13T17:11:18 GMT-03:00" finished-at="2022-11-13T17:16:14 GMT-03:00">
    <groups>
    </groups>
    <test name="User Tests" duration-ms="296032" started-at="2022-11-13T17:11:18 GMT-03:00" finished-at="2022-11-13T17:16:14 GMT-03:00">
      <class name="br.com.ifood.steps.HomeSteps">
        <test-method status="PASS" signature="abrirNavegador()[pri:0, instance:br.com.ifood.steps.HomeSteps@3f3c7bdb]" name="abrirNavegador" is-config="true" duration-ms="4689" started-at="2022-11-13T17:12:21 GMT-03:00" finished-at="2022-11-13T17:12:25 GMT-03:00">
          <reporter-output>
          </reporter-output>
        </test-method> <!-- abrirNavegador -->
        <test-method status="PASS" signature="testeDeveRedirecionarParaAPaginaDaLoja()[pri:0, instance:br.com.ifood.steps.HomeSteps@3f3c7bdb]" name="testeDeveRedirecionarParaAPaginaDaLoja" duration-ms="8859" started-at="2022-11-13T17:12:25 GMT-03:00" description="Teste redirecionar para página da Loja." finished-at="2022-11-13T17:12:34 GMT-03:00">
          <reporter-output>
          </reporter-output>
        </test-method> <!-- testeDeveRedirecionarParaAPaginaDaLoja -->
        <test-method status="PASS" signature="fecharNavegador()[pri:0, instance:br.com.ifood.steps.HomeSteps@3f3c7bdb]" name="fecharNavegador" is-config="true" duration-ms="1050" started-at="2022-11-13T17:12:34 GMT-03:00" finished-at="2022-11-13T17:12:35 GMT-03:00">
          <reporter-output>
          </reporter-output>
        </test-method> <!-- fecharNavegador -->
        <test-method status="PASS" signature="abrirNavegador()[pri:0, instance:br.com.ifood.steps.HomeSteps@3f3c7bdb]" name="abrirNavegador" is-config="true" duration-ms="4933" started-at="2022-11-13T17:12:35 GMT-03:00" finished-at="2022-11-13T17:12:40 GMT-03:00">
          <reporter-output>
          </reporter-output>
        </test-method> <!-- abrirNavegador -->
        <test-method status="FAIL" signature="testeVerficarQuartoBannerEstaAtivo()[pri:0, instance:br.com.ifood.steps.HomeSteps@3f3c7bdb]" name="testeVerficarQuartoBannerEstaAtivo" duration-ms="17951" started-at="2022-11-13T17:12:40 GMT-03:00" description="Teste troca imagem carrossel" finished-at="2022-11-13T17:12:58 GMT-03:00">
          <exception class="org.openqa.selenium.NoSuchElementException">
            <message>
              <![CDATA[no such element: Unable to locate element: {"method":"css selector","selector":"#__next > div:nth-child(1) > main > div > div.content-container.cardstack-home > section > article:nth-child(1) > section:nth-child(2) > ul > div > div.swiper-wrapper > div.swiper-slide.swiper-slide-active"}
  (Session info: chrome=107.0.5304.107)
For documentation on this error, please visit: https://selenium.dev/exceptions/#no_such_element
Build info: version: '4.6.0', revision: '79f1c02ae20'
System info: os.name: 'Windows 10', os.arch: 'amd64', os.version: '10.0', java.version: '1.8.0_352'
Driver info: org.openqa.selenium.chrome.ChromeDriver
Command: [56b4d772a360a6763f46b0c7fba1ab1d, findElement {using=css selector, value=#__next > div:nth-child(1) > main > div > div.content-container.cardstack-home > section > article:nth-child(1) > section:nth-child(2) > ul > div > div.swiper-wrapper > div.swiper-slide.swiper-slide-active}]
Capabilities {acceptInsecureCerts: false, browserName: chrome, browserVersion: 107.0.5304.107, chrome: {chromedriverVersion: 107.0.5304.62 (1eec40d3a576..., userDataDir: C:\Users\RAWAD~1.YEH\AppDat...}, goog:chromeOptions: {debuggerAddress: localhost:59798}, networkConnectionEnabled: false, pageLoadStrategy: normal, platformName: WINDOWS, proxy: Proxy(), se:cdp: ws://localhost:59798/devtoo..., se:cdpVersion: 107.0.5304.107, setWindowRect: true, strictFileInteractability: false, timeouts: {implicit: 0, pageLoad: 300000, script: 30000}, unhandledPromptBehavior: dismiss and notify, webauthn:extension:credBlob: true, webauthn:extension:largeBlob: true, webauthn:virtualAuthenticators: true}
Session ID: 56b4d772a360a6763f46b0c7fba1ab1d]]>
            </message>
            <full-stacktrace>
              <![CDATA[org.openqa.selenium.NoSuchElementException: no such element: Unable to locate element: {"method":"css selector","selector":"#__next > div:nth-child(1) > main > div > div.content-container.cardstack-home > section > article:nth-child(1) > section:nth-child(2) > ul > div > div.swiper-wrapper > div.swiper-slide.swiper-slide-active"}
  (Session info: chrome=107.0.5304.107)
For documentation on this error, please visit: https://selenium.dev/exceptions/#no_such_element
Build info: version: '4.6.0', revision: '79f1c02ae20'
System info: os.name: 'Windows 10', os.arch: 'amd64', os.version: '10.0', java.version: '1.8.0_352'
Driver info: org.openqa.selenium.chrome.ChromeDriver
Command: [56b4d772a360a6763f46b0c7fba1ab1d, findElement {using=css selector, value=#__next > div:nth-child(1) > main > div > div.content-container.cardstack-home > section > article:nth-child(1) > section:nth-child(2) > ul > div > div.swiper-wrapper > div.swiper-slide.swiper-slide-active}]
Capabilities {acceptInsecureCerts: false, browserName: chrome, browserVersion: 107.0.5304.107, chrome: {chromedriverVersion: 107.0.5304.62 (1eec40d3a576..., userDataDir: C:\Users\RAWAD~1.YEH\AppDat...}, goog:chromeOptions: {debuggerAddress: localhost:59798}, networkConnectionEnabled: false, pageLoadStrategy: normal, platformName: WINDOWS, proxy: Proxy(), se:cdp: ws://localhost:59798/devtoo..., se:cdpVersion: 107.0.5304.107, setWindowRect: true, strictFileInteractability: false, timeouts: {implicit: 0, pageLoad: 300000, script: 30000}, unhandledPromptBehavior: dismiss and notify, webauthn:extension:credBlob: true, webauthn:extension:largeBlob: true, webauthn:virtualAuthenticators: true}
Session ID: 56b4d772a360a6763f46b0c7fba1ab1d
at sun.reflect.NativeConstructorAccessorImpl.newInstance0(Native Method)
at sun.reflect.NativeConstructorAccessorImpl.newInstance(NativeConstructorAccessorImpl.java:62)
at sun.reflect.DelegatingConstructorAccessorImpl.newInstance(DelegatingConstructorAccessorImpl.java:45)
at java.lang.reflect.Constructor.newInstance(Constructor.java:423)
at org.openqa.selenium.remote.codec.w3c.W3CHttpResponseCodec.createException(W3CHttpResponseCodec.java:200)
at org.openqa.selenium.remote.codec.w3c.W3CHttpResponseCodec.decode(W3CHttpResponseCodec.java:133)
at org.openqa.selenium.remote.codec.w3c.W3CHttpResponseCodec.decode(W3CHttpResponseCodec.java:53)
at org.openqa.selenium.remote.HttpCommandExecutor.execute(HttpCommandExecutor.java:184)
at org.openqa.selenium.remote.service.DriverCommandExecutor.invokeExecute(DriverCommandExecutor.java:167)
at org.openqa.selenium.remote.service.DriverCommandExecutor.execute(DriverCommandExecutor.java:142)
at org.openqa.selenium.remote.RemoteWebDriver.execute(RemoteWebDriver.java:541)
at org.openqa.selenium.remote.ElementLocation$ElementFinder$2.findElement(ElementLocation.java:162)
at org.openqa.selenium.remote.ElementLocation.findElement(ElementLocation.java:60)
at org.openqa.selenium.remote.RemoteWebDriver.findElement(RemoteWebDriver.java:365)
at org.openqa.selenium.remote.RemoteWebDriver.findElement(RemoteWebDriver.java:357)
at br.com.ifood.util.Elements.element(Elements.java:12)
at br.com.ifood.pages.HomePage.verificarClasseQuartoBanner(HomePage.java:110)
at br.com.ifood.steps.HomeSteps.testeVerficarQuartoBannerEstaAtivo(HomeSteps.java:33)
at sun.reflect.NativeMethodAccessorImpl.invoke0(Native Method)
at sun.reflect.NativeMethodAccessorImpl.invoke(NativeMethodAccessorImpl.java:62)
at sun.reflect.DelegatingMethodAccessorImpl.invoke(DelegatingMethodAccessorImpl.java:43)
at java.lang.reflect.Method.invoke(Method.java:498)
at org.testng.internal.MethodInvocationHelper.invokeMethod(MethodInvocationHelper.java:133)
at org.testng.internal.TestInvoker.invokeMethod(TestInvoker.java:598)
at org.testng.internal.TestInvoker.invokeTestMethod(TestInvoker.java:173)
at org.testng.internal.MethodRunner.runInSequence(MethodRunner.java:46)
at org.testng.internal.TestInvoker$MethodInvocationAgent.invoke(TestInvoker.java:824)
at org.testng.internal.TestInvoker.invokeTestMethods(TestInvoker.java:146)
at org.testng.internal.TestMethodWorker.invokeTestMethods(TestMethodWorker.java:146)
at org.testng.internal.TestMethodWorker.run(TestMethodWorker.java:128)
at java.util.ArrayList.forEach(ArrayList.java:1259)
at org.testng.TestRunner.privateRun(TestRunner.java:794)
at org.testng.TestRunner.run(TestRunner.java:596)
at org.testng.SuiteRunner.runTest(SuiteRunner.java:377)
at org.testng.SuiteRunner.runSequentially(SuiteRunner.java:371)
at org.testng.SuiteRunner.privateRun(SuiteRunner.java:332)
at org.testng.SuiteRunner.run(SuiteRunner.java:276)
at org.testng.SuiteRunnerWorker.runSuite(SuiteRunnerWorker.java:53)
at org.testng.SuiteRunnerWorker.run(SuiteRunnerWorker.java:96)
at org.testng.TestNG.runSuitesSequentially(TestNG.java:1212)
at org.testng.TestNG.runSuitesLocally(TestNG.java:1134)
at org.testng.TestNG.runSuites(TestNG.java:1063)
at org.testng.TestNG.run(TestNG.java:1031)
at org.apache.maven.surefire.testng.TestNGExecutor.run(TestNGExecutor.java:284)
at org.apache.maven.surefire.testng.TestNGXmlTestSuite.execute(TestNGXmlTestSuite.java:75)
at org.apache.maven.surefire.testng.TestNGProvider.invoke(TestNGProvider.java:119)
at org.apache.maven.surefire.booter.ForkedBooter.runSuitesInProcess(ForkedBooter.java:428)
at org.apache.maven.surefire.booter.ForkedBooter.execute(ForkedBooter.java:162)
at org.apache.maven.surefire.booter.ForkedBooter.run(ForkedBooter.java:562)
at org.apache.maven.surefire.booter.ForkedBooter.main(ForkedBooter.java:548)
]]>
            </full-stacktrace>
          </exception> <!-- org.openqa.selenium.NoSuchElementException -->
          <reporter-output>
            <line>
              <![CDATA[<a href='C:\Users\rawad.yehia\Desktop\GIT\trabalho-final-modulo-selenium\.\ScreenShot\testeVerficarQuartoBannerEstaAtivo.jpg'> <img src='C:\Users\rawad.yehia\Desktop\GIT\trabalho-final-modulo-selenium\.\ScreenShot\testeVerficarQuartoBannerEstaAtivo.jpg' height='100' width='100'/> </a>]]>
            </line>
          </reporter-output>
        </test-method> <!-- testeVerficarQuartoBannerEstaAtivo -->
        <test-method status="PASS" signature="fecharNavegador()[pri:0, instance:br.com.ifood.steps.HomeSteps@3f3c7bdb]" name="fecharNavegador" is-config="true" duration-ms="1478" started-at="2022-11-13T17:12:59 GMT-03:00" finished-at="2022-11-13T17:13:00 GMT-03:00">
          <reporter-output>
          </reporter-output>
        </test-method> <!-- fecharNavegador -->
        <test-method status="PASS" signature="abrirNavegador()[pri:0, instance:br.com.ifood.steps.HomeSteps@3f3c7bdb]" name="abrirNavegador" is-config="true" duration-ms="5427" started-at="2022-11-13T17:13:00 GMT-03:00" finished-at="2022-11-13T17:13:06 GMT-03:00">
          <reporter-output>
          </reporter-output>
        </test-method> <!-- abrirNavegador -->
        <test-method status="FAIL" signature="testeVerificarBotaoSwipeDisabledCasoAListaAcabe()[pri:0, instance:br.com.ifood.steps.HomeSteps@3f3c7bdb]" name="testeVerificarBotaoSwipeDisabledCasoAListaAcabe" duration-ms="8669" started-at="2022-11-13T17:13:06 GMT-03:00" description="Teste botão carrossel" finished-at="2022-11-13T17:13:14 GMT-03:00">
          <exception class="org.openqa.selenium.NoSuchElementException">
            <message>
              <![CDATA[no such element: Unable to locate element: {"method":"css selector","selector":"#__next > div:nth-child(1) > main > div > div.content-container.cardstack-home > section > article:nth-child(1) > section:nth-child(2) > ul > div > div.swiper-button-prev"}
  (Session info: chrome=107.0.5304.107)
For documentation on this error, please visit: https://selenium.dev/exceptions/#no_such_element
Build info: version: '4.6.0', revision: '79f1c02ae20'
System info: os.name: 'Windows 10', os.arch: 'amd64', os.version: '10.0', java.version: '1.8.0_352'
Driver info: org.openqa.selenium.chrome.ChromeDriver
Command: [44d9f6fce56ca4891865d8b9e45621fc, findElement {using=css selector, value=#__next > div:nth-child(1) > main > div > div.content-container.cardstack-home > section > article:nth-child(1) > section:nth-child(2) > ul > div > div.swiper-button-prev}]
Capabilities {acceptInsecureCerts: false, browserName: chrome, browserVersion: 107.0.5304.107, chrome: {chromedriverVersion: 107.0.5304.62 (1eec40d3a576..., userDataDir: C:\Users\RAWAD~1.YEH\AppDat...}, goog:chromeOptions: {debuggerAddress: localhost:59857}, networkConnectionEnabled: false, pageLoadStrategy: normal, platformName: WINDOWS, proxy: Proxy(), se:cdp: ws://localhost:59857/devtoo..., se:cdpVersion: 107.0.5304.107, setWindowRect: true, strictFileInteractability: false, timeouts: {implicit: 0, pageLoad: 300000, script: 30000}, unhandledPromptBehavior: dismiss and notify, webauthn:extension:credBlob: true, webauthn:extension:largeBlob: true, webauthn:virtualAuthenticators: true}
Session ID: 44d9f6fce56ca4891865d8b9e45621fc]]>
            </message>
            <full-stacktrace>
              <![CDATA[org.openqa.selenium.NoSuchElementException: no such element: Unable to locate element: {"method":"css selector","selector":"#__next > div:nth-child(1) > main > div > div.content-container.cardstack-home > section > article:nth-child(1) > section:nth-child(2) > ul > div > div.swiper-button-prev"}
  (Session info: chrome=107.0.5304.107)
For documentation on this error, please visit: https://selenium.dev/exceptions/#no_such_element
Build info: version: '4.6.0', revision: '79f1c02ae20'
System info: os.name: 'Windows 10', os.arch: 'amd64', os.version: '10.0', java.version: '1.8.0_352'
Driver info: org.openqa.selenium.chrome.ChromeDriver
Command: [44d9f6fce56ca4891865d8b9e45621fc, findElement {using=css selector, value=#__next > div:nth-child(1) > main > div > div.content-container.cardstack-home > section > article:nth-child(1) > section:nth-child(2) > ul > div > div.swiper-button-prev}]
Capabilities {acceptInsecureCerts: false, browserName: chrome, browserVersion: 107.0.5304.107, chrome: {chromedriverVersion: 107.0.5304.62 (1eec40d3a576..., userDataDir: C:\Users\RAWAD~1.YEH\AppDat...}, goog:chromeOptions: {debuggerAddress: localhost:59857}, networkConnectionEnabled: false, pageLoadStrategy: normal, platformName: WINDOWS, proxy: Proxy(), se:cdp: ws://localhost:59857/devtoo..., se:cdpVersion: 107.0.5304.107, setWindowRect: true, strictFileInteractability: false, timeouts: {implicit: 0, pageLoad: 300000, script: 30000}, unhandledPromptBehavior: dismiss and notify, webauthn:extension:credBlob: true, webauthn:extension:largeBlob: true, webauthn:virtualAuthenticators: true}
Session ID: 44d9f6fce56ca4891865d8b9e45621fc
at sun.reflect.NativeConstructorAccessorImpl.newInstance0(Native Method)
at sun.reflect.NativeConstructorAccessorImpl.newInstance(NativeConstructorAccessorImpl.java:62)
at sun.reflect.DelegatingConstructorAccessorImpl.newInstance(DelegatingConstructorAccessorImpl.java:45)
at java.lang.reflect.Constructor.newInstance(Constructor.java:423)
at org.openqa.selenium.remote.codec.w3c.W3CHttpResponseCodec.createException(W3CHttpResponseCodec.java:200)
at org.openqa.selenium.remote.codec.w3c.W3CHttpResponseCodec.decode(W3CHttpResponseCodec.java:133)
at org.openqa.selenium.remote.codec.w3c.W3CHttpResponseCodec.decode(W3CHttpResponseCodec.java:53)
at org.openqa.selenium.remote.HttpCommandExecutor.execute(HttpCommandExecutor.java:184)
at org.openqa.selenium.remote.service.DriverCommandExecutor.invokeExecute(DriverCommandExecutor.java:167)
at org.openqa.selenium.remote.service.DriverCommandExecutor.execute(DriverCommandExecutor.java:142)
at org.openqa.selenium.remote.RemoteWebDriver.execute(RemoteWebDriver.java:541)
at org.openqa.selenium.remote.ElementLocation$ElementFinder$2.findElement(ElementLocation.java:162)
at org.openqa.selenium.remote.ElementLocation.findElement(ElementLocation.java:60)
at org.openqa.selenium.remote.RemoteWebDriver.findElement(RemoteWebDriver.java:365)
at org.openqa.selenium.remote.RemoteWebDriver.findElement(RemoteWebDriver.java:357)
at br.com.ifood.util.Elements.element(Elements.java:12)
at br.com.ifood.pages.HomePage.retonarEstadoBotaoEsquerdo(HomePage.java:73)
at br.com.ifood.steps.HomeSteps.testeVerificarBotaoSwipeDisabledCasoAListaAcabe(HomeSteps.java:42)
at sun.reflect.NativeMethodAccessorImpl.invoke0(Native Method)
at sun.reflect.NativeMethodAccessorImpl.invoke(NativeMethodAccessorImpl.java:62)
at sun.reflect.DelegatingMethodAccessorImpl.invoke(DelegatingMethodAccessorImpl.java:43)
at java.lang.reflect.Method.invoke(Method.java:498)
at org.testng.internal.MethodInvocationHelper.invokeMethod(MethodInvocationHelper.java:133)
at org.testng.internal.TestInvoker.invokeMethod(TestInvoker.java:598)
at org.testng.internal.TestInvoker.invokeTestMethod(TestInvoker.java:173)
at org.testng.internal.MethodRunner.runInSequence(MethodRunner.java:46)
at org.testng.internal.TestInvoker$MethodInvocationAgent.invoke(TestInvoker.java:824)
at org.testng.internal.TestInvoker.invokeTestMethods(TestInvoker.java:146)
at org.testng.internal.TestMethodWorker.invokeTestMethods(TestMethodWorker.java:146)
at org.testng.internal.TestMethodWorker.run(TestMethodWorker.java:128)
at java.util.ArrayList.forEach(ArrayList.java:1259)
at org.testng.TestRunner.privateRun(TestRunner.java:794)
at org.testng.TestRunner.run(TestRunner.java:596)
at org.testng.SuiteRunner.runTest(SuiteRunner.java:377)
at org.testng.SuiteRunner.runSequentially(SuiteRunner.java:371)
at org.testng.SuiteRunner.privateRun(SuiteRunner.java:332)
at org.testng.SuiteRunner.run(SuiteRunner.java:276)
at org.testng.SuiteRunnerWorker.runSuite(SuiteRunnerWorker.java:53)
at org.testng.SuiteRunnerWorker.run(SuiteRunnerWorker.java:96)
at org.testng.TestNG.runSuitesSequentially(TestNG.java:1212)
at org.testng.TestNG.runSuitesLocally(TestNG.java:1134)
at org.testng.TestNG.runSuites(TestNG.java:1063)
at org.testng.TestNG.run(TestNG.java:1031)
at org.apache.maven.surefire.testng.TestNGExecutor.run(TestNGExecutor.java:284)
at org.apache.maven.surefire.testng.TestNGXmlTestSuite.execute(TestNGXmlTestSuite.java:75)
at org.apache.maven.surefire.testng.TestNGProvider.invoke(TestNGProvider.java:119)
at org.apache.maven.surefire.booter.ForkedBooter.runSuitesInProcess(ForkedBooter.java:428)
at org.apache.maven.surefire.booter.ForkedBooter.execute(ForkedBooter.java:162)
at org.apache.maven.surefire.booter.ForkedBooter.run(ForkedBooter.java:562)
at org.apache.maven.surefire.booter.ForkedBooter.main(ForkedBooter.java:548)
]]>
            </full-stacktrace>
          </exception> <!-- org.openqa.selenium.NoSuchElementException -->
          <reporter-output>
            <line>
              <![CDATA[<a href='C:\Users\rawad.yehia\Desktop\GIT\trabalho-final-modulo-selenium\.\ScreenShot\testeVerificarBotaoSwipeDisabledCasoAListaAcabe.jpg'> <img src='C:\Users\rawad.yehia\Desktop\GIT\trabalho-final-modulo-selenium\.\ScreenShot\testeVerificarBotaoSwipeDisabledCasoAListaAcabe.jpg' height='100' width='100'/> </a>]]>
            </line>
          </reporter-output>
        </test-method> <!-- testeVerificarBotaoSwipeDisabledCasoAListaAcabe -->
        <test-method status="PASS" signature="fecharNavegador()[pri:0, instance:br.com.ifood.steps.HomeSteps@3f3c7bdb]" name="fecharNavegador" is-config="true" duration-ms="1232" started-at="2022-11-13T17:13:15 GMT-03:00" finished-at="2022-11-13T17:13:16 GMT-03:00">
          <reporter-output>
          </reporter-output>
        </test-method> <!-- fecharNavegador -->
        <test-method status="PASS" signature="abrirNavegador()[pri:0, instance:br.com.ifood.steps.HomeSteps@3f3c7bdb]" name="abrirNavegador" is-config="true" duration-ms="5052" started-at="2022-11-13T17:13:16 GMT-03:00" finished-at="2022-11-13T17:13:21 GMT-03:00">
          <reporter-output>
          </reporter-output>
        </test-method> <!-- abrirNavegador -->
        <test-method status="PASS" signature="testeVerificarImagemTrocaDeTamanho()[pri:0, instance:br.com.ifood.steps.HomeSteps@3f3c7bdb]" name="testeVerificarImagemTrocaDeTamanho" duration-ms="6952" started-at="2022-11-13T17:13:21 GMT-03:00" description="Teste hover imagem do carrossel" finished-at="2022-11-13T17:13:28 GMT-03:00">
          <reporter-output>
          </reporter-output>
        </test-method> <!-- testeVerificarImagemTrocaDeTamanho -->
        <test-method status="PASS" signature="fecharNavegador()[pri:0, instance:br.com.ifood.steps.HomeSteps@3f3c7bdb]" name="fecharNavegador" is-config="true" duration-ms="1142" started-at="2022-11-13T17:13:28 GMT-03:00" finished-at="2022-11-13T17:13:29 GMT-03:00">
          <reporter-output>
          </reporter-output>
        </test-method> <!-- fecharNavegador -->
        <test-method status="PASS" signature="abrirNavegador()[pri:0, instance:br.com.ifood.steps.HomeSteps@3f3c7bdb]" name="abrirNavegador" is-config="true" duration-ms="5030" started-at="2022-11-13T17:13:29 GMT-03:00" finished-at="2022-11-13T17:13:34 GMT-03:00">
          <reporter-output>
          </reporter-output>
        </test-method> <!-- abrirNavegador -->
        <test-method status="FAIL" signature="testeVerificarSeListaAumentaAoClicarVerMais()[pri:0, instance:br.com.ifood.steps.HomeSteps@3f3c7bdb]" name="testeVerificarSeListaAumentaAoClicarVerMais" duration-ms="9107" started-at="2022-11-13T17:13:34 GMT-03:00" description="Teste clicar botão &#039;Ver mais&#039; da lista Lojas." finished-at="2022-11-13T17:13:43 GMT-03:00">
          <exception class="org.openqa.selenium.NoSuchElementException">
            <message>
              <![CDATA[no such element: Unable to locate element: {"method":"css selector","selector":"#__next > div:nth-child(1) > main > div > div.content-container.cardstack-home > section > article:nth-child(3) > section:nth-child(1) > div > div.merchant-list-v2__wrapper"}
  (Session info: chrome=107.0.5304.107)
For documentation on this error, please visit: https://selenium.dev/exceptions/#no_such_element
Build info: version: '4.6.0', revision: '79f1c02ae20'
System info: os.name: 'Windows 10', os.arch: 'amd64', os.version: '10.0', java.version: '1.8.0_352'
Driver info: org.openqa.selenium.chrome.ChromeDriver
Command: [538804a98c21d4e8797cc4097bd8e812, findElement {using=css selector, value=#__next > div:nth-child(1) > main > div > div.content-container.cardstack-home > section > article:nth-child(3) > section:nth-child(1) > div > div.merchant-list-v2__wrapper}]
Capabilities {acceptInsecureCerts: false, browserName: chrome, browserVersion: 107.0.5304.107, chrome: {chromedriverVersion: 107.0.5304.62 (1eec40d3a576..., userDataDir: C:\Users\RAWAD~1.YEH\AppDat...}, goog:chromeOptions: {debuggerAddress: localhost:59964}, networkConnectionEnabled: false, pageLoadStrategy: normal, platformName: WINDOWS, proxy: Proxy(), se:cdp: ws://localhost:59964/devtoo..., se:cdpVersion: 107.0.5304.107, setWindowRect: true, strictFileInteractability: false, timeouts: {implicit: 0, pageLoad: 300000, script: 30000}, unhandledPromptBehavior: dismiss and notify, webauthn:extension:credBlob: true, webauthn:extension:largeBlob: true, webauthn:virtualAuthenticators: true}
Session ID: 538804a98c21d4e8797cc4097bd8e812]]>
            </message>
            <full-stacktrace>
              <![CDATA[org.openqa.selenium.NoSuchElementException: no such element: Unable to locate element: {"method":"css selector","selector":"#__next > div:nth-child(1) > main > div > div.content-container.cardstack-home > section > article:nth-child(3) > section:nth-child(1) > div > div.merchant-list-v2__wrapper"}
  (Session info: chrome=107.0.5304.107)
For documentation on this error, please visit: https://selenium.dev/exceptions/#no_such_element
Build info: version: '4.6.0', revision: '79f1c02ae20'
System info: os.name: 'Windows 10', os.arch: 'amd64', os.version: '10.0', java.version: '1.8.0_352'
Driver info: org.openqa.selenium.chrome.ChromeDriver
Command: [538804a98c21d4e8797cc4097bd8e812, findElement {using=css selector, value=#__next > div:nth-child(1) > main > div > div.content-container.cardstack-home > section > article:nth-child(3) > section:nth-child(1) > div > div.merchant-list-v2__wrapper}]
Capabilities {acceptInsecureCerts: false, browserName: chrome, browserVersion: 107.0.5304.107, chrome: {chromedriverVersion: 107.0.5304.62 (1eec40d3a576..., userDataDir: C:\Users\RAWAD~1.YEH\AppDat...}, goog:chromeOptions: {debuggerAddress: localhost:59964}, networkConnectionEnabled: false, pageLoadStrategy: normal, platformName: WINDOWS, proxy: Proxy(), se:cdp: ws://localhost:59964/devtoo..., se:cdpVersion: 107.0.5304.107, setWindowRect: true, strictFileInteractability: false, timeouts: {implicit: 0, pageLoad: 300000, script: 30000}, unhandledPromptBehavior: dismiss and notify, webauthn:extension:credBlob: true, webauthn:extension:largeBlob: true, webauthn:virtualAuthenticators: true}
Session ID: 538804a98c21d4e8797cc4097bd8e812
at sun.reflect.NativeConstructorAccessorImpl.newInstance0(Native Method)
at sun.reflect.NativeConstructorAccessorImpl.newInstance(NativeConstructorAccessorImpl.java:62)
at sun.reflect.DelegatingConstructorAccessorImpl.newInstance(DelegatingConstructorAccessorImpl.java:45)
at java.lang.reflect.Constructor.newInstance(Constructor.java:423)
at org.openqa.selenium.remote.codec.w3c.W3CHttpResponseCodec.createException(W3CHttpResponseCodec.java:200)
at org.openqa.selenium.remote.codec.w3c.W3CHttpResponseCodec.decode(W3CHttpResponseCodec.java:133)
at org.openqa.selenium.remote.codec.w3c.W3CHttpResponseCodec.decode(W3CHttpResponseCodec.java:53)
at org.openqa.selenium.remote.HttpCommandExecutor.execute(HttpCommandExecutor.java:184)
at org.openqa.selenium.remote.service.DriverCommandExecutor.invokeExecute(DriverCommandExecutor.java:167)
at org.openqa.selenium.remote.service.DriverCommandExecutor.execute(DriverCommandExecutor.java:142)
at org.openqa.selenium.remote.RemoteWebDriver.execute(RemoteWebDriver.java:541)
at org.openqa.selenium.remote.ElementLocation$ElementFinder$2.findElement(ElementLocation.java:162)
at org.openqa.selenium.remote.ElementLocation.findElement(ElementLocation.java:60)
at org.openqa.selenium.remote.RemoteWebDriver.findElement(RemoteWebDriver.java:365)
at org.openqa.selenium.remote.RemoteWebDriver.findElement(RemoteWebDriver.java:357)
at br.com.ifood.util.Elements.element(Elements.java:12)
at br.com.ifood.pages.HomePage.verificarListaLojasOuItens(HomePage.java:64)
at br.com.ifood.steps.HomeSteps.testeVerificarSeListaAumentaAoClicarVerMais(HomeSteps.java:55)
at sun.reflect.NativeMethodAccessorImpl.invoke0(Native Method)
at sun.reflect.NativeMethodAccessorImpl.invoke(NativeMethodAccessorImpl.java:62)
at sun.reflect.DelegatingMethodAccessorImpl.invoke(DelegatingMethodAccessorImpl.java:43)
at java.lang.reflect.Method.invoke(Method.java:498)
at org.testng.internal.MethodInvocationHelper.invokeMethod(MethodInvocationHelper.java:133)
at org.testng.internal.TestInvoker.invokeMethod(TestInvoker.java:598)
at org.testng.internal.TestInvoker.invokeTestMethod(TestInvoker.java:173)
at org.testng.internal.MethodRunner.runInSequence(MethodRunner.java:46)
at org.testng.internal.TestInvoker$MethodInvocationAgent.invoke(TestInvoker.java:824)
at org.testng.internal.TestInvoker.invokeTestMethods(TestInvoker.java:146)
at org.testng.internal.TestMethodWorker.invokeTestMethods(TestMethodWorker.java:146)
at org.testng.internal.TestMethodWorker.run(TestMethodWorker.java:128)
at java.util.ArrayList.forEach(ArrayList.java:1259)
at org.testng.TestRunner.privateRun(TestRunner.java:794)
at org.testng.TestRunner.run(TestRunner.java:596)
at org.testng.SuiteRunner.runTest(SuiteRunner.java:377)
at org.testng.SuiteRunner.runSequentially(SuiteRunner.java:371)
at org.testng.SuiteRunner.privateRun(SuiteRunner.java:332)
at org.testng.SuiteRunner.run(SuiteRunner.java:276)
at org.testng.SuiteRunnerWorker.runSuite(SuiteRunnerWorker.java:53)
at org.testng.SuiteRunnerWorker.run(SuiteRunnerWorker.java:96)
at org.testng.TestNG.runSuitesSequentially(TestNG.java:1212)
at org.testng.TestNG.runSuitesLocally(TestNG.java:1134)
at org.testng.TestNG.runSuites(TestNG.java:1063)
at org.testng.TestNG.run(TestNG.java:1031)
at org.apache.maven.surefire.testng.TestNGExecutor.run(TestNGExecutor.java:284)
at org.apache.maven.surefire.testng.TestNGXmlTestSuite.execute(TestNGXmlTestSuite.java:75)
at org.apache.maven.surefire.testng.TestNGProvider.invoke(TestNGProvider.java:119)
at org.apache.maven.surefire.booter.ForkedBooter.runSuitesInProcess(ForkedBooter.java:428)
at org.apache.maven.surefire.booter.ForkedBooter.execute(ForkedBooter.java:162)
at org.apache.maven.surefire.booter.ForkedBooter.run(ForkedBooter.java:562)
at org.apache.maven.surefire.booter.ForkedBooter.main(ForkedBooter.java:548)
]]>
            </full-stacktrace>
          </exception> <!-- org.openqa.selenium.NoSuchElementException -->
          <reporter-output>
            <line>
              <![CDATA[<a href='C:\Users\rawad.yehia\Desktop\GIT\trabalho-final-modulo-selenium\.\ScreenShot\testeVerificarSeListaAumentaAoClicarVerMais.jpg'> <img src='C:\Users\rawad.yehia\Desktop\GIT\trabalho-final-modulo-selenium\.\ScreenShot\testeVerificarSeListaAumentaAoClicarVerMais.jpg' height='100' width='100'/> </a>]]>
            </line>
          </reporter-output>
        </test-method> <!-- testeVerificarSeListaAumentaAoClicarVerMais -->
        <test-method status="PASS" signature="fecharNavegador()[pri:0, instance:br.com.ifood.steps.HomeSteps@3f3c7bdb]" name="fecharNavegador" is-config="true" duration-ms="1411" started-at="2022-11-13T17:13:44 GMT-03:00" finished-at="2022-11-13T17:13:45 GMT-03:00">
          <reporter-output>
          </reporter-output>
        </test-method> <!-- fecharNavegador -->
      </class> <!-- br.com.ifood.steps.HomeSteps -->
      <class name="br.com.ifood.steps.NavbarSteps">
        <test-method status="PASS" signature="abrirNavegador()[pri:0, instance:br.com.ifood.steps.NavbarSteps@5432050b]" name="abrirNavegador" is-config="true" duration-ms="5070" started-at="2022-11-13T17:13:45 GMT-03:00" finished-at="2022-11-13T17:13:50 GMT-03:00">
          <reporter-output>
          </reporter-output>
        </test-method> <!-- abrirNavegador -->
        <test-method status="PASS" signature="testeDeveAdicionarItemAoCarrinho()[pri:0, instance:br.com.ifood.steps.NavbarSteps@5432050b]" name="testeDeveAdicionarItemAoCarrinho" duration-ms="29691" started-at="2022-11-13T17:13:50 GMT-03:00" description="Teste adicionar produto ao carrinho" finished-at="2022-11-13T17:14:20 GMT-03:00">
          <reporter-output>
          </reporter-output>
        </test-method> <!-- testeDeveAdicionarItemAoCarrinho -->
        <test-method status="PASS" signature="fecharNavegador()[pri:0, instance:br.com.ifood.steps.NavbarSteps@5432050b]" name="fecharNavegador" is-config="true" duration-ms="1086" started-at="2022-11-13T17:14:20 GMT-03:00" finished-at="2022-11-13T17:14:21 GMT-03:00">
          <reporter-output>
          </reporter-output>
        </test-method> <!-- fecharNavegador -->
        <test-method status="PASS" signature="abrirNavegador()[pri:0, instance:br.com.ifood.steps.NavbarSteps@5432050b]" name="abrirNavegador" is-config="true" duration-ms="4885" started-at="2022-11-13T17:14:21 GMT-03:00" finished-at="2022-11-13T17:14:26 GMT-03:00">
          <reporter-output>
          </reporter-output>
        </test-method> <!-- abrirNavegador -->
        <test-method status="PASS" signature="testeDeveInformarErroCasoDigiteCupomInvalido()[pri:0, instance:br.com.ifood.steps.NavbarSteps@5432050b]" name="testeDeveInformarErroCasoDigiteCupomInvalido" duration-ms="26327" started-at="2022-11-13T17:14:26 GMT-03:00" description="Teste adicionar cupom inválido" finished-at="2022-11-13T17:14:52 GMT-03:00">
          <reporter-output>
          </reporter-output>
        </test-method> <!-- testeDeveInformarErroCasoDigiteCupomInvalido -->
        <test-method status="PASS" signature="fecharNavegador()[pri:0, instance:br.com.ifood.steps.NavbarSteps@5432050b]" name="fecharNavegador" is-config="true" duration-ms="1697" started-at="2022-11-13T17:14:52 GMT-03:00" finished-at="2022-11-13T17:14:54 GMT-03:00">
          <reporter-output>
          </reporter-output>
        </test-method> <!-- fecharNavegador -->
        <test-method status="PASS" signature="abrirNavegador()[pri:0, instance:br.com.ifood.steps.NavbarSteps@5432050b]" name="abrirNavegador" is-config="true" duration-ms="7761" started-at="2022-11-13T17:14:54 GMT-03:00" finished-at="2022-11-13T17:15:02 GMT-03:00">
          <reporter-output>
          </reporter-output>
        </test-method> <!-- abrirNavegador -->
        <test-method status="PASS" signature="testeDeveInformarQueOCarrinhoEstaVazio()[pri:0, instance:br.com.ifood.steps.NavbarSteps@5432050b]" name="testeDeveInformarQueOCarrinhoEstaVazio" duration-ms="9392" started-at="2022-11-13T17:15:02 GMT-03:00" description="Teste carrinho vazio" finished-at="2022-11-13T17:15:11 GMT-03:00">
          <reporter-output>
          </reporter-output>
        </test-method> <!-- testeDeveInformarQueOCarrinhoEstaVazio -->
        <test-method status="PASS" signature="fecharNavegador()[pri:0, instance:br.com.ifood.steps.NavbarSteps@5432050b]" name="fecharNavegador" is-config="true" duration-ms="1372" started-at="2022-11-13T17:15:11 GMT-03:00" finished-at="2022-11-13T17:15:12 GMT-03:00">
          <reporter-output>
          </reporter-output>
        </test-method> <!-- fecharNavegador -->
        <test-method status="PASS" signature="abrirNavegador()[pri:0, instance:br.com.ifood.steps.NavbarSteps@5432050b]" name="abrirNavegador" is-config="true" duration-ms="6410" started-at="2022-11-13T17:15:12 GMT-03:00" finished-at="2022-11-13T17:15:19 GMT-03:00">
          <reporter-output>
          </reporter-output>
        </test-method> <!-- abrirNavegador -->
        <test-method status="PASS" signature="testeDeveRemoverProdutoDoCarrinhoComSucesso()[pri:0, instance:br.com.ifood.steps.NavbarSteps@5432050b]" name="testeDeveRemoverProdutoDoCarrinhoComSucesso" duration-ms="30220" started-at="2022-11-13T17:15:19 GMT-03:00" description="Teste remover produto" finished-at="2022-11-13T17:15:49 GMT-03:00">
          <reporter-output>
          </reporter-output>
        </test-method> <!-- testeDeveRemoverProdutoDoCarrinhoComSucesso -->
        <test-method status="PASS" signature="fecharNavegador()[pri:0, instance:br.com.ifood.steps.NavbarSteps@5432050b]" name="fecharNavegador" is-config="true" duration-ms="1119" started-at="2022-11-13T17:15:49 GMT-03:00" finished-at="2022-11-13T17:15:50 GMT-03:00">
          <reporter-output>
          </reporter-output>
        </test-method> <!-- fecharNavegador -->
        <test-method status="PASS" signature="abrirNavegador()[pri:0, instance:br.com.ifood.steps.NavbarSteps@5432050b]" name="abrirNavegador" is-config="true" duration-ms="5429" started-at="2022-11-13T17:15:50 GMT-03:00" finished-at="2022-11-13T17:15:56 GMT-03:00">
          <reporter-output>
          </reporter-output>
        </test-method> <!-- abrirNavegador -->
        <test-method status="PASS" signature="testeDeveRetornarProdutoNaoEncontrado()[pri:0, instance:br.com.ifood.steps.NavbarSteps@5432050b]" name="testeDeveRetornarProdutoNaoEncontrado" duration-ms="7067" started-at="2022-11-13T17:15:56 GMT-03:00" description="Teste buscar produto inexistente." finished-at="2022-11-13T17:16:03 GMT-03:00">
          <reporter-output>
          </reporter-output>
        </test-method> <!-- testeDeveRetornarProdutoNaoEncontrado -->
        <test-method status="PASS" signature="fecharNavegador()[pri:0, instance:br.com.ifood.steps.NavbarSteps@5432050b]" name="fecharNavegador" is-config="true" duration-ms="872" started-at="2022-11-13T17:16:03 GMT-03:00" finished-at="2022-11-13T17:16:04 GMT-03:00">
          <reporter-output>
          </reporter-output>
        </test-method> <!-- fecharNavegador -->
        <test-method status="PASS" signature="abrirNavegador()[pri:0, instance:br.com.ifood.steps.NavbarSteps@5432050b]" name="abrirNavegador" is-config="true" duration-ms="4813" started-at="2022-11-13T17:16:04 GMT-03:00" finished-at="2022-11-13T17:16:08 GMT-03:00">
          <reporter-output>
          </reporter-output>
        </test-method> <!-- abrirNavegador -->
        <test-method status="PASS" signature="testeListarProdutoOuLojaBuscada()[pri:0, instance:br.com.ifood.steps.NavbarSteps@5432050b]" name="testeListarProdutoOuLojaBuscada" duration-ms="4907" started-at="2022-11-13T17:16:08 GMT-03:00" description="Teste buscar produto." finished-at="2022-11-13T17:16:13 GMT-03:00">
          <reporter-output>
          </reporter-output>
        </test-method> <!-- testeListarProdutoOuLojaBuscada -->
        <test-method status="PASS" signature="fecharNavegador()[pri:0, instance:br.com.ifood.steps.NavbarSteps@5432050b]" name="fecharNavegador" is-config="true" duration-ms="1044" started-at="2022-11-13T17:16:13 GMT-03:00" finished-at="2022-11-13T17:16:14 GMT-03:00">
          <reporter-output>
          </reporter-output>
        </test-method> <!-- fecharNavegador -->
      </class> <!-- br.com.ifood.steps.NavbarSteps -->
      <class name="br.com.ifood.steps.LandingSteps">
        <test-method status="PASS" signature="abrirNavegador()[pri:0, instance:br.com.ifood.steps.LandingSteps@6034e75d]" name="abrirNavegador" is-config="true" duration-ms="10199" started-at="2022-11-13T17:11:18 GMT-03:00" finished-at="2022-11-13T17:11:29 GMT-03:00">
          <reporter-output>
          </reporter-output>
        </test-method> <!-- abrirNavegador -->
        <test-method status="PASS" signature="deveDesabilitarBtnSalvarEnderecoCasoNumeroNaoSejaInformado()[pri:0, instance:br.com.ifood.steps.LandingSteps@6034e75d]" name="deveDesabilitarBtnSalvarEnderecoCasoNumeroNaoSejaInformado" duration-ms="3552" started-at="2022-11-13T17:11:29 GMT-03:00" description="Teste botão &#039;salvar endereço&#039; desabilitado." finished-at="2022-11-13T17:11:33 GMT-03:00">
          <reporter-output>
          </reporter-output>
        </test-method> <!-- deveDesabilitarBtnSalvarEnderecoCasoNumeroNaoSejaInformado -->
        <test-method status="PASS" signature="fecharNavegador()[pri:0, instance:br.com.ifood.steps.LandingSteps@6034e75d]" name="fecharNavegador" is-config="true" duration-ms="1228" started-at="2022-11-13T17:11:33 GMT-03:00" finished-at="2022-11-13T17:11:34 GMT-03:00">
          <reporter-output>
          </reporter-output>
        </test-method> <!-- fecharNavegador -->
        <test-method status="PASS" signature="abrirNavegador()[pri:0, instance:br.com.ifood.steps.LandingSteps@6034e75d]" name="abrirNavegador" is-config="true" duration-ms="5132" started-at="2022-11-13T17:11:34 GMT-03:00" finished-at="2022-11-13T17:11:39 GMT-03:00">
          <reporter-output>
          </reporter-output>
        </test-method> <!-- abrirNavegador -->
        <test-method status="PASS" signature="deveInformarEnderecoEscolhidoNavBar()[pri:0, instance:br.com.ifood.steps.LandingSteps@6034e75d]" name="deveInformarEnderecoEscolhidoNavBar" duration-ms="5456" started-at="2022-11-13T17:11:39 GMT-03:00" description="Teste com endereço válido." finished-at="2022-11-13T17:11:45 GMT-03:00">
          <reporter-output>
          </reporter-output>
        </test-method> <!-- deveInformarEnderecoEscolhidoNavBar -->
        <test-method status="PASS" signature="fecharNavegador()[pri:0, instance:br.com.ifood.steps.LandingSteps@6034e75d]" name="fecharNavegador" is-config="true" duration-ms="1371" started-at="2022-11-13T17:11:45 GMT-03:00" finished-at="2022-11-13T17:11:46 GMT-03:00">
          <reporter-output>
          </reporter-output>
        </test-method> <!-- fecharNavegador -->
        <test-method status="PASS" signature="abrirNavegador()[pri:0, instance:br.com.ifood.steps.LandingSteps@6034e75d]" name="abrirNavegador" is-config="true" duration-ms="6276" started-at="2022-11-13T17:11:46 GMT-03:00" finished-at="2022-11-13T17:11:52 GMT-03:00">
          <reporter-output>
          </reporter-output>
        </test-method> <!-- abrirNavegador -->
        <test-method status="PASS" signature="deveInformarUsuarioParaBuscarEnderecoCasoCampoEstejaVazio()[pri:0, instance:br.com.ifood.steps.LandingSteps@6034e75d]" name="deveInformarUsuarioParaBuscarEnderecoCasoCampoEstejaVazio" duration-ms="214" started-at="2022-11-13T17:11:52 GMT-03:00" description="Teste não preenche campo endereço." finished-at="2022-11-13T17:11:53 GMT-03:00">
          <reporter-output>
          </reporter-output>
        </test-method> <!-- deveInformarUsuarioParaBuscarEnderecoCasoCampoEstejaVazio -->
        <test-method status="PASS" signature="fecharNavegador()[pri:0, instance:br.com.ifood.steps.LandingSteps@6034e75d]" name="fecharNavegador" is-config="true" duration-ms="823" started-at="2022-11-13T17:11:53 GMT-03:00" finished-at="2022-11-13T17:11:53 GMT-03:00">
          <reporter-output>
          </reporter-output>
        </test-method> <!-- fecharNavegador -->
        <test-method status="PASS" signature="abrirNavegador()[pri:0, instance:br.com.ifood.steps.LandingSteps@6034e75d]" name="abrirNavegador" is-config="true" duration-ms="5454" started-at="2022-11-13T17:11:53 GMT-03:00" finished-at="2022-11-13T17:11:59 GMT-03:00">
          <reporter-output>
          </reporter-output>
        </test-method> <!-- abrirNavegador -->
        <test-method status="FAIL" signature="deveManterBtnDesabilitadoCasoSejaDigitadoValorInvalido()[pri:0, instance:br.com.ifood.steps.LandingSteps@6034e75d]" name="deveManterBtnDesabilitadoCasoSejaDigitadoValorInvalido" duration-ms="3434" started-at="2022-11-13T17:11:59 GMT-03:00" description="Teste preencher número de endereço com valor inválido." finished-at="2022-11-13T17:12:02 GMT-03:00">
          <exception class="java.lang.AssertionError">
            <message>
              <![CDATA[expected [true] but found [null]]]>
            </message>
            <full-stacktrace>
              <![CDATA[java.lang.AssertionError: expected [true] but found [null]
at org.testng.Assert.fail(Assert.java:99)
at org.testng.Assert.failNotEquals(Assert.java:1037)
at org.testng.Assert.assertEqualsImpl(Assert.java:140)
at org.testng.Assert.assertEquals(Assert.java:122)
at org.testng.Assert.assertEquals(Assert.java:629)
at org.testng.Assert.assertEquals(Assert.java:639)
at br.com.ifood.steps.LandingSteps.deveManterBtnDesabilitadoCasoSejaDigitadoValorInvalido(LandingSteps.java:82)
at sun.reflect.NativeMethodAccessorImpl.invoke0(Native Method)
at sun.reflect.NativeMethodAccessorImpl.invoke(NativeMethodAccessorImpl.java:62)
at sun.reflect.DelegatingMethodAccessorImpl.invoke(DelegatingMethodAccessorImpl.java:43)
at java.lang.reflect.Method.invoke(Method.java:498)
at org.testng.internal.MethodInvocationHelper.invokeMethod(MethodInvocationHelper.java:133)
at org.testng.internal.TestInvoker.invokeMethod(TestInvoker.java:598)
at org.testng.internal.TestInvoker.invokeTestMethod(TestInvoker.java:173)
at org.testng.internal.MethodRunner.runInSequence(MethodRunner.java:46)
at org.testng.internal.TestInvoker$MethodInvocationAgent.invoke(TestInvoker.java:824)
at org.testng.internal.TestInvoker.invokeTestMethods(TestInvoker.java:146)
at org.testng.internal.TestMethodWorker.invokeTestMethods(TestMethodWorker.java:146)
at org.testng.internal.TestMethodWorker.run(TestMethodWorker.java:128)
at java.util.ArrayList.forEach(ArrayList.java:1259)
at org.testng.TestRunner.privateRun(TestRunner.java:794)
at org.testng.TestRunner.run(TestRunner.java:596)
at org.testng.SuiteRunner.runTest(SuiteRunner.java:377)
at org.testng.SuiteRunner.runSequentially(SuiteRunner.java:371)
at org.testng.SuiteRunner.privateRun(SuiteRunner.java:332)
at org.testng.SuiteRunner.run(SuiteRunner.java:276)
at org.testng.SuiteRunnerWorker.runSuite(SuiteRunnerWorker.java:53)
at org.testng.SuiteRunnerWorker.run(SuiteRunnerWorker.java:96)
at org.testng.TestNG.runSuitesSequentially(TestNG.java:1212)
at org.testng.TestNG.runSuitesLocally(TestNG.java:1134)
at org.testng.TestNG.runSuites(TestNG.java:1063)
at org.testng.TestNG.run(TestNG.java:1031)
at org.apache.maven.surefire.testng.TestNGExecutor.run(TestNGExecutor.java:284)
at org.apache.maven.surefire.testng.TestNGXmlTestSuite.execute(TestNGXmlTestSuite.java:75)
at org.apache.maven.surefire.testng.TestNGProvider.invoke(TestNGProvider.java:119)
at org.apache.maven.surefire.booter.ForkedBooter.runSuitesInProcess(ForkedBooter.java:428)
at org.apache.maven.surefire.booter.ForkedBooter.execute(ForkedBooter.java:162)
at org.apache.maven.surefire.booter.ForkedBooter.run(ForkedBooter.java:562)
at org.apache.maven.surefire.booter.ForkedBooter.main(ForkedBooter.java:548)
]]>
            </full-stacktrace>
          </exception> <!-- java.lang.AssertionError -->
          <reporter-output>
            <line>
              <![CDATA[<a href='C:\Users\rawad.yehia\Desktop\GIT\trabalho-final-modulo-selenium\.\ScreenShot\deveManterBtnDesabilitadoCasoSejaDigitadoValorInvalido.jpg'> <img src='C:\Users\rawad.yehia\Desktop\GIT\trabalho-final-modulo-selenium\.\ScreenShot\deveManterBtnDesabilitadoCasoSejaDigitadoValorInvalido.jpg' height='100' width='100'/> </a>]]>
            </line>
          </reporter-output>
        </test-method> <!-- deveManterBtnDesabilitadoCasoSejaDigitadoValorInvalido -->
        <test-method status="PASS" signature="fecharNavegador()[pri:0, instance:br.com.ifood.steps.LandingSteps@6034e75d]" name="fecharNavegador" is-config="true" duration-ms="913" started-at="2022-11-13T17:12:03 GMT-03:00" finished-at="2022-11-13T17:12:04 GMT-03:00">
          <reporter-output>
          </reporter-output>
        </test-method> <!-- fecharNavegador -->
        <test-method status="PASS" signature="abrirNavegador()[pri:0, instance:br.com.ifood.steps.LandingSteps@6034e75d]" name="abrirNavegador" is-config="true" duration-ms="5286" started-at="2022-11-13T17:12:04 GMT-03:00" finished-at="2022-11-13T17:12:09 GMT-03:00">
          <reporter-output>
          </reporter-output>
        </test-method> <!-- abrirNavegador -->
        <test-method status="PASS" signature="devePedirNumeroDoEnderecoCasoNaoSejaInformado()[pri:0, instance:br.com.ifood.steps.LandingSteps@6034e75d]" name="devePedirNumeroDoEnderecoCasoNaoSejaInformado" duration-ms="2811" started-at="2022-11-13T17:12:09 GMT-03:00" description="Teste com endereço sem informar número." finished-at="2022-11-13T17:12:12 GMT-03:00">
          <reporter-output>
          </reporter-output>
        </test-method> <!-- devePedirNumeroDoEnderecoCasoNaoSejaInformado -->
        <test-method status="PASS" signature="fecharNavegador()[pri:0, instance:br.com.ifood.steps.LandingSteps@6034e75d]" name="fecharNavegador" is-config="true" duration-ms="787" started-at="2022-11-13T17:12:12 GMT-03:00" finished-at="2022-11-13T17:12:13 GMT-03:00">
          <reporter-output>
          </reporter-output>
        </test-method> <!-- fecharNavegador -->
        <test-method status="PASS" signature="abrirNavegador()[pri:0, instance:br.com.ifood.steps.LandingSteps@6034e75d]" name="abrirNavegador" is-config="true" duration-ms="5226" started-at="2022-11-13T17:12:13 GMT-03:00" finished-at="2022-11-13T17:12:18 GMT-03:00">
          <reporter-output>
          </reporter-output>
        </test-method> <!-- abrirNavegador -->
        <test-method status="PASS" signature="deveRetornarMensagemErroAoInformarEnderecoInvalido()[pri:0, instance:br.com.ifood.steps.LandingSteps@6034e75d]" name="deveRetornarMensagemErroAoInformarEnderecoInvalido" duration-ms="1954" started-at="2022-11-13T17:12:18 GMT-03:00" description="Teste com endereço inválido." finished-at="2022-11-13T17:12:20 GMT-03:00">
          <reporter-output>
          </reporter-output>
        </test-method> <!-- deveRetornarMensagemErroAoInformarEnderecoInvalido -->
        <test-method status="PASS" signature="fecharNavegador()[pri:0, instance:br.com.ifood.steps.LandingSteps@6034e75d]" name="fecharNavegador" is-config="true" duration-ms="824" started-at="2022-11-13T17:12:20 GMT-03:00" finished-at="2022-11-13T17:12:21 GMT-03:00">
          <reporter-output>
          </reporter-output>
        </test-method> <!-- fecharNavegador -->
      </class> <!-- br.com.ifood.steps.LandingSteps -->
    </test> <!-- User Tests -->
  </suite> <!-- Suite -->
</testng-results>
