<?xml version="1.0" encoding="UTF-8"?>
<testng-results skipped="0" failed="3" ignored="0" total="15" passed="12">
  <reporter-output>
    <line>
      <![CDATA[<a href='C:\Users\rawad.yehia\Desktop\GIT\trabalho-final-modulo-selenium\.\ScreenShot\deveManterBtnDesabilitadoCasoSejaDigitadoValorInvalido.jpg'> <img src='C:\Users\rawad.yehia\Desktop\GIT\trabalho-final-modulo-selenium\.\ScreenShot\deveManterBtnDesabilitadoCasoSejaDigitadoValorInvalido.jpg' height='100' width='100'/> </a>]]>
    </line>
    <line>
      <![CDATA[<a href='C:\Users\rawad.yehia\Desktop\GIT\trabalho-final-modulo-selenium\.\ScreenShot\testeVerificarSeListaAumentaAoClicarVerMais.jpg'> <img src='C:\Users\rawad.yehia\Desktop\GIT\trabalho-final-modulo-selenium\.\ScreenShot\testeVerificarSeListaAumentaAoClicarVerMais.jpg' height='100' width='100'/> </a>]]>
    </line>
    <line>
      <![CDATA[<a href='C:\Users\rawad.yehia\Desktop\GIT\trabalho-final-modulo-selenium\.\ScreenShot\testeDeveAdicionarItemAoCarrinho.jpg'> <img src='C:\Users\rawad.yehia\Desktop\GIT\trabalho-final-modulo-selenium\.\ScreenShot\testeDeveAdicionarItemAoCarrinho.jpg' height='100' width='100'/> </a>]]>
    </line>
  </reporter-output>
  <suite name="Suite" duration-ms="214356" started-at="2022-11-12T14:45:54 GMT-03:00" finished-at="2022-11-12T14:49:28 GMT-03:00">
    <groups>
    </groups>
    <test name="User Tests" duration-ms="214356" started-at="2022-11-12T14:45:54 GMT-03:00" finished-at="2022-11-12T14:49:28 GMT-03:00">
      <class name="br.com.ifood.steps.HomeSteps">
        <test-method status="PASS" signature="abrirNavegador()[pri:0, instance:br.com.ifood.steps.HomeSteps@49ef32e0]" name="abrirNavegador" is-config="true" duration-ms="4693" started-at="2022-11-12T14:46:56 GMT-03:00" finished-at="2022-11-12T14:47:01 GMT-03:00">
          <reporter-output>
          </reporter-output>
        </test-method> <!-- abrirNavegador -->
        <test-method status="PASS" signature="testeDeveRedirecionarParaAPaginaDaLoja()[pri:0, instance:br.com.ifood.steps.HomeSteps@49ef32e0]" name="testeDeveRedirecionarParaAPaginaDaLoja" duration-ms="26706" started-at="2022-11-12T14:47:01 GMT-03:00" finished-at="2022-11-12T14:47:28 GMT-03:00">
          <reporter-output>
          </reporter-output>
        </test-method> <!-- testeDeveRedirecionarParaAPaginaDaLoja -->
        <test-method status="PASS" signature="fecharNavegador()[pri:0, instance:br.com.ifood.steps.HomeSteps@49ef32e0]" name="fecharNavegador" is-config="true" duration-ms="1159" started-at="2022-11-12T14:47:28 GMT-03:00" finished-at="2022-11-12T14:47:29 GMT-03:00">
          <reporter-output>
          </reporter-output>
        </test-method> <!-- fecharNavegador -->
        <test-method status="PASS" signature="abrirNavegador()[pri:0, instance:br.com.ifood.steps.HomeSteps@49ef32e0]" name="abrirNavegador" is-config="true" duration-ms="5337" started-at="2022-11-12T14:47:29 GMT-03:00" finished-at="2022-11-12T14:47:34 GMT-03:00">
          <reporter-output>
          </reporter-output>
        </test-method> <!-- abrirNavegador -->
        <test-method status="PASS" signature="testeVerficarQuartoBannerEstaAtivo()[pri:0, instance:br.com.ifood.steps.HomeSteps@49ef32e0]" name="testeVerficarQuartoBannerEstaAtivo" duration-ms="7207" started-at="2022-11-12T14:47:34 GMT-03:00" finished-at="2022-11-12T14:47:41 GMT-03:00">
          <reporter-output>
          </reporter-output>
        </test-method> <!-- testeVerficarQuartoBannerEstaAtivo -->
        <test-method status="PASS" signature="fecharNavegador()[pri:0, instance:br.com.ifood.steps.HomeSteps@49ef32e0]" name="fecharNavegador" is-config="true" duration-ms="1104" started-at="2022-11-12T14:47:41 GMT-03:00" finished-at="2022-11-12T14:47:42 GMT-03:00">
          <reporter-output>
          </reporter-output>
        </test-method> <!-- fecharNavegador -->
        <test-method status="PASS" signature="abrirNavegador()[pri:0, instance:br.com.ifood.steps.HomeSteps@49ef32e0]" name="abrirNavegador" is-config="true" duration-ms="4992" started-at="2022-11-12T14:47:42 GMT-03:00" finished-at="2022-11-12T14:47:47 GMT-03:00">
          <reporter-output>
          </reporter-output>
        </test-method> <!-- abrirNavegador -->
        <test-method status="PASS" signature="testeVerificarBotaoSwipeDisabledCasoAListaAcabe()[pri:0, instance:br.com.ifood.steps.HomeSteps@49ef32e0]" name="testeVerificarBotaoSwipeDisabledCasoAListaAcabe" duration-ms="6820" started-at="2022-11-12T14:47:47 GMT-03:00" finished-at="2022-11-12T14:47:54 GMT-03:00">
          <reporter-output>
          </reporter-output>
        </test-method> <!-- testeVerificarBotaoSwipeDisabledCasoAListaAcabe -->
        <test-method status="PASS" signature="fecharNavegador()[pri:0, instance:br.com.ifood.steps.HomeSteps@49ef32e0]" name="fecharNavegador" is-config="true" duration-ms="1044" started-at="2022-11-12T14:47:54 GMT-03:00" finished-at="2022-11-12T14:47:55 GMT-03:00">
          <reporter-output>
          </reporter-output>
        </test-method> <!-- fecharNavegador -->
        <test-method status="PASS" signature="abrirNavegador()[pri:0, instance:br.com.ifood.steps.HomeSteps@49ef32e0]" name="abrirNavegador" is-config="true" duration-ms="5531" started-at="2022-11-12T14:47:55 GMT-03:00" finished-at="2022-11-12T14:48:01 GMT-03:00">
          <reporter-output>
          </reporter-output>
        </test-method> <!-- abrirNavegador -->
        <test-method status="PASS" signature="testeVerificarImagemTrocaDeTamanho()[pri:0, instance:br.com.ifood.steps.HomeSteps@49ef32e0]" name="testeVerificarImagemTrocaDeTamanho" duration-ms="8860" started-at="2022-11-12T14:48:01 GMT-03:00" finished-at="2022-11-12T14:48:10 GMT-03:00">
          <reporter-output>
          </reporter-output>
        </test-method> <!-- testeVerificarImagemTrocaDeTamanho -->
        <test-method status="PASS" signature="fecharNavegador()[pri:0, instance:br.com.ifood.steps.HomeSteps@49ef32e0]" name="fecharNavegador" is-config="true" duration-ms="1003" started-at="2022-11-12T14:48:10 GMT-03:00" finished-at="2022-11-12T14:48:11 GMT-03:00">
          <reporter-output>
          </reporter-output>
        </test-method> <!-- fecharNavegador -->
        <test-method status="PASS" signature="abrirNavegador()[pri:0, instance:br.com.ifood.steps.HomeSteps@49ef32e0]" name="abrirNavegador" is-config="true" duration-ms="5341" started-at="2022-11-12T14:48:11 GMT-03:00" finished-at="2022-11-12T14:48:16 GMT-03:00">
          <reporter-output>
          </reporter-output>
        </test-method> <!-- abrirNavegador -->
        <test-method status="FAIL" signature="testeVerificarSeListaAumentaAoClicarVerMais()[pri:0, instance:br.com.ifood.steps.HomeSteps@49ef32e0]" name="testeVerificarSeListaAumentaAoClicarVerMais" duration-ms="6666" started-at="2022-11-12T14:48:16 GMT-03:00" finished-at="2022-11-12T14:48:23 GMT-03:00">
          <exception class="java.lang.AssertionError">
            <message>
              <![CDATA[did not expect [20] but found [20]]]>
            </message>
            <full-stacktrace>
              <![CDATA[java.lang.AssertionError: did not expect [20] but found [20]
at org.testng.Assert.fail(Assert.java:99)
at org.testng.Assert.failEquals(Assert.java:1041)
at org.testng.Assert.assertNotEqualsImpl(Assert.java:147)
at org.testng.Assert.assertNotEquals(Assert.java:1531)
at org.testng.Assert.assertNotEquals(Assert.java:1535)
at br.com.ifood.steps.HomeSteps.testeVerificarSeListaAumentaAoClicarVerMais(HomeSteps.java:52)
at sun.reflect.NativeMethodAccessorImpl.invoke0(Native Method)
at sun.reflect.NativeMethodAccessorImpl.invoke(NativeMethodAccessorImpl.java:62)
at sun.reflect.DelegatingMethodAccessorImpl.invoke(DelegatingMethodAccessorImpl.java:43)
at java.lang.reflect.Method.invoke(Method.java:498)
at org.testng.internal.MethodInvocationHelper.invokeMethod(MethodInvocationHelper.java:133)
at org.testng.internal.TestInvoker.invokeMethod(TestInvoker.java:598)
at org.testng.internal.TestInvoker.invokeTestMethod(TestInvoker.java:173)
at org.testng.internal.MethodRunner.runInSequence(MethodRunner.java:46)
at org.testng.internal.TestInvoker$MethodInvocationAgent.invoke(TestInvoker.java:824)
at org.testng.internal.TestInvoker.invokeTestMethods(TestInvoker.java:146)
at org.testng.internal.TestMethodWorker.invokeTestMethods(TestMethodWorker.java:146)
at org.testng.internal.TestMethodWorker.run(TestMethodWorker.java:128)
at java.util.ArrayList.forEach(ArrayList.java:1259)
at org.testng.TestRunner.privateRun(TestRunner.java:794)
at org.testng.TestRunner.run(TestRunner.java:596)
at org.testng.SuiteRunner.runTest(SuiteRunner.java:377)
at org.testng.SuiteRunner.runSequentially(SuiteRunner.java:371)
at org.testng.SuiteRunner.privateRun(SuiteRunner.java:332)
at org.testng.SuiteRunner.run(SuiteRunner.java:276)
at org.testng.SuiteRunnerWorker.runSuite(SuiteRunnerWorker.java:53)
at org.testng.SuiteRunnerWorker.run(SuiteRunnerWorker.java:96)
at org.testng.TestNG.runSuitesSequentially(TestNG.java:1212)
at org.testng.TestNG.runSuitesLocally(TestNG.java:1134)
at org.testng.TestNG.runSuites(TestNG.java:1063)
at org.testng.TestNG.run(TestNG.java:1031)
at org.apache.maven.surefire.testng.TestNGExecutor.run(TestNGExecutor.java:284)
at org.apache.maven.surefire.testng.TestNGXmlTestSuite.execute(TestNGXmlTestSuite.java:75)
at org.apache.maven.surefire.testng.TestNGProvider.invoke(TestNGProvider.java:119)
at org.apache.maven.surefire.booter.ForkedBooter.runSuitesInProcess(ForkedBooter.java:428)
at org.apache.maven.surefire.booter.ForkedBooter.execute(ForkedBooter.java:162)
at org.apache.maven.surefire.booter.ForkedBooter.run(ForkedBooter.java:562)
at org.apache.maven.surefire.booter.ForkedBooter.main(ForkedBooter.java:548)
]]>
            </full-stacktrace>
          </exception> <!-- java.lang.AssertionError -->
          <reporter-output>
            <line>
              <![CDATA[<a href='C:\Users\rawad.yehia\Desktop\GIT\trabalho-final-modulo-selenium\.\ScreenShot\testeVerificarSeListaAumentaAoClicarVerMais.jpg'> <img src='C:\Users\rawad.yehia\Desktop\GIT\trabalho-final-modulo-selenium\.\ScreenShot\testeVerificarSeListaAumentaAoClicarVerMais.jpg' height='100' width='100'/> </a>]]>
            </line>
          </reporter-output>
        </test-method> <!-- testeVerificarSeListaAumentaAoClicarVerMais -->
        <test-method status="PASS" signature="fecharNavegador()[pri:0, instance:br.com.ifood.steps.HomeSteps@49ef32e0]" name="fecharNavegador" is-config="true" duration-ms="997" started-at="2022-11-12T14:48:23 GMT-03:00" finished-at="2022-11-12T14:48:24 GMT-03:00">
          <reporter-output>
          </reporter-output>
        </test-method> <!-- fecharNavegador -->
      </class> <!-- br.com.ifood.steps.HomeSteps -->
      <class name="br.com.ifood.steps.NavbarSteps">
        <test-method status="PASS" signature="abrirNavegador()[pri:0, instance:br.com.ifood.steps.NavbarSteps@3fc08eec]" name="abrirNavegador" is-config="true" duration-ms="5065" started-at="2022-11-12T14:48:24 GMT-03:00" finished-at="2022-11-12T14:48:29 GMT-03:00">
          <reporter-output>
          </reporter-output>
        </test-method> <!-- abrirNavegador -->
        <test-method status="FAIL" signature="testeDeveAdicionarItemAoCarrinho()[pri:0, instance:br.com.ifood.steps.NavbarSteps@3fc08eec]" name="testeDeveAdicionarItemAoCarrinho" duration-ms="24219" started-at="2022-11-12T14:48:29 GMT-03:00" finished-at="2022-11-12T14:48:53 GMT-03:00">
          <exception class="java.lang.AssertionError">
            <message>
              <![CDATA[expected [1x Cerveja de Trigo Hoegaarden 330ml] but found []]]>
            </message>
            <full-stacktrace>
              <![CDATA[java.lang.AssertionError: expected [1x Cerveja de Trigo Hoegaarden 330ml] but found []
at org.testng.Assert.fail(Assert.java:99)
at org.testng.Assert.failNotEquals(Assert.java:1037)
at org.testng.Assert.assertEqualsImpl(Assert.java:140)
at org.testng.Assert.assertEquals(Assert.java:122)
at org.testng.Assert.assertEquals(Assert.java:629)
at org.testng.Assert.assertEquals(Assert.java:639)
at br.com.ifood.steps.NavbarSteps.testeDeveAdicionarItemAoCarrinho(NavbarSteps.java:61)
at sun.reflect.NativeMethodAccessorImpl.invoke0(Native Method)
at sun.reflect.NativeMethodAccessorImpl.invoke(NativeMethodAccessorImpl.java:62)
at sun.reflect.DelegatingMethodAccessorImpl.invoke(DelegatingMethodAccessorImpl.java:43)
at java.lang.reflect.Method.invoke(Method.java:498)
at org.testng.internal.MethodInvocationHelper.invokeMethod(MethodInvocationHelper.java:133)
at org.testng.internal.TestInvoker.invokeMethod(TestInvoker.java:598)
at org.testng.internal.TestInvoker.invokeTestMethod(TestInvoker.java:173)
at org.testng.internal.MethodRunner.runInSequence(MethodRunner.java:46)
at org.testng.internal.TestInvoker$MethodInvocationAgent.invoke(TestInvoker.java:824)
at org.testng.internal.TestInvoker.invokeTestMethods(TestInvoker.java:146)
at org.testng.internal.TestMethodWorker.invokeTestMethods(TestMethodWorker.java:146)
at org.testng.internal.TestMethodWorker.run(TestMethodWorker.java:128)
at java.util.ArrayList.forEach(ArrayList.java:1259)
at org.testng.TestRunner.privateRun(TestRunner.java:794)
at org.testng.TestRunner.run(TestRunner.java:596)
at org.testng.SuiteRunner.runTest(SuiteRunner.java:377)
at org.testng.SuiteRunner.runSequentially(SuiteRunner.java:371)
at org.testng.SuiteRunner.privateRun(SuiteRunner.java:332)
at org.testng.SuiteRunner.run(SuiteRunner.java:276)
at org.testng.SuiteRunnerWorker.runSuite(SuiteRunnerWorker.java:53)
at org.testng.SuiteRunnerWorker.run(SuiteRunnerWorker.java:96)
at org.testng.TestNG.runSuitesSequentially(TestNG.java:1212)
at org.testng.TestNG.runSuitesLocally(TestNG.java:1134)
at org.testng.TestNG.runSuites(TestNG.java:1063)
at org.testng.TestNG.run(TestNG.java:1031)
at org.apache.maven.surefire.testng.TestNGExecutor.run(TestNGExecutor.java:284)
at org.apache.maven.surefire.testng.TestNGXmlTestSuite.execute(TestNGXmlTestSuite.java:75)
at org.apache.maven.surefire.testng.TestNGProvider.invoke(TestNGProvider.java:119)
at org.apache.maven.surefire.booter.ForkedBooter.runSuitesInProcess(ForkedBooter.java:428)
at org.apache.maven.surefire.booter.ForkedBooter.execute(ForkedBooter.java:162)
at org.apache.maven.surefire.booter.ForkedBooter.run(ForkedBooter.java:562)
at org.apache.maven.surefire.booter.ForkedBooter.main(ForkedBooter.java:548)
]]>
            </full-stacktrace>
          </exception> <!-- java.lang.AssertionError -->
          <reporter-output>
            <line>
              <![CDATA[<a href='C:\Users\rawad.yehia\Desktop\GIT\trabalho-final-modulo-selenium\.\ScreenShot\testeDeveAdicionarItemAoCarrinho.jpg'> <img src='C:\Users\rawad.yehia\Desktop\GIT\trabalho-final-modulo-selenium\.\ScreenShot\testeDeveAdicionarItemAoCarrinho.jpg' height='100' width='100'/> </a>]]>
            </line>
          </reporter-output>
        </test-method> <!-- testeDeveAdicionarItemAoCarrinho -->
        <test-method status="PASS" signature="fecharNavegador()[pri:0, instance:br.com.ifood.steps.NavbarSteps@3fc08eec]" name="fecharNavegador" is-config="true" duration-ms="1072" started-at="2022-11-12T14:48:54 GMT-03:00" finished-at="2022-11-12T14:48:55 GMT-03:00">
          <reporter-output>
          </reporter-output>
        </test-method> <!-- fecharNavegador -->
        <test-method status="PASS" signature="abrirNavegador()[pri:0, instance:br.com.ifood.steps.NavbarSteps@3fc08eec]" name="abrirNavegador" is-config="true" duration-ms="4995" started-at="2022-11-12T14:48:55 GMT-03:00" finished-at="2022-11-12T14:49:00 GMT-03:00">
          <reporter-output>
          </reporter-output>
        </test-method> <!-- abrirNavegador -->
        <test-method status="PASS" signature="testeDeveInformarQueOCarrinhoEstaVazio()[pri:0, instance:br.com.ifood.steps.NavbarSteps@3fc08eec]" name="testeDeveInformarQueOCarrinhoEstaVazio" duration-ms="4242" started-at="2022-11-12T14:49:00 GMT-03:00" finished-at="2022-11-12T14:49:04 GMT-03:00">
          <reporter-output>
          </reporter-output>
        </test-method> <!-- testeDeveInformarQueOCarrinhoEstaVazio -->
        <test-method status="PASS" signature="fecharNavegador()[pri:0, instance:br.com.ifood.steps.NavbarSteps@3fc08eec]" name="fecharNavegador" is-config="true" duration-ms="943" started-at="2022-11-12T14:49:04 GMT-03:00" finished-at="2022-11-12T14:49:05 GMT-03:00">
          <reporter-output>
          </reporter-output>
        </test-method> <!-- fecharNavegador -->
        <test-method status="PASS" signature="abrirNavegador()[pri:0, instance:br.com.ifood.steps.NavbarSteps@3fc08eec]" name="abrirNavegador" is-config="true" duration-ms="5267" started-at="2022-11-12T14:49:05 GMT-03:00" finished-at="2022-11-12T14:49:10 GMT-03:00">
          <reporter-output>
          </reporter-output>
        </test-method> <!-- abrirNavegador -->
        <test-method status="PASS" signature="testeDeveRetornarProdutoNaoEncontrado()[pri:0, instance:br.com.ifood.steps.NavbarSteps@3fc08eec]" name="testeDeveRetornarProdutoNaoEncontrado" duration-ms="6485" started-at="2022-11-12T14:49:10 GMT-03:00" finished-at="2022-11-12T14:49:17 GMT-03:00">
          <reporter-output>
          </reporter-output>
        </test-method> <!-- testeDeveRetornarProdutoNaoEncontrado -->
        <test-method status="PASS" signature="fecharNavegador()[pri:0, instance:br.com.ifood.steps.NavbarSteps@3fc08eec]" name="fecharNavegador" is-config="true" duration-ms="974" started-at="2022-11-12T14:49:17 GMT-03:00" finished-at="2022-11-12T14:49:18 GMT-03:00">
          <reporter-output>
          </reporter-output>
        </test-method> <!-- fecharNavegador -->
        <test-method status="PASS" signature="abrirNavegador()[pri:0, instance:br.com.ifood.steps.NavbarSteps@3fc08eec]" name="abrirNavegador" is-config="true" duration-ms="5033" started-at="2022-11-12T14:49:18 GMT-03:00" finished-at="2022-11-12T14:49:23 GMT-03:00">
          <reporter-output>
          </reporter-output>
        </test-method> <!-- abrirNavegador -->
        <test-method status="PASS" signature="testeListarProdutoOuLojaBuscada()[pri:0, instance:br.com.ifood.steps.NavbarSteps@3fc08eec]" name="testeListarProdutoOuLojaBuscada" duration-ms="4712" started-at="2022-11-12T14:49:23 GMT-03:00" finished-at="2022-11-12T14:49:27 GMT-03:00">
          <reporter-output>
          </reporter-output>
        </test-method> <!-- testeListarProdutoOuLojaBuscada -->
        <test-method status="PASS" signature="fecharNavegador()[pri:0, instance:br.com.ifood.steps.NavbarSteps@3fc08eec]" name="fecharNavegador" is-config="true" duration-ms="978" started-at="2022-11-12T14:49:27 GMT-03:00" finished-at="2022-11-12T14:49:28 GMT-03:00">
          <reporter-output>
          </reporter-output>
        </test-method> <!-- fecharNavegador -->
      </class> <!-- br.com.ifood.steps.NavbarSteps -->
      <class name="br.com.ifood.steps.LandingSteps">
        <test-method status="PASS" signature="abrirNavegador()[pri:0, instance:br.com.ifood.steps.LandingSteps@63a5e46c]" name="abrirNavegador" is-config="true" duration-ms="12014" started-at="2022-11-12T14:45:54 GMT-03:00" finished-at="2022-11-12T14:46:06 GMT-03:00">
          <reporter-output>
          </reporter-output>
        </test-method> <!-- abrirNavegador -->
        <test-method status="PASS" signature="deveDesabilitarBtnSalvarEnderecoCasoNumeroNaoSejaInformado()[pri:0, instance:br.com.ifood.steps.LandingSteps@63a5e46c]" name="deveDesabilitarBtnSalvarEnderecoCasoNumeroNaoSejaInformado" duration-ms="2827" started-at="2022-11-12T14:46:07 GMT-03:00" finished-at="2022-11-12T14:46:09 GMT-03:00">
          <reporter-output>
          </reporter-output>
        </test-method> <!-- deveDesabilitarBtnSalvarEnderecoCasoNumeroNaoSejaInformado -->
        <test-method status="PASS" signature="fecharNavegador()[pri:0, instance:br.com.ifood.steps.LandingSteps@63a5e46c]" name="fecharNavegador" is-config="true" duration-ms="1715" started-at="2022-11-12T14:46:10 GMT-03:00" finished-at="2022-11-12T14:46:11 GMT-03:00">
          <reporter-output>
          </reporter-output>
        </test-method> <!-- fecharNavegador -->
        <test-method status="PASS" signature="abrirNavegador()[pri:0, instance:br.com.ifood.steps.LandingSteps@63a5e46c]" name="abrirNavegador" is-config="true" duration-ms="6703" started-at="2022-11-12T14:46:11 GMT-03:00" finished-at="2022-11-12T14:46:18 GMT-03:00">
          <reporter-output>
          </reporter-output>
        </test-method> <!-- abrirNavegador -->
        <test-method status="PASS" signature="deveInformarEnderecoEscolhidoNavBar()[pri:0, instance:br.com.ifood.steps.LandingSteps@63a5e46c]" name="deveInformarEnderecoEscolhidoNavBar" duration-ms="4678" started-at="2022-11-12T14:46:18 GMT-03:00" description="Teste com endereço válido." finished-at="2022-11-12T14:46:23 GMT-03:00">
          <reporter-output>
          </reporter-output>
        </test-method> <!-- deveInformarEnderecoEscolhidoNavBar -->
        <test-method status="PASS" signature="fecharNavegador()[pri:0, instance:br.com.ifood.steps.LandingSteps@63a5e46c]" name="fecharNavegador" is-config="true" duration-ms="848" started-at="2022-11-12T14:46:23 GMT-03:00" finished-at="2022-11-12T14:46:24 GMT-03:00">
          <reporter-output>
          </reporter-output>
        </test-method> <!-- fecharNavegador -->
        <test-method status="PASS" signature="abrirNavegador()[pri:0, instance:br.com.ifood.steps.LandingSteps@63a5e46c]" name="abrirNavegador" is-config="true" duration-ms="5473" started-at="2022-11-12T14:46:24 GMT-03:00" finished-at="2022-11-12T14:46:29 GMT-03:00">
          <reporter-output>
          </reporter-output>
        </test-method> <!-- abrirNavegador -->
        <test-method status="PASS" signature="deveInformarUsuarioParaBuscarEnderecoCasoCampoEstejaVazio()[pri:0, instance:br.com.ifood.steps.LandingSteps@63a5e46c]" name="deveInformarUsuarioParaBuscarEnderecoCasoCampoEstejaVazio" duration-ms="131" started-at="2022-11-12T14:46:29 GMT-03:00" finished-at="2022-11-12T14:46:29 GMT-03:00">
          <reporter-output>
          </reporter-output>
        </test-method> <!-- deveInformarUsuarioParaBuscarEnderecoCasoCampoEstejaVazio -->
        <test-method status="PASS" signature="fecharNavegador()[pri:0, instance:br.com.ifood.steps.LandingSteps@63a5e46c]" name="fecharNavegador" is-config="true" duration-ms="847" started-at="2022-11-12T14:46:29 GMT-03:00" finished-at="2022-11-12T14:46:30 GMT-03:00">
          <reporter-output>
          </reporter-output>
        </test-method> <!-- fecharNavegador -->
        <test-method status="PASS" signature="abrirNavegador()[pri:0, instance:br.com.ifood.steps.LandingSteps@63a5e46c]" name="abrirNavegador" is-config="true" duration-ms="4983" started-at="2022-11-12T14:46:30 GMT-03:00" finished-at="2022-11-12T14:46:35 GMT-03:00">
          <reporter-output>
          </reporter-output>
        </test-method> <!-- abrirNavegador -->
        <test-method status="FAIL" signature="deveManterBtnDesabilitadoCasoSejaDigitadoValorInvalido()[pri:0, instance:br.com.ifood.steps.LandingSteps@63a5e46c]" name="deveManterBtnDesabilitadoCasoSejaDigitadoValorInvalido" duration-ms="2767" started-at="2022-11-12T14:46:35 GMT-03:00" finished-at="2022-11-12T14:46:38 GMT-03:00">
          <exception class="java.lang.AssertionError">
            <message>
              <![CDATA[expected [null] but found [true]]]>
            </message>
            <full-stacktrace>
              <![CDATA[java.lang.AssertionError: expected [null] but found [true]
at org.testng.Assert.fail(Assert.java:99)
at org.testng.Assert.failNotEquals(Assert.java:1037)
at org.testng.Assert.assertEqualsImpl(Assert.java:140)
at org.testng.Assert.assertEquals(Assert.java:122)
at org.testng.Assert.assertEquals(Assert.java:629)
at org.testng.Assert.assertEquals(Assert.java:639)
at br.com.ifood.steps.LandingSteps.deveManterBtnDesabilitadoCasoSejaDigitadoValorInvalido(LandingSteps.java:78)
at sun.reflect.NativeMethodAccessorImpl.invoke0(Native Method)
at sun.reflect.NativeMethodAccessorImpl.invoke(NativeMethodAccessorImpl.java:62)
at sun.reflect.DelegatingMethodAccessorImpl.invoke(DelegatingMethodAccessorImpl.java:43)
at java.lang.reflect.Method.invoke(Method.java:498)
at org.testng.internal.MethodInvocationHelper.invokeMethod(MethodInvocationHelper.java:133)
at org.testng.internal.TestInvoker.invokeMethod(TestInvoker.java:598)
at org.testng.internal.TestInvoker.invokeTestMethod(TestInvoker.java:173)
at org.testng.internal.MethodRunner.runInSequence(MethodRunner.java:46)
at org.testng.internal.TestInvoker$MethodInvocationAgent.invoke(TestInvoker.java:824)
at org.testng.internal.TestInvoker.invokeTestMethods(TestInvoker.java:146)
at org.testng.internal.TestMethodWorker.invokeTestMethods(TestMethodWorker.java:146)
at org.testng.internal.TestMethodWorker.run(TestMethodWorker.java:128)
at java.util.ArrayList.forEach(ArrayList.java:1259)
at org.testng.TestRunner.privateRun(TestRunner.java:794)
at org.testng.TestRunner.run(TestRunner.java:596)
at org.testng.SuiteRunner.runTest(SuiteRunner.java:377)
at org.testng.SuiteRunner.runSequentially(SuiteRunner.java:371)
at org.testng.SuiteRunner.privateRun(SuiteRunner.java:332)
at org.testng.SuiteRunner.run(SuiteRunner.java:276)
at org.testng.SuiteRunnerWorker.runSuite(SuiteRunnerWorker.java:53)
at org.testng.SuiteRunnerWorker.run(SuiteRunnerWorker.java:96)
at org.testng.TestNG.runSuitesSequentially(TestNG.java:1212)
at org.testng.TestNG.runSuitesLocally(TestNG.java:1134)
at org.testng.TestNG.runSuites(TestNG.java:1063)
at org.testng.TestNG.run(TestNG.java:1031)
at org.apache.maven.surefire.testng.TestNGExecutor.run(TestNGExecutor.java:284)
at org.apache.maven.surefire.testng.TestNGXmlTestSuite.execute(TestNGXmlTestSuite.java:75)
at org.apache.maven.surefire.testng.TestNGProvider.invoke(TestNGProvider.java:119)
at org.apache.maven.surefire.booter.ForkedBooter.runSuitesInProcess(ForkedBooter.java:428)
at org.apache.maven.surefire.booter.ForkedBooter.execute(ForkedBooter.java:162)
at org.apache.maven.surefire.booter.ForkedBooter.run(ForkedBooter.java:562)
at org.apache.maven.surefire.booter.ForkedBooter.main(ForkedBooter.java:548)
]]>
            </full-stacktrace>
          </exception> <!-- java.lang.AssertionError -->
          <reporter-output>
            <line>
              <![CDATA[<a href='C:\Users\rawad.yehia\Desktop\GIT\trabalho-final-modulo-selenium\.\ScreenShot\deveManterBtnDesabilitadoCasoSejaDigitadoValorInvalido.jpg'> <img src='C:\Users\rawad.yehia\Desktop\GIT\trabalho-final-modulo-selenium\.\ScreenShot\deveManterBtnDesabilitadoCasoSejaDigitadoValorInvalido.jpg' height='100' width='100'/> </a>]]>
            </line>
          </reporter-output>
        </test-method> <!-- deveManterBtnDesabilitadoCasoSejaDigitadoValorInvalido -->
        <test-method status="PASS" signature="fecharNavegador()[pri:0, instance:br.com.ifood.steps.LandingSteps@63a5e46c]" name="fecharNavegador" is-config="true" duration-ms="803" started-at="2022-11-12T14:46:38 GMT-03:00" finished-at="2022-11-12T14:46:39 GMT-03:00">
          <reporter-output>
          </reporter-output>
        </test-method> <!-- fecharNavegador -->
        <test-method status="PASS" signature="abrirNavegador()[pri:0, instance:br.com.ifood.steps.LandingSteps@63a5e46c]" name="abrirNavegador" is-config="true" duration-ms="5366" started-at="2022-11-12T14:46:39 GMT-03:00" finished-at="2022-11-12T14:46:44 GMT-03:00">
          <reporter-output>
          </reporter-output>
        </test-method> <!-- abrirNavegador -->
        <test-method status="PASS" signature="devePedirNumeroDoEnderecoCasoNaoSejaInformado()[pri:0, instance:br.com.ifood.steps.LandingSteps@63a5e46c]" name="devePedirNumeroDoEnderecoCasoNaoSejaInformado" duration-ms="2462" started-at="2022-11-12T14:46:44 GMT-03:00" finished-at="2022-11-12T14:46:47 GMT-03:00">
          <reporter-output>
          </reporter-output>
        </test-method> <!-- devePedirNumeroDoEnderecoCasoNaoSejaInformado -->
        <test-method status="PASS" signature="fecharNavegador()[pri:0, instance:br.com.ifood.steps.LandingSteps@63a5e46c]" name="fecharNavegador" is-config="true" duration-ms="851" started-at="2022-11-12T14:46:47 GMT-03:00" finished-at="2022-11-12T14:46:48 GMT-03:00">
          <reporter-output>
          </reporter-output>
        </test-method> <!-- fecharNavegador -->
        <test-method status="PASS" signature="abrirNavegador()[pri:0, instance:br.com.ifood.steps.LandingSteps@63a5e46c]" name="abrirNavegador" is-config="true" duration-ms="5484" started-at="2022-11-12T14:46:48 GMT-03:00" finished-at="2022-11-12T14:46:53 GMT-03:00">
          <reporter-output>
          </reporter-output>
        </test-method> <!-- abrirNavegador -->
        <test-method status="PASS" signature="deveRetornarMensagemErroAoInformarEnderecoInvalido()[pri:0, instance:br.com.ifood.steps.LandingSteps@63a5e46c]" name="deveRetornarMensagemErroAoInformarEnderecoInvalido" duration-ms="2075" started-at="2022-11-12T14:46:53 GMT-03:00" description="Teste com endereço inválido." finished-at="2022-11-12T14:46:55 GMT-03:00">
          <reporter-output>
          </reporter-output>
        </test-method> <!-- deveRetornarMensagemErroAoInformarEnderecoInvalido -->
        <test-method status="PASS" signature="fecharNavegador()[pri:0, instance:br.com.ifood.steps.LandingSteps@63a5e46c]" name="fecharNavegador" is-config="true" duration-ms="792" started-at="2022-11-12T14:46:55 GMT-03:00" finished-at="2022-11-12T14:46:56 GMT-03:00">
          <reporter-output>
          </reporter-output>
        </test-method> <!-- fecharNavegador -->
      </class> <!-- br.com.ifood.steps.LandingSteps -->
    </test> <!-- User Tests -->
  </suite> <!-- Suite -->
</testng-results>
