<?xml version="1.0" encoding="UTF-8"?>
<testng-results skipped="0" failed="1" ignored="0" total="3" passed="2">
  <reporter-output>
    <line>
      <![CDATA[<a href='C:\Users\alain\Desktop\VEMSER-QA\trabalho-final-modulo-selenium\.\ScreenShot\deveInformarEnderecoEscolhidoNavBar.jpg'> <img src='C:\Users\alain\Desktop\VEMSER-QA\trabalho-final-modulo-selenium\.\ScreenShot\deveInformarEnderecoEscolhidoNavBar.jpg' height='100' width='100'/> </a>]]>
    </line>
  </reporter-output>
  <suite name="Suite" duration-ms="19521" started-at="2022-11-11T19:19:32 BRT" finished-at="2022-11-11T19:19:51 BRT">
    <groups>
    </groups>
    <test name="User Tests" duration-ms="19521" started-at="2022-11-11T19:19:32 BRT" finished-at="2022-11-11T19:19:51 BRT">
      <class name="br.com.ifood.steps.LandingSteps">
        <test-method status="PASS" signature="abrirNavegador()[pri:0, instance:br.com.ifood.steps.LandingSteps@740abb5]" name="abrirNavegador" is-config="true" duration-ms="6018" started-at="2022-11-11T19:19:32 BRT" finished-at="2022-11-11T19:19:38 BRT">
          <reporter-output>
          </reporter-output>
        </test-method> <!-- abrirNavegador -->
        <test-method status="FAIL" signature="deveInformarEnderecoEscolhidoNavBar()[pri:0, instance:br.com.ifood.steps.LandingSteps@740abb5]" name="deveInformarEnderecoEscolhidoNavBar" duration-ms="3014" started-at="2022-11-11T19:19:38 BRT" finished-at="2022-11-11T19:19:41 BRT">
          <exception class="java.lang.AssertionError">
            <message>
              <![CDATA[expected [R. Prof. Geraldo Rosa,
588] but found [R. Uberlândia,
588]]]>
            </message>
            <full-stacktrace>
              <![CDATA[java.lang.AssertionError: expected [R. Prof. Geraldo Rosa,
588] but found [R. Uberlândia,
588]
at org.testng.Assert.fail(Assert.java:99)
at org.testng.Assert.failNotEquals(Assert.java:1037)
at org.testng.Assert.assertEqualsImpl(Assert.java:140)
at org.testng.Assert.assertEquals(Assert.java:122)
at org.testng.Assert.assertEquals(Assert.java:629)
at org.testng.Assert.assertEquals(Assert.java:639)
at br.com.ifood.steps.LandingSteps.deveInformarEnderecoEscolhidoNavBar(LandingSteps.java:22)
at sun.reflect.NativeMethodAccessorImpl.invoke0(Native Method)
at sun.reflect.NativeMethodAccessorImpl.invoke(NativeMethodAccessorImpl.java:62)
at sun.reflect.DelegatingMethodAccessorImpl.invoke(DelegatingMethodAccessorImpl.java:43)
at java.lang.reflect.Method.invoke(Method.java:498)
at org.testng.internal.MethodInvocationHelper.invokeMethod(MethodInvocationHelper.java:133)
at org.testng.internal.TestInvoker.invokeMethod(TestInvoker.java:598)
at org.testng.internal.TestInvoker.invokeTestMethod(TestInvoker.java:173)
at org.testng.internal.MethodRunner.runInSequence(MethodRunner.java:46)
at org.testng.internal.TestInvoker$MethodInvocationAgent.invoke(TestInvoker.java:824)
at org.testng.internal.TestInvoker.invokeTestMethods(TestInvoker.java:146)
at org.testng.internal.TestMethodWorker.invokeTestMethods(TestMethodWorker.java:146)
at org.testng.internal.TestMethodWorker.run(TestMethodWorker.java:128)
at java.util.ArrayList.forEach(ArrayList.java:1259)
at org.testng.TestRunner.privateRun(TestRunner.java:794)
at org.testng.TestRunner.run(TestRunner.java:596)
at org.testng.SuiteRunner.runTest(SuiteRunner.java:377)
at org.testng.SuiteRunner.runSequentially(SuiteRunner.java:371)
at org.testng.SuiteRunner.privateRun(SuiteRunner.java:332)
at org.testng.SuiteRunner.run(SuiteRunner.java:276)
at org.testng.SuiteRunnerWorker.runSuite(SuiteRunnerWorker.java:53)
at org.testng.SuiteRunnerWorker.run(SuiteRunnerWorker.java:96)
at org.testng.TestNG.runSuitesSequentially(TestNG.java:1212)
at org.testng.TestNG.runSuitesLocally(TestNG.java:1134)
at org.testng.TestNG.runSuites(TestNG.java:1063)
at org.testng.TestNG.run(TestNG.java:1031)
at org.apache.maven.surefire.testng.TestNGExecutor.run(TestNGExecutor.java:284)
at org.apache.maven.surefire.testng.TestNGXmlTestSuite.execute(TestNGXmlTestSuite.java:75)
at org.apache.maven.surefire.testng.TestNGProvider.invoke(TestNGProvider.java:119)
at org.apache.maven.surefire.booter.ForkedBooter.runSuitesInProcess(ForkedBooter.java:428)
at org.apache.maven.surefire.booter.ForkedBooter.execute(ForkedBooter.java:162)
at org.apache.maven.surefire.booter.ForkedBooter.run(ForkedBooter.java:562)
at org.apache.maven.surefire.booter.ForkedBooter.main(ForkedBooter.java:548)
]]>
            </full-stacktrace>
          </exception> <!-- java.lang.AssertionError -->
          <reporter-output>
            <line>
              <![CDATA[<a href='C:\Users\alain\Desktop\VEMSER-QA\trabalho-final-modulo-selenium\.\ScreenShot\deveInformarEnderecoEscolhidoNavBar.jpg'> <img src='C:\Users\alain\Desktop\VEMSER-QA\trabalho-final-modulo-selenium\.\ScreenShot\deveInformarEnderecoEscolhidoNavBar.jpg' height='100' width='100'/> </a>]]>
            </line>
          </reporter-output>
        </test-method> <!-- deveInformarEnderecoEscolhidoNavBar -->
        <test-method status="PASS" signature="fecharNavegador()[pri:0, instance:br.com.ifood.steps.LandingSteps@740abb5]" name="fecharNavegador" is-config="true" duration-ms="820" started-at="2022-11-11T19:19:41 BRT" finished-at="2022-11-11T19:19:42 BRT">
          <reporter-output>
          </reporter-output>
        </test-method> <!-- fecharNavegador -->
        <test-method status="PASS" signature="abrirNavegador()[pri:0, instance:br.com.ifood.steps.LandingSteps@740abb5]" name="abrirNavegador" is-config="true" duration-ms="3154" started-at="2022-11-11T19:19:42 BRT" finished-at="2022-11-11T19:19:45 BRT">
          <reporter-output>
          </reporter-output>
        </test-method> <!-- abrirNavegador -->
        <test-method status="PASS" signature="deveInformarUsuarioParaBuscarEnderecoCasoCampoEstejaVazio()[pri:0, instance:br.com.ifood.steps.LandingSteps@740abb5]" name="deveInformarUsuarioParaBuscarEnderecoCasoCampoEstejaVazio" duration-ms="46" started-at="2022-11-11T19:19:45 BRT" finished-at="2022-11-11T19:19:45 BRT">
          <reporter-output>
          </reporter-output>
        </test-method> <!-- deveInformarUsuarioParaBuscarEnderecoCasoCampoEstejaVazio -->
        <test-method status="PASS" signature="fecharNavegador()[pri:0, instance:br.com.ifood.steps.LandingSteps@740abb5]" name="fecharNavegador" is-config="true" duration-ms="673" started-at="2022-11-11T19:19:45 BRT" finished-at="2022-11-11T19:19:46 BRT">
          <reporter-output>
          </reporter-output>
        </test-method> <!-- fecharNavegador -->
        <test-method status="PASS" signature="abrirNavegador()[pri:0, instance:br.com.ifood.steps.LandingSteps@740abb5]" name="abrirNavegador" is-config="true" duration-ms="3167" started-at="2022-11-11T19:19:46 BRT" finished-at="2022-11-11T19:19:49 BRT">
          <reporter-output>
          </reporter-output>
        </test-method> <!-- abrirNavegador -->
        <test-method status="PASS" signature="deveRetornarMensagemErroAoInformarEnderecoInvalido()[pri:0, instance:br.com.ifood.steps.LandingSteps@740abb5]" name="deveRetornarMensagemErroAoInformarEnderecoInvalido" duration-ms="1395" started-at="2022-11-11T19:19:49 BRT" finished-at="2022-11-11T19:19:50 BRT">
          <reporter-output>
          </reporter-output>
        </test-method> <!-- deveRetornarMensagemErroAoInformarEnderecoInvalido -->
        <test-method status="PASS" signature="fecharNavegador()[pri:0, instance:br.com.ifood.steps.LandingSteps@740abb5]" name="fecharNavegador" is-config="true" duration-ms="687" started-at="2022-11-11T19:19:50 BRT" finished-at="2022-11-11T19:19:51 BRT">
          <reporter-output>
          </reporter-output>
        </test-method> <!-- fecharNavegador -->
      </class> <!-- br.com.ifood.steps.LandingSteps -->
    </test> <!-- User Tests -->
  </suite> <!-- Suite -->
</testng-results>
