<?xml version="1.0" encoding="UTF-8"?>
<testng-results skipped="0" failed="5" ignored="0" total="17" passed="12">
  <reporter-output>
    <line>
      <![CDATA[<a href='C:\Users\rawad.yehia\Desktop\GIT\trabalho-final-modulo-selenium\.\ScreenShot\deveManterBtnDesabilitadoCasoSejaDigitadoValorInvalido.jpg'> <img src='C:\Users\rawad.yehia\Desktop\GIT\trabalho-final-modulo-selenium\.\ScreenShot\deveManterBtnDesabilitadoCasoSejaDigitadoValorInvalido.jpg' height='100' width='100'/> </a>]]>
    </line>
    <line>
      <![CDATA[<a href='C:\Users\rawad.yehia\Desktop\GIT\trabalho-final-modulo-selenium\.\ScreenShot\testeVerificarBotaoSwipeDisabledCasoAListaAcabe.jpg'> <img src='C:\Users\rawad.yehia\Desktop\GIT\trabalho-final-modulo-selenium\.\ScreenShot\testeVerificarBotaoSwipeDisabledCasoAListaAcabe.jpg' height='100' width='100'/> </a>]]>
    </line>
    <line>
      <![CDATA[<a href='C:\Users\rawad.yehia\Desktop\GIT\trabalho-final-modulo-selenium\.\ScreenShot\testeVerificarSeListaAumentaAoClicarVerMais.jpg'> <img src='C:\Users\rawad.yehia\Desktop\GIT\trabalho-final-modulo-selenium\.\ScreenShot\testeVerificarSeListaAumentaAoClicarVerMais.jpg' height='100' width='100'/> </a>]]>
    </line>
    <line>
      <![CDATA[<a href='C:\Users\rawad.yehia\Desktop\GIT\trabalho-final-modulo-selenium\.\ScreenShot\testeDeveInformarQueOCarrinhoEstaVazio.jpg'> <img src='C:\Users\rawad.yehia\Desktop\GIT\trabalho-final-modulo-selenium\.\ScreenShot\testeDeveInformarQueOCarrinhoEstaVazio.jpg' height='100' width='100'/> </a>]]>
    </line>
    <line>
      <![CDATA[<a href='C:\Users\rawad.yehia\Desktop\GIT\trabalho-final-modulo-selenium\.\ScreenShot\testeListarProdutoOuLojaBuscada.jpg'> <img src='C:\Users\rawad.yehia\Desktop\GIT\trabalho-final-modulo-selenium\.\ScreenShot\testeListarProdutoOuLojaBuscada.jpg' height='100' width='100'/> </a>]]>
    </line>
  </reporter-output>
  <suite name="Suite" duration-ms="255416" started-at="2022-11-12T16:32:08 GMT-03:00" finished-at="2022-11-12T16:36:23 GMT-03:00">
    <groups>
    </groups>
    <test name="User Tests" duration-ms="255416" started-at="2022-11-12T16:32:08 GMT-03:00" finished-at="2022-11-12T16:36:23 GMT-03:00">
      <class name="br.com.ifood.steps.HomeSteps">
        <test-method status="PASS" signature="abrirNavegador()[pri:0, instance:br.com.ifood.steps.HomeSteps@408613cc]" name="abrirNavegador" is-config="true" duration-ms="5246" started-at="2022-11-12T16:33:06 GMT-03:00" finished-at="2022-11-12T16:33:12 GMT-03:00">
          <reporter-output>
          </reporter-output>
        </test-method> <!-- abrirNavegador -->
        <test-method status="PASS" signature="testeDeveRedirecionarParaAPaginaDaLoja()[pri:0, instance:br.com.ifood.steps.HomeSteps@408613cc]" name="testeDeveRedirecionarParaAPaginaDaLoja" duration-ms="7599" started-at="2022-11-12T16:33:12 GMT-03:00" finished-at="2022-11-12T16:33:19 GMT-03:00">
          <reporter-output>
          </reporter-output>
        </test-method> <!-- testeDeveRedirecionarParaAPaginaDaLoja -->
        <test-method status="PASS" signature="fecharNavegador()[pri:0, instance:br.com.ifood.steps.HomeSteps@408613cc]" name="fecharNavegador" is-config="true" duration-ms="1098" started-at="2022-11-12T16:33:19 GMT-03:00" finished-at="2022-11-12T16:33:20 GMT-03:00">
          <reporter-output>
          </reporter-output>
        </test-method> <!-- fecharNavegador -->
        <test-method status="PASS" signature="abrirNavegador()[pri:0, instance:br.com.ifood.steps.HomeSteps@408613cc]" name="abrirNavegador" is-config="true" duration-ms="4969" started-at="2022-11-12T16:33:20 GMT-03:00" finished-at="2022-11-12T16:33:25 GMT-03:00">
          <reporter-output>
          </reporter-output>
        </test-method> <!-- abrirNavegador -->
        <test-method status="PASS" signature="testeVerficarQuartoBannerEstaAtivo()[pri:0, instance:br.com.ifood.steps.HomeSteps@408613cc]" name="testeVerficarQuartoBannerEstaAtivo" duration-ms="6877" started-at="2022-11-12T16:33:25 GMT-03:00" finished-at="2022-11-12T16:33:32 GMT-03:00">
          <reporter-output>
          </reporter-output>
        </test-method> <!-- testeVerficarQuartoBannerEstaAtivo -->
        <test-method status="PASS" signature="fecharNavegador()[pri:0, instance:br.com.ifood.steps.HomeSteps@408613cc]" name="fecharNavegador" is-config="true" duration-ms="1227" started-at="2022-11-12T16:33:32 GMT-03:00" finished-at="2022-11-12T16:33:34 GMT-03:00">
          <reporter-output>
          </reporter-output>
        </test-method> <!-- fecharNavegador -->
        <test-method status="PASS" signature="abrirNavegador()[pri:0, instance:br.com.ifood.steps.HomeSteps@408613cc]" name="abrirNavegador" is-config="true" duration-ms="4667" started-at="2022-11-12T16:33:34 GMT-03:00" finished-at="2022-11-12T16:33:38 GMT-03:00">
          <reporter-output>
          </reporter-output>
        </test-method> <!-- abrirNavegador -->
        <test-method status="FAIL" signature="testeVerificarBotaoSwipeDisabledCasoAListaAcabe()[pri:0, instance:br.com.ifood.steps.HomeSteps@408613cc]" name="testeVerificarBotaoSwipeDisabledCasoAListaAcabe" duration-ms="12589" started-at="2022-11-12T16:33:38 GMT-03:00" finished-at="2022-11-12T16:33:51 GMT-03:00">
          <exception class="org.openqa.selenium.NoSuchElementException">
            <message>
              <![CDATA[no such element: Unable to locate element: {"method":"css selector","selector":"#__next > div:nth-child(1) > main > div > div.content-container.cardstack-home > section > article:nth-child(1) > section:nth-child(2) > ul > div > div.swiper-button-next"}
  (Session info: chrome=107.0.5304.107)
For documentation on this error, please visit: https://selenium.dev/exceptions/#no_such_element
Build info: version: '4.1.2', revision: '9a5a329c5a'
System info: host: 'DBC-000564', ip: '192.168.100.65', os.name: 'Windows 10', os.arch: 'amd64', os.version: '10.0', java.version: '1.8.0_352'
Driver info: org.openqa.selenium.chrome.ChromeDriver
Command: [2d0df0c4e9bfc3932f1d06af013302c0, findElement {using=css selector, value=#__next > div:nth-child(1) > main > div > div.content-container.cardstack-home > section > article:nth-child(1) > section:nth-child(2) > ul > div > div.swiper-button-next}]
Capabilities {acceptInsecureCerts: false, browserName: chrome, browserVersion: 107.0.5304.107, chrome: {chromedriverVersion: 107.0.5304.62 (1eec40d3a576..., userDataDir: C:\Users\RAWAD~1.YEH\AppDat...}, goog:chromeOptions: {debuggerAddress: localhost:52906}, javascriptEnabled: true, networkConnectionEnabled: false, pageLoadStrategy: normal, platform: WINDOWS, platformName: WINDOWS, proxy: Proxy(), se:cdp: ws://localhost:52906/devtoo..., se:cdpVersion: 107.0.5304.107, setWindowRect: true, strictFileInteractability: false, timeouts: {implicit: 0, pageLoad: 300000, script: 30000}, unhandledPromptBehavior: dismiss and notify, webauthn:extension:credBlob: true, webauthn:extension:largeBlob: true, webauthn:virtualAuthenticators: true}
Session ID: 2d0df0c4e9bfc3932f1d06af013302c0]]>
            </message>
            <full-stacktrace>
              <![CDATA[org.openqa.selenium.NoSuchElementException: no such element: Unable to locate element: {"method":"css selector","selector":"#__next > div:nth-child(1) > main > div > div.content-container.cardstack-home > section > article:nth-child(1) > section:nth-child(2) > ul > div > div.swiper-button-next"}
  (Session info: chrome=107.0.5304.107)
For documentation on this error, please visit: https://selenium.dev/exceptions/#no_such_element
Build info: version: '4.1.2', revision: '9a5a329c5a'
System info: host: 'DBC-000564', ip: '192.168.100.65', os.name: 'Windows 10', os.arch: 'amd64', os.version: '10.0', java.version: '1.8.0_352'
Driver info: org.openqa.selenium.chrome.ChromeDriver
Command: [2d0df0c4e9bfc3932f1d06af013302c0, findElement {using=css selector, value=#__next > div:nth-child(1) > main > div > div.content-container.cardstack-home > section > article:nth-child(1) > section:nth-child(2) > ul > div > div.swiper-button-next}]
Capabilities {acceptInsecureCerts: false, browserName: chrome, browserVersion: 107.0.5304.107, chrome: {chromedriverVersion: 107.0.5304.62 (1eec40d3a576..., userDataDir: C:\Users\RAWAD~1.YEH\AppDat...}, goog:chromeOptions: {debuggerAddress: localhost:52906}, javascriptEnabled: true, networkConnectionEnabled: false, pageLoadStrategy: normal, platform: WINDOWS, platformName: WINDOWS, proxy: Proxy(), se:cdp: ws://localhost:52906/devtoo..., se:cdpVersion: 107.0.5304.107, setWindowRect: true, strictFileInteractability: false, timeouts: {implicit: 0, pageLoad: 300000, script: 30000}, unhandledPromptBehavior: dismiss and notify, webauthn:extension:credBlob: true, webauthn:extension:largeBlob: true, webauthn:virtualAuthenticators: true}
Session ID: 2d0df0c4e9bfc3932f1d06af013302c0
at sun.reflect.NativeConstructorAccessorImpl.newInstance0(Native Method)
at sun.reflect.NativeConstructorAccessorImpl.newInstance(NativeConstructorAccessorImpl.java:62)
at sun.reflect.DelegatingConstructorAccessorImpl.newInstance(DelegatingConstructorAccessorImpl.java:45)
at java.lang.reflect.Constructor.newInstance(Constructor.java:423)
at org.openqa.selenium.remote.codec.w3c.W3CHttpResponseCodec.createException(W3CHttpResponseCodec.java:200)
at org.openqa.selenium.remote.codec.w3c.W3CHttpResponseCodec.decode(W3CHttpResponseCodec.java:133)
at org.openqa.selenium.remote.codec.w3c.W3CHttpResponseCodec.decode(W3CHttpResponseCodec.java:53)
at org.openqa.selenium.remote.HttpCommandExecutor.execute(HttpCommandExecutor.java:184)
at org.openqa.selenium.remote.service.DriverCommandExecutor.invokeExecute(DriverCommandExecutor.java:167)
at org.openqa.selenium.remote.service.DriverCommandExecutor.execute(DriverCommandExecutor.java:142)
at org.openqa.selenium.remote.RemoteWebDriver.execute(RemoteWebDriver.java:558)
at org.openqa.selenium.remote.ElementLocation$ElementFinder$2.findElement(ElementLocation.java:162)
at org.openqa.selenium.remote.ElementLocation.findElement(ElementLocation.java:60)
at org.openqa.selenium.remote.RemoteWebDriver.findElement(RemoteWebDriver.java:382)
at org.openqa.selenium.remote.RemoteWebDriver.findElement(RemoteWebDriver.java:374)
at br.com.ifood.util.Elements.element(Elements.java:12)
at br.com.ifood.pages.HomePage.retonarEstadoBotaoDireito(HomePage.java:78)
at br.com.ifood.steps.HomeSteps.testeVerificarBotaoSwipeDisabledCasoAListaAcabe(HomeSteps.java:41)
at sun.reflect.NativeMethodAccessorImpl.invoke0(Native Method)
at sun.reflect.NativeMethodAccessorImpl.invoke(NativeMethodAccessorImpl.java:62)
at sun.reflect.DelegatingMethodAccessorImpl.invoke(DelegatingMethodAccessorImpl.java:43)
at java.lang.reflect.Method.invoke(Method.java:498)
at org.testng.internal.MethodInvocationHelper.invokeMethod(MethodInvocationHelper.java:133)
at org.testng.internal.TestInvoker.invokeMethod(TestInvoker.java:598)
at org.testng.internal.TestInvoker.invokeTestMethod(TestInvoker.java:173)
at org.testng.internal.MethodRunner.runInSequence(MethodRunner.java:46)
at org.testng.internal.TestInvoker$MethodInvocationAgent.invoke(TestInvoker.java:824)
at org.testng.internal.TestInvoker.invokeTestMethods(TestInvoker.java:146)
at org.testng.internal.TestMethodWorker.invokeTestMethods(TestMethodWorker.java:146)
at org.testng.internal.TestMethodWorker.run(TestMethodWorker.java:128)
at java.util.ArrayList.forEach(ArrayList.java:1259)
at org.testng.TestRunner.privateRun(TestRunner.java:794)
at org.testng.TestRunner.run(TestRunner.java:596)
at org.testng.SuiteRunner.runTest(SuiteRunner.java:377)
at org.testng.SuiteRunner.runSequentially(SuiteRunner.java:371)
at org.testng.SuiteRunner.privateRun(SuiteRunner.java:332)
at org.testng.SuiteRunner.run(SuiteRunner.java:276)
at org.testng.SuiteRunnerWorker.runSuite(SuiteRunnerWorker.java:53)
at org.testng.SuiteRunnerWorker.run(SuiteRunnerWorker.java:96)
at org.testng.TestNG.runSuitesSequentially(TestNG.java:1212)
at org.testng.TestNG.runSuitesLocally(TestNG.java:1134)
at org.testng.TestNG.runSuites(TestNG.java:1063)
at org.testng.TestNG.run(TestNG.java:1031)
at org.apache.maven.surefire.testng.TestNGExecutor.run(TestNGExecutor.java:284)
at org.apache.maven.surefire.testng.TestNGXmlTestSuite.execute(TestNGXmlTestSuite.java:75)
at org.apache.maven.surefire.testng.TestNGProvider.invoke(TestNGProvider.java:119)
at org.apache.maven.surefire.booter.ForkedBooter.runSuitesInProcess(ForkedBooter.java:428)
at org.apache.maven.surefire.booter.ForkedBooter.execute(ForkedBooter.java:162)
at org.apache.maven.surefire.booter.ForkedBooter.run(ForkedBooter.java:562)
at org.apache.maven.surefire.booter.ForkedBooter.main(ForkedBooter.java:548)
]]>
            </full-stacktrace>
          </exception> <!-- org.openqa.selenium.NoSuchElementException -->
          <reporter-output>
            <line>
              <![CDATA[<a href='C:\Users\rawad.yehia\Desktop\GIT\trabalho-final-modulo-selenium\.\ScreenShot\testeVerificarBotaoSwipeDisabledCasoAListaAcabe.jpg'> <img src='C:\Users\rawad.yehia\Desktop\GIT\trabalho-final-modulo-selenium\.\ScreenShot\testeVerificarBotaoSwipeDisabledCasoAListaAcabe.jpg' height='100' width='100'/> </a>]]>
            </line>
          </reporter-output>
        </test-method> <!-- testeVerificarBotaoSwipeDisabledCasoAListaAcabe -->
        <test-method status="PASS" signature="fecharNavegador()[pri:0, instance:br.com.ifood.steps.HomeSteps@408613cc]" name="fecharNavegador" is-config="true" duration-ms="1256" started-at="2022-11-12T16:33:51 GMT-03:00" finished-at="2022-11-12T16:33:52 GMT-03:00">
          <reporter-output>
          </reporter-output>
        </test-method> <!-- fecharNavegador -->
        <test-method status="PASS" signature="abrirNavegador()[pri:0, instance:br.com.ifood.steps.HomeSteps@408613cc]" name="abrirNavegador" is-config="true" duration-ms="4550" started-at="2022-11-12T16:33:52 GMT-03:00" finished-at="2022-11-12T16:33:57 GMT-03:00">
          <reporter-output>
          </reporter-output>
        </test-method> <!-- abrirNavegador -->
        <test-method status="PASS" signature="testeVerificarImagemTrocaDeTamanho()[pri:0, instance:br.com.ifood.steps.HomeSteps@408613cc]" name="testeVerificarImagemTrocaDeTamanho" duration-ms="6897" started-at="2022-11-12T16:33:57 GMT-03:00" finished-at="2022-11-12T16:34:04 GMT-03:00">
          <reporter-output>
          </reporter-output>
        </test-method> <!-- testeVerificarImagemTrocaDeTamanho -->
        <test-method status="PASS" signature="fecharNavegador()[pri:0, instance:br.com.ifood.steps.HomeSteps@408613cc]" name="fecharNavegador" is-config="true" duration-ms="1199" started-at="2022-11-12T16:34:04 GMT-03:00" finished-at="2022-11-12T16:34:05 GMT-03:00">
          <reporter-output>
          </reporter-output>
        </test-method> <!-- fecharNavegador -->
        <test-method status="PASS" signature="abrirNavegador()[pri:0, instance:br.com.ifood.steps.HomeSteps@408613cc]" name="abrirNavegador" is-config="true" duration-ms="5212" started-at="2022-11-12T16:34:05 GMT-03:00" finished-at="2022-11-12T16:34:10 GMT-03:00">
          <reporter-output>
          </reporter-output>
        </test-method> <!-- abrirNavegador -->
        <test-method status="FAIL" signature="testeVerificarSeListaAumentaAoClicarVerMais()[pri:0, instance:br.com.ifood.steps.HomeSteps@408613cc]" name="testeVerificarSeListaAumentaAoClicarVerMais" duration-ms="6752" started-at="2022-11-12T16:34:10 GMT-03:00" description="Teste clicar botão &#039;Ver mais&#039; da lista Lojas." finished-at="2022-11-12T16:34:17 GMT-03:00">
          <exception class="java.lang.AssertionError">
            <message>
              <![CDATA[did not expect [20] but found [20]]]>
            </message>
            <full-stacktrace>
              <![CDATA[java.lang.AssertionError: did not expect [20] but found [20]
at org.testng.Assert.fail(Assert.java:99)
at org.testng.Assert.failEquals(Assert.java:1041)
at org.testng.Assert.assertNotEqualsImpl(Assert.java:147)
at org.testng.Assert.assertNotEquals(Assert.java:1531)
at org.testng.Assert.assertNotEquals(Assert.java:1535)
at br.com.ifood.steps.HomeSteps.testeVerificarSeListaAumentaAoClicarVerMais(HomeSteps.java:54)
at sun.reflect.NativeMethodAccessorImpl.invoke0(Native Method)
at sun.reflect.NativeMethodAccessorImpl.invoke(NativeMethodAccessorImpl.java:62)
at sun.reflect.DelegatingMethodAccessorImpl.invoke(DelegatingMethodAccessorImpl.java:43)
at java.lang.reflect.Method.invoke(Method.java:498)
at org.testng.internal.MethodInvocationHelper.invokeMethod(MethodInvocationHelper.java:133)
at org.testng.internal.TestInvoker.invokeMethod(TestInvoker.java:598)
at org.testng.internal.TestInvoker.invokeTestMethod(TestInvoker.java:173)
at org.testng.internal.MethodRunner.runInSequence(MethodRunner.java:46)
at org.testng.internal.TestInvoker$MethodInvocationAgent.invoke(TestInvoker.java:824)
at org.testng.internal.TestInvoker.invokeTestMethods(TestInvoker.java:146)
at org.testng.internal.TestMethodWorker.invokeTestMethods(TestMethodWorker.java:146)
at org.testng.internal.TestMethodWorker.run(TestMethodWorker.java:128)
at java.util.ArrayList.forEach(ArrayList.java:1259)
at org.testng.TestRunner.privateRun(TestRunner.java:794)
at org.testng.TestRunner.run(TestRunner.java:596)
at org.testng.SuiteRunner.runTest(SuiteRunner.java:377)
at org.testng.SuiteRunner.runSequentially(SuiteRunner.java:371)
at org.testng.SuiteRunner.privateRun(SuiteRunner.java:332)
at org.testng.SuiteRunner.run(SuiteRunner.java:276)
at org.testng.SuiteRunnerWorker.runSuite(SuiteRunnerWorker.java:53)
at org.testng.SuiteRunnerWorker.run(SuiteRunnerWorker.java:96)
at org.testng.TestNG.runSuitesSequentially(TestNG.java:1212)
at org.testng.TestNG.runSuitesLocally(TestNG.java:1134)
at org.testng.TestNG.runSuites(TestNG.java:1063)
at org.testng.TestNG.run(TestNG.java:1031)
at org.apache.maven.surefire.testng.TestNGExecutor.run(TestNGExecutor.java:284)
at org.apache.maven.surefire.testng.TestNGXmlTestSuite.execute(TestNGXmlTestSuite.java:75)
at org.apache.maven.surefire.testng.TestNGProvider.invoke(TestNGProvider.java:119)
at org.apache.maven.surefire.booter.ForkedBooter.runSuitesInProcess(ForkedBooter.java:428)
at org.apache.maven.surefire.booter.ForkedBooter.execute(ForkedBooter.java:162)
at org.apache.maven.surefire.booter.ForkedBooter.run(ForkedBooter.java:562)
at org.apache.maven.surefire.booter.ForkedBooter.main(ForkedBooter.java:548)
]]>
            </full-stacktrace>
          </exception> <!-- java.lang.AssertionError -->
          <reporter-output>
            <line>
              <![CDATA[<a href='C:\Users\rawad.yehia\Desktop\GIT\trabalho-final-modulo-selenium\.\ScreenShot\testeVerificarSeListaAumentaAoClicarVerMais.jpg'> <img src='C:\Users\rawad.yehia\Desktop\GIT\trabalho-final-modulo-selenium\.\ScreenShot\testeVerificarSeListaAumentaAoClicarVerMais.jpg' height='100' width='100'/> </a>]]>
            </line>
          </reporter-output>
        </test-method> <!-- testeVerificarSeListaAumentaAoClicarVerMais -->
        <test-method status="PASS" signature="fecharNavegador()[pri:0, instance:br.com.ifood.steps.HomeSteps@408613cc]" name="fecharNavegador" is-config="true" duration-ms="1104" started-at="2022-11-12T16:34:17 GMT-03:00" finished-at="2022-11-12T16:34:18 GMT-03:00">
          <reporter-output>
          </reporter-output>
        </test-method> <!-- fecharNavegador -->
      </class> <!-- br.com.ifood.steps.HomeSteps -->
      <class name="br.com.ifood.steps.NavbarSteps">
        <test-method status="PASS" signature="abrirNavegador()[pri:0, instance:br.com.ifood.steps.NavbarSteps@91c4a3f]" name="abrirNavegador" is-config="true" duration-ms="4452" started-at="2022-11-12T16:34:18 GMT-03:00" finished-at="2022-11-12T16:34:23 GMT-03:00">
          <reporter-output>
          </reporter-output>
        </test-method> <!-- abrirNavegador -->
        <test-method status="PASS" signature="testeDeveAdicionarItemAoCarrinho()[pri:0, instance:br.com.ifood.steps.NavbarSteps@91c4a3f]" name="testeDeveAdicionarItemAoCarrinho" duration-ms="26266" started-at="2022-11-12T16:34:23 GMT-03:00" finished-at="2022-11-12T16:34:49 GMT-03:00">
          <reporter-output>
          </reporter-output>
        </test-method> <!-- testeDeveAdicionarItemAoCarrinho -->
        <test-method status="PASS" signature="fecharNavegador()[pri:0, instance:br.com.ifood.steps.NavbarSteps@91c4a3f]" name="fecharNavegador" is-config="true" duration-ms="1205" started-at="2022-11-12T16:34:49 GMT-03:00" finished-at="2022-11-12T16:34:50 GMT-03:00">
          <reporter-output>
          </reporter-output>
        </test-method> <!-- fecharNavegador -->
        <test-method status="PASS" signature="abrirNavegador()[pri:0, instance:br.com.ifood.steps.NavbarSteps@91c4a3f]" name="abrirNavegador" is-config="true" duration-ms="4814" started-at="2022-11-12T16:34:50 GMT-03:00" finished-at="2022-11-12T16:34:55 GMT-03:00">
          <reporter-output>
          </reporter-output>
        </test-method> <!-- abrirNavegador -->
        <test-method status="PASS" signature="testeDeveInformarErroCasoDigiteCupomInvalido()[pri:0, instance:br.com.ifood.steps.NavbarSteps@91c4a3f]" name="testeDeveInformarErroCasoDigiteCupomInvalido" duration-ms="26449" started-at="2022-11-12T16:34:55 GMT-03:00" finished-at="2022-11-12T16:35:21 GMT-03:00">
          <reporter-output>
          </reporter-output>
        </test-method> <!-- testeDeveInformarErroCasoDigiteCupomInvalido -->
        <test-method status="PASS" signature="fecharNavegador()[pri:0, instance:br.com.ifood.steps.NavbarSteps@91c4a3f]" name="fecharNavegador" is-config="true" duration-ms="1463" started-at="2022-11-12T16:35:21 GMT-03:00" finished-at="2022-11-12T16:35:23 GMT-03:00">
          <reporter-output>
          </reporter-output>
        </test-method> <!-- fecharNavegador -->
        <test-method status="PASS" signature="abrirNavegador()[pri:0, instance:br.com.ifood.steps.NavbarSteps@91c4a3f]" name="abrirNavegador" is-config="true" duration-ms="4740" started-at="2022-11-12T16:35:23 GMT-03:00" finished-at="2022-11-12T16:35:28 GMT-03:00">
          <reporter-output>
          </reporter-output>
        </test-method> <!-- abrirNavegador -->
        <test-method status="FAIL" signature="testeDeveInformarQueOCarrinhoEstaVazio()[pri:0, instance:br.com.ifood.steps.NavbarSteps@91c4a3f]" name="testeDeveInformarQueOCarrinhoEstaVazio" duration-ms="3906" started-at="2022-11-12T16:35:28 GMT-03:00" finished-at="2022-11-12T16:35:31 GMT-03:00">
          <exception class="java.lang.AssertionError">
            <message>
              <![CDATA[expected [] but found [Sua sacola está vazia]]]>
            </message>
            <full-stacktrace>
              <![CDATA[java.lang.AssertionError: expected [] but found [Sua sacola está vazia]
at org.testng.Assert.fail(Assert.java:99)
at org.testng.Assert.failNotEquals(Assert.java:1037)
at org.testng.Assert.assertEqualsImpl(Assert.java:140)
at org.testng.Assert.assertEquals(Assert.java:122)
at org.testng.Assert.assertEquals(Assert.java:629)
at org.testng.Assert.assertEquals(Assert.java:639)
at br.com.ifood.steps.NavbarSteps.testeDeveInformarQueOCarrinhoEstaVazio(NavbarSteps.java:69)
at sun.reflect.NativeMethodAccessorImpl.invoke0(Native Method)
at sun.reflect.NativeMethodAccessorImpl.invoke(NativeMethodAccessorImpl.java:62)
at sun.reflect.DelegatingMethodAccessorImpl.invoke(DelegatingMethodAccessorImpl.java:43)
at java.lang.reflect.Method.invoke(Method.java:498)
at org.testng.internal.MethodInvocationHelper.invokeMethod(MethodInvocationHelper.java:133)
at org.testng.internal.TestInvoker.invokeMethod(TestInvoker.java:598)
at org.testng.internal.TestInvoker.invokeTestMethod(TestInvoker.java:173)
at org.testng.internal.MethodRunner.runInSequence(MethodRunner.java:46)
at org.testng.internal.TestInvoker$MethodInvocationAgent.invoke(TestInvoker.java:824)
at org.testng.internal.TestInvoker.invokeTestMethods(TestInvoker.java:146)
at org.testng.internal.TestMethodWorker.invokeTestMethods(TestMethodWorker.java:146)
at org.testng.internal.TestMethodWorker.run(TestMethodWorker.java:128)
at java.util.ArrayList.forEach(ArrayList.java:1259)
at org.testng.TestRunner.privateRun(TestRunner.java:794)
at org.testng.TestRunner.run(TestRunner.java:596)
at org.testng.SuiteRunner.runTest(SuiteRunner.java:377)
at org.testng.SuiteRunner.runSequentially(SuiteRunner.java:371)
at org.testng.SuiteRunner.privateRun(SuiteRunner.java:332)
at org.testng.SuiteRunner.run(SuiteRunner.java:276)
at org.testng.SuiteRunnerWorker.runSuite(SuiteRunnerWorker.java:53)
at org.testng.SuiteRunnerWorker.run(SuiteRunnerWorker.java:96)
at org.testng.TestNG.runSuitesSequentially(TestNG.java:1212)
at org.testng.TestNG.runSuitesLocally(TestNG.java:1134)
at org.testng.TestNG.runSuites(TestNG.java:1063)
at org.testng.TestNG.run(TestNG.java:1031)
at org.apache.maven.surefire.testng.TestNGExecutor.run(TestNGExecutor.java:284)
at org.apache.maven.surefire.testng.TestNGXmlTestSuite.execute(TestNGXmlTestSuite.java:75)
at org.apache.maven.surefire.testng.TestNGProvider.invoke(TestNGProvider.java:119)
at org.apache.maven.surefire.booter.ForkedBooter.runSuitesInProcess(ForkedBooter.java:428)
at org.apache.maven.surefire.booter.ForkedBooter.execute(ForkedBooter.java:162)
at org.apache.maven.surefire.booter.ForkedBooter.run(ForkedBooter.java:562)
at org.apache.maven.surefire.booter.ForkedBooter.main(ForkedBooter.java:548)
]]>
            </full-stacktrace>
          </exception> <!-- java.lang.AssertionError -->
          <reporter-output>
            <line>
              <![CDATA[<a href='C:\Users\rawad.yehia\Desktop\GIT\trabalho-final-modulo-selenium\.\ScreenShot\testeDeveInformarQueOCarrinhoEstaVazio.jpg'> <img src='C:\Users\rawad.yehia\Desktop\GIT\trabalho-final-modulo-selenium\.\ScreenShot\testeDeveInformarQueOCarrinhoEstaVazio.jpg' height='100' width='100'/> </a>]]>
            </line>
          </reporter-output>
        </test-method> <!-- testeDeveInformarQueOCarrinhoEstaVazio -->
        <test-method status="PASS" signature="fecharNavegador()[pri:0, instance:br.com.ifood.steps.NavbarSteps@91c4a3f]" name="fecharNavegador" is-config="true" duration-ms="976" started-at="2022-11-12T16:35:32 GMT-03:00" finished-at="2022-11-12T16:35:33 GMT-03:00">
          <reporter-output>
          </reporter-output>
        </test-method> <!-- fecharNavegador -->
        <test-method status="PASS" signature="abrirNavegador()[pri:0, instance:br.com.ifood.steps.NavbarSteps@91c4a3f]" name="abrirNavegador" is-config="true" duration-ms="5728" started-at="2022-11-12T16:35:33 GMT-03:00" finished-at="2022-11-12T16:35:38 GMT-03:00">
          <reporter-output>
          </reporter-output>
        </test-method> <!-- abrirNavegador -->
        <test-method status="PASS" signature="testeDeveRemoverProdutoDoCarrinhoComSucesso()[pri:0, instance:br.com.ifood.steps.NavbarSteps@91c4a3f]" name="testeDeveRemoverProdutoDoCarrinhoComSucesso" duration-ms="22188" started-at="2022-11-12T16:35:38 GMT-03:00" finished-at="2022-11-12T16:36:01 GMT-03:00">
          <reporter-output>
          </reporter-output>
        </test-method> <!-- testeDeveRemoverProdutoDoCarrinhoComSucesso -->
        <test-method status="PASS" signature="fecharNavegador()[pri:0, instance:br.com.ifood.steps.NavbarSteps@91c4a3f]" name="fecharNavegador" is-config="true" duration-ms="1322" started-at="2022-11-12T16:36:01 GMT-03:00" finished-at="2022-11-12T16:36:02 GMT-03:00">
          <reporter-output>
          </reporter-output>
        </test-method> <!-- fecharNavegador -->
        <test-method status="PASS" signature="abrirNavegador()[pri:0, instance:br.com.ifood.steps.NavbarSteps@91c4a3f]" name="abrirNavegador" is-config="true" duration-ms="4252" started-at="2022-11-12T16:36:02 GMT-03:00" finished-at="2022-11-12T16:36:06 GMT-03:00">
          <reporter-output>
          </reporter-output>
        </test-method> <!-- abrirNavegador -->
        <test-method status="PASS" signature="testeDeveRetornarProdutoNaoEncontrado()[pri:0, instance:br.com.ifood.steps.NavbarSteps@91c4a3f]" name="testeDeveRetornarProdutoNaoEncontrado" duration-ms="6274" started-at="2022-11-12T16:36:06 GMT-03:00" finished-at="2022-11-12T16:36:12 GMT-03:00">
          <reporter-output>
          </reporter-output>
        </test-method> <!-- testeDeveRetornarProdutoNaoEncontrado -->
        <test-method status="PASS" signature="fecharNavegador()[pri:0, instance:br.com.ifood.steps.NavbarSteps@91c4a3f]" name="fecharNavegador" is-config="true" duration-ms="955" started-at="2022-11-12T16:36:12 GMT-03:00" finished-at="2022-11-12T16:36:13 GMT-03:00">
          <reporter-output>
          </reporter-output>
        </test-method> <!-- fecharNavegador -->
        <test-method status="PASS" signature="abrirNavegador()[pri:0, instance:br.com.ifood.steps.NavbarSteps@91c4a3f]" name="abrirNavegador" is-config="true" duration-ms="4607" started-at="2022-11-12T16:36:13 GMT-03:00" finished-at="2022-11-12T16:36:18 GMT-03:00">
          <reporter-output>
          </reporter-output>
        </test-method> <!-- abrirNavegador -->
        <test-method status="FAIL" signature="testeListarProdutoOuLojaBuscada()[pri:0, instance:br.com.ifood.steps.NavbarSteps@91c4a3f]" name="testeListarProdutoOuLojaBuscada" duration-ms="4006" started-at="2022-11-12T16:36:18 GMT-03:00" finished-at="2022-11-12T16:36:22 GMT-03:00">
          <exception class="java.lang.AssertionError">
            <message>
              <![CDATA[expected [https://www.ifood.com.br/busca?q=cerveja] but found [https://www.ifood.com.br/inicio]]]>
            </message>
            <full-stacktrace>
              <![CDATA[java.lang.AssertionError: expected [https://www.ifood.com.br/busca?q=cerveja] but found [https://www.ifood.com.br/inicio]
at org.testng.Assert.fail(Assert.java:99)
at org.testng.Assert.failNotEquals(Assert.java:1037)
at org.testng.Assert.assertEqualsImpl(Assert.java:140)
at org.testng.Assert.assertEquals(Assert.java:122)
at org.testng.Assert.assertEquals(Assert.java:629)
at org.testng.Assert.assertEquals(Assert.java:639)
at br.com.ifood.steps.NavbarSteps.testeListarProdutoOuLojaBuscada(NavbarSteps.java:28)
at sun.reflect.NativeMethodAccessorImpl.invoke0(Native Method)
at sun.reflect.NativeMethodAccessorImpl.invoke(NativeMethodAccessorImpl.java:62)
at sun.reflect.DelegatingMethodAccessorImpl.invoke(DelegatingMethodAccessorImpl.java:43)
at java.lang.reflect.Method.invoke(Method.java:498)
at org.testng.internal.MethodInvocationHelper.invokeMethod(MethodInvocationHelper.java:133)
at org.testng.internal.TestInvoker.invokeMethod(TestInvoker.java:598)
at org.testng.internal.TestInvoker.invokeTestMethod(TestInvoker.java:173)
at org.testng.internal.MethodRunner.runInSequence(MethodRunner.java:46)
at org.testng.internal.TestInvoker$MethodInvocationAgent.invoke(TestInvoker.java:824)
at org.testng.internal.TestInvoker.invokeTestMethods(TestInvoker.java:146)
at org.testng.internal.TestMethodWorker.invokeTestMethods(TestMethodWorker.java:146)
at org.testng.internal.TestMethodWorker.run(TestMethodWorker.java:128)
at java.util.ArrayList.forEach(ArrayList.java:1259)
at org.testng.TestRunner.privateRun(TestRunner.java:794)
at org.testng.TestRunner.run(TestRunner.java:596)
at org.testng.SuiteRunner.runTest(SuiteRunner.java:377)
at org.testng.SuiteRunner.runSequentially(SuiteRunner.java:371)
at org.testng.SuiteRunner.privateRun(SuiteRunner.java:332)
at org.testng.SuiteRunner.run(SuiteRunner.java:276)
at org.testng.SuiteRunnerWorker.runSuite(SuiteRunnerWorker.java:53)
at org.testng.SuiteRunnerWorker.run(SuiteRunnerWorker.java:96)
at org.testng.TestNG.runSuitesSequentially(TestNG.java:1212)
at org.testng.TestNG.runSuitesLocally(TestNG.java:1134)
at org.testng.TestNG.runSuites(TestNG.java:1063)
at org.testng.TestNG.run(TestNG.java:1031)
at org.apache.maven.surefire.testng.TestNGExecutor.run(TestNGExecutor.java:284)
at org.apache.maven.surefire.testng.TestNGXmlTestSuite.execute(TestNGXmlTestSuite.java:75)
at org.apache.maven.surefire.testng.TestNGProvider.invoke(TestNGProvider.java:119)
at org.apache.maven.surefire.booter.ForkedBooter.runSuitesInProcess(ForkedBooter.java:428)
at org.apache.maven.surefire.booter.ForkedBooter.execute(ForkedBooter.java:162)
at org.apache.maven.surefire.booter.ForkedBooter.run(ForkedBooter.java:562)
at org.apache.maven.surefire.booter.ForkedBooter.main(ForkedBooter.java:548)
]]>
            </full-stacktrace>
          </exception> <!-- java.lang.AssertionError -->
          <reporter-output>
            <line>
              <![CDATA[<a href='C:\Users\rawad.yehia\Desktop\GIT\trabalho-final-modulo-selenium\.\ScreenShot\testeListarProdutoOuLojaBuscada.jpg'> <img src='C:\Users\rawad.yehia\Desktop\GIT\trabalho-final-modulo-selenium\.\ScreenShot\testeListarProdutoOuLojaBuscada.jpg' height='100' width='100'/> </a>]]>
            </line>
          </reporter-output>
        </test-method> <!-- testeListarProdutoOuLojaBuscada -->
        <test-method status="PASS" signature="fecharNavegador()[pri:0, instance:br.com.ifood.steps.NavbarSteps@91c4a3f]" name="fecharNavegador" is-config="true" duration-ms="1005" started-at="2022-11-12T16:36:22 GMT-03:00" finished-at="2022-11-12T16:36:23 GMT-03:00">
          <reporter-output>
          </reporter-output>
        </test-method> <!-- fecharNavegador -->
      </class> <!-- br.com.ifood.steps.NavbarSteps -->
      <class name="br.com.ifood.steps.LandingSteps">
        <test-method status="PASS" signature="abrirNavegador()[pri:0, instance:br.com.ifood.steps.LandingSteps@595f4da5]" name="abrirNavegador" is-config="true" duration-ms="11303" started-at="2022-11-12T16:32:08 GMT-03:00" finished-at="2022-11-12T16:32:19 GMT-03:00">
          <reporter-output>
          </reporter-output>
        </test-method> <!-- abrirNavegador -->
        <test-method status="PASS" signature="deveDesabilitarBtnSalvarEnderecoCasoNumeroNaoSejaInformado()[pri:0, instance:br.com.ifood.steps.LandingSteps@595f4da5]" name="deveDesabilitarBtnSalvarEnderecoCasoNumeroNaoSejaInformado" duration-ms="2734" started-at="2022-11-12T16:32:20 GMT-03:00" description="Teste botão &#039;salvar endereço&#039; desabilitado." finished-at="2022-11-12T16:32:23 GMT-03:00">
          <reporter-output>
          </reporter-output>
        </test-method> <!-- deveDesabilitarBtnSalvarEnderecoCasoNumeroNaoSejaInformado -->
        <test-method status="PASS" signature="fecharNavegador()[pri:0, instance:br.com.ifood.steps.LandingSteps@595f4da5]" name="fecharNavegador" is-config="true" duration-ms="843" started-at="2022-11-12T16:32:23 GMT-03:00" finished-at="2022-11-12T16:32:24 GMT-03:00">
          <reporter-output>
          </reporter-output>
        </test-method> <!-- fecharNavegador -->
        <test-method status="PASS" signature="abrirNavegador()[pri:0, instance:br.com.ifood.steps.LandingSteps@595f4da5]" name="abrirNavegador" is-config="true" duration-ms="6441" started-at="2022-11-12T16:32:24 GMT-03:00" finished-at="2022-11-12T16:32:30 GMT-03:00">
          <reporter-output>
          </reporter-output>
        </test-method> <!-- abrirNavegador -->
        <test-method status="PASS" signature="deveInformarEnderecoEscolhidoNavBar()[pri:0, instance:br.com.ifood.steps.LandingSteps@595f4da5]" name="deveInformarEnderecoEscolhidoNavBar" duration-ms="4190" started-at="2022-11-12T16:32:30 GMT-03:00" description="Teste com endereço válido." finished-at="2022-11-12T16:32:34 GMT-03:00">
          <reporter-output>
          </reporter-output>
        </test-method> <!-- deveInformarEnderecoEscolhidoNavBar -->
        <test-method status="PASS" signature="fecharNavegador()[pri:0, instance:br.com.ifood.steps.LandingSteps@595f4da5]" name="fecharNavegador" is-config="true" duration-ms="890" started-at="2022-11-12T16:32:34 GMT-03:00" finished-at="2022-11-12T16:32:35 GMT-03:00">
          <reporter-output>
          </reporter-output>
        </test-method> <!-- fecharNavegador -->
        <test-method status="PASS" signature="abrirNavegador()[pri:0, instance:br.com.ifood.steps.LandingSteps@595f4da5]" name="abrirNavegador" is-config="true" duration-ms="4760" started-at="2022-11-12T16:32:35 GMT-03:00" finished-at="2022-11-12T16:32:40 GMT-03:00">
          <reporter-output>
          </reporter-output>
        </test-method> <!-- abrirNavegador -->
        <test-method status="PASS" signature="deveInformarUsuarioParaBuscarEnderecoCasoCampoEstejaVazio()[pri:0, instance:br.com.ifood.steps.LandingSteps@595f4da5]" name="deveInformarUsuarioParaBuscarEnderecoCasoCampoEstejaVazio" duration-ms="70" started-at="2022-11-12T16:32:40 GMT-03:00" finished-at="2022-11-12T16:32:40 GMT-03:00">
          <reporter-output>
          </reporter-output>
        </test-method> <!-- deveInformarUsuarioParaBuscarEnderecoCasoCampoEstejaVazio -->
        <test-method status="PASS" signature="fecharNavegador()[pri:0, instance:br.com.ifood.steps.LandingSteps@595f4da5]" name="fecharNavegador" is-config="true" duration-ms="828" started-at="2022-11-12T16:32:40 GMT-03:00" finished-at="2022-11-12T16:32:41 GMT-03:00">
          <reporter-output>
          </reporter-output>
        </test-method> <!-- fecharNavegador -->
        <test-method status="PASS" signature="abrirNavegador()[pri:0, instance:br.com.ifood.steps.LandingSteps@595f4da5]" name="abrirNavegador" is-config="true" duration-ms="5323" started-at="2022-11-12T16:32:41 GMT-03:00" finished-at="2022-11-12T16:32:46 GMT-03:00">
          <reporter-output>
          </reporter-output>
        </test-method> <!-- abrirNavegador -->
        <test-method status="FAIL" signature="deveManterBtnDesabilitadoCasoSejaDigitadoValorInvalido()[pri:0, instance:br.com.ifood.steps.LandingSteps@595f4da5]" name="deveManterBtnDesabilitadoCasoSejaDigitadoValorInvalido" duration-ms="2955" started-at="2022-11-12T16:32:46 GMT-03:00" description="Teste preencher número de endereço com valor inválido." finished-at="2022-11-12T16:32:49 GMT-03:00">
          <exception class="java.lang.AssertionError">
            <message>
              <![CDATA[expected [true] but found [null]]]>
            </message>
            <full-stacktrace>
              <![CDATA[java.lang.AssertionError: expected [true] but found [null]
at org.testng.Assert.fail(Assert.java:99)
at org.testng.Assert.failNotEquals(Assert.java:1037)
at org.testng.Assert.assertEqualsImpl(Assert.java:140)
at org.testng.Assert.assertEquals(Assert.java:122)
at org.testng.Assert.assertEquals(Assert.java:629)
at org.testng.Assert.assertEquals(Assert.java:639)
at br.com.ifood.steps.LandingSteps.deveManterBtnDesabilitadoCasoSejaDigitadoValorInvalido(LandingSteps.java:80)
at sun.reflect.NativeMethodAccessorImpl.invoke0(Native Method)
at sun.reflect.NativeMethodAccessorImpl.invoke(NativeMethodAccessorImpl.java:62)
at sun.reflect.DelegatingMethodAccessorImpl.invoke(DelegatingMethodAccessorImpl.java:43)
at java.lang.reflect.Method.invoke(Method.java:498)
at org.testng.internal.MethodInvocationHelper.invokeMethod(MethodInvocationHelper.java:133)
at org.testng.internal.TestInvoker.invokeMethod(TestInvoker.java:598)
at org.testng.internal.TestInvoker.invokeTestMethod(TestInvoker.java:173)
at org.testng.internal.MethodRunner.runInSequence(MethodRunner.java:46)
at org.testng.internal.TestInvoker$MethodInvocationAgent.invoke(TestInvoker.java:824)
at org.testng.internal.TestInvoker.invokeTestMethods(TestInvoker.java:146)
at org.testng.internal.TestMethodWorker.invokeTestMethods(TestMethodWorker.java:146)
at org.testng.internal.TestMethodWorker.run(TestMethodWorker.java:128)
at java.util.ArrayList.forEach(ArrayList.java:1259)
at org.testng.TestRunner.privateRun(TestRunner.java:794)
at org.testng.TestRunner.run(TestRunner.java:596)
at org.testng.SuiteRunner.runTest(SuiteRunner.java:377)
at org.testng.SuiteRunner.runSequentially(SuiteRunner.java:371)
at org.testng.SuiteRunner.privateRun(SuiteRunner.java:332)
at org.testng.SuiteRunner.run(SuiteRunner.java:276)
at org.testng.SuiteRunnerWorker.runSuite(SuiteRunnerWorker.java:53)
at org.testng.SuiteRunnerWorker.run(SuiteRunnerWorker.java:96)
at org.testng.TestNG.runSuitesSequentially(TestNG.java:1212)
at org.testng.TestNG.runSuitesLocally(TestNG.java:1134)
at org.testng.TestNG.runSuites(TestNG.java:1063)
at org.testng.TestNG.run(TestNG.java:1031)
at org.apache.maven.surefire.testng.TestNGExecutor.run(TestNGExecutor.java:284)
at org.apache.maven.surefire.testng.TestNGXmlTestSuite.execute(TestNGXmlTestSuite.java:75)
at org.apache.maven.surefire.testng.TestNGProvider.invoke(TestNGProvider.java:119)
at org.apache.maven.surefire.booter.ForkedBooter.runSuitesInProcess(ForkedBooter.java:428)
at org.apache.maven.surefire.booter.ForkedBooter.execute(ForkedBooter.java:162)
at org.apache.maven.surefire.booter.ForkedBooter.run(ForkedBooter.java:562)
at org.apache.maven.surefire.booter.ForkedBooter.main(ForkedBooter.java:548)
]]>
            </full-stacktrace>
          </exception> <!-- java.lang.AssertionError -->
          <reporter-output>
            <line>
              <![CDATA[<a href='C:\Users\rawad.yehia\Desktop\GIT\trabalho-final-modulo-selenium\.\ScreenShot\deveManterBtnDesabilitadoCasoSejaDigitadoValorInvalido.jpg'> <img src='C:\Users\rawad.yehia\Desktop\GIT\trabalho-final-modulo-selenium\.\ScreenShot\deveManterBtnDesabilitadoCasoSejaDigitadoValorInvalido.jpg' height='100' width='100'/> </a>]]>
            </line>
          </reporter-output>
        </test-method> <!-- deveManterBtnDesabilitadoCasoSejaDigitadoValorInvalido -->
        <test-method status="PASS" signature="fecharNavegador()[pri:0, instance:br.com.ifood.steps.LandingSteps@595f4da5]" name="fecharNavegador" is-config="true" duration-ms="877" started-at="2022-11-12T16:32:50 GMT-03:00" finished-at="2022-11-12T16:32:50 GMT-03:00">
          <reporter-output>
          </reporter-output>
        </test-method> <!-- fecharNavegador -->
        <test-method status="PASS" signature="abrirNavegador()[pri:0, instance:br.com.ifood.steps.LandingSteps@595f4da5]" name="abrirNavegador" is-config="true" duration-ms="5228" started-at="2022-11-12T16:32:50 GMT-03:00" finished-at="2022-11-12T16:32:56 GMT-03:00">
          <reporter-output>
          </reporter-output>
        </test-method> <!-- abrirNavegador -->
        <test-method status="PASS" signature="devePedirNumeroDoEnderecoCasoNaoSejaInformado()[pri:0, instance:br.com.ifood.steps.LandingSteps@595f4da5]" name="devePedirNumeroDoEnderecoCasoNaoSejaInformado" duration-ms="2412" started-at="2022-11-12T16:32:56 GMT-03:00" description="Teste com endereço sem informar número." finished-at="2022-11-12T16:32:58 GMT-03:00">
          <reporter-output>
          </reporter-output>
        </test-method> <!-- devePedirNumeroDoEnderecoCasoNaoSejaInformado -->
        <test-method status="PASS" signature="fecharNavegador()[pri:0, instance:br.com.ifood.steps.LandingSteps@595f4da5]" name="fecharNavegador" is-config="true" duration-ms="874" started-at="2022-11-12T16:32:58 GMT-03:00" finished-at="2022-11-12T16:32:59 GMT-03:00">
          <reporter-output>
          </reporter-output>
        </test-method> <!-- fecharNavegador -->
        <test-method status="PASS" signature="abrirNavegador()[pri:0, instance:br.com.ifood.steps.LandingSteps@595f4da5]" name="abrirNavegador" is-config="true" duration-ms="4859" started-at="2022-11-12T16:32:59 GMT-03:00" finished-at="2022-11-12T16:33:04 GMT-03:00">
          <reporter-output>
          </reporter-output>
        </test-method> <!-- abrirNavegador -->
        <test-method status="PASS" signature="deveRetornarMensagemErroAoInformarEnderecoInvalido()[pri:0, instance:br.com.ifood.steps.LandingSteps@595f4da5]" name="deveRetornarMensagemErroAoInformarEnderecoInvalido" duration-ms="1798" started-at="2022-11-12T16:33:04 GMT-03:00" description="Teste com endereço inválido." finished-at="2022-11-12T16:33:06 GMT-03:00">
          <reporter-output>
          </reporter-output>
        </test-method> <!-- deveRetornarMensagemErroAoInformarEnderecoInvalido -->
        <test-method status="PASS" signature="fecharNavegador()[pri:0, instance:br.com.ifood.steps.LandingSteps@595f4da5]" name="fecharNavegador" is-config="true" duration-ms="843" started-at="2022-11-12T16:33:06 GMT-03:00" finished-at="2022-11-12T16:33:06 GMT-03:00">
          <reporter-output>
          </reporter-output>
        </test-method> <!-- fecharNavegador -->
      </class> <!-- br.com.ifood.steps.LandingSteps -->
    </test> <!-- User Tests -->
  </suite> <!-- Suite -->
</testng-results>
