-------------------------------------------------------------------------------
Test set: TestSuite
-------------------------------------------------------------------------------
Tests run: 15, Failures: 3, Errors: 0, Skipped: 0, Time elapsed: 217.147 s <<< FAILURE! - in TestSuite
br.com.ifood.steps.LandingSteps.deveManterBtnDesabilitadoCasoSejaDigitadoValorInvalido  Time elapsed: 2.767 s  <<< FAILURE!
java.lang.AssertionError: expected [null] but found [true]
	at br.com.ifood.steps.LandingSteps.deveManterBtnDesabilitadoCasoSejaDigitadoValorInvalido(LandingSteps.java:78)

br.com.ifood.steps.HomeSteps.testeVerificarSeListaAumentaAoClicarVerMais  Time elapsed: 6.663 s  <<< FAILURE!
java.lang.AssertionError: did not expect [20] but found [20]
	at br.com.ifood.steps.HomeSteps.testeVerificarSeListaAumentaAoClicarVerMais(HomeSteps.java:52)

br.com.ifood.steps.NavbarSteps.testeDeveAdicionarItemAoCarrinho  Time elapsed: 24.209 s  <<< FAILURE!
java.lang.AssertionError: expected [1x Cerveja de Trigo Hoegaarden 330ml] but found []
	at br.com.ifood.steps.NavbarSteps.testeDeveAdicionarItemAoCarrinho(NavbarSteps.java:61)

